2025-07-08 16:35:25 - telegram_bot - INFO - Проверка переменных окружения успешно пройдена
2025-07-08 16:35:25 - telegram_bot - INFO - Инициализация базы данных...
2025-07-08 16:35:25 - telegram_bot - INFO - Обновление прав доступа для ролей...
2025-07-08 16:35:25 - telegram_bot - INFO - Право create_tests удалено у роли 2
2025-07-08 16:35:25 - telegram_bot - INFO - Право edit_tests удалено у роли 2
2025-07-08 16:35:25 - telegram_bot - INFO - Удалены права create_tests и edit_tests у роли Сотрудник
2025-07-08 16:35:25 - telegram_bot - INFO - Обновление прав доступа завершено
2025-07-08 16:35:25 - telegram_bot - INFO - Настройка команд бота...
2025-07-08 16:35:26 - telegram_bot - INFO - Запуск бота...
2025-07-08 16:35:29 - telegram_bot - INFO - Пользователь 453388874 (@Saint_Whirlwind) started bot - already registered
2025-07-08 16:35:29 - telegram_bot - INFO - Пользователь 453388874 (@Saint_Whirlwind) successful login from start. Данные: {'role': 'Рекрутер', 'user_id': 2}
2025-07-08 16:35:42 - telegram_bot - INFO - Пользователь 453388874 (@Saint_Whirlwind) viewed trainees list
2025-07-08 16:35:46 - telegram_bot - INFO - Пользователь 453388874 (@Saint_Whirlwind) started test creation
2025-07-08 16:35:54 - telegram_bot - INFO - Пользователь 453388874 (@Saint_Whirlwind) viewed trainees list
2025-07-08 16:35:56 - telegram_bot - INFO - Пользователь 453388874 (@Saint_Whirlwind) viewed trainees list
2025-07-08 16:36:09 - telegram_bot - INFO - Пользователь 7118826824 (@SovaTechSales) auto authentication. Данные: {'role': 'Сотрудник', 'user_id': 5}
2025-07-08 16:36:34 - telegram_bot - INFO - Пользователь 7118826824 (@SovaTechSales) viewed mentor trainees
2025-07-08 16:37:26 - telegram_bot - INFO - Пользователь 7118826824 (@SovaTechSales) viewed mentor trainees
2025-07-08 16:39:36 - telegram_bot - INFO - Пользователь 7118826824 (@SovaTechSales) viewed mentor trainees
2025-07-08 16:40:05 - telegram_bot - INFO - Пользователь 7118826824 (@SovaTechSales) cancelled admin operation
2025-07-08 16:41:09 - telegram_bot - INFO - Пользователь 913964240 (@a1ex_sav) started bot - already registered
2025-07-08 16:41:09 - telegram_bot - INFO - Пользователь 913964240 (@a1ex_sav) successful login from start. Данные: {'role': 'Стажер', 'user_id': 1}
2025-07-08 16:41:33 - telegram_bot - INFO - Пользователь 913964240 (@a1ex_sav) started bot - already registered
2025-07-08 16:41:33 - telegram_bot - INFO - Пользователь 913964240 (@a1ex_sav) successful login from start. Данные: {'role': 'Стажер', 'user_id': 1}
2025-07-08 16:42:18 - telegram_bot - INFO - Пользователь 453388874 (@Saint_Whirlwind) started test creation
2025-07-08 16:43:01 - telegram_bot - INFO - Тест 'ЗАКРЫТЫЙ ТЕСТ' создан успешно (ID: 2)
2025-07-08 16:43:01 - telegram_bot - INFO - Пользователь 453388874 (@Saint_Whirlwind) created test with questions. Данные: {'test_id': 2, 'questions_count': 1}
2025-07-08 16:43:13 - telegram_bot - INFO - Пользователь 7118826824 (@SovaTechSales) started bot - already registered
2025-07-08 16:43:13 - telegram_bot - INFO - Пользователь 7118826824 (@SovaTechSales) successful login from start. Данные: {'role': 'Сотрудник', 'user_id': 5}
2025-07-08 16:43:19 - telegram_bot - INFO - Пользователь 7118826824 (@SovaTechSales) viewed test details. Данные: {'test_id': 2}
2025-07-08 16:43:25 - telegram_bot - INFO - Уведомление о тесте 'ЗАКРЫТЫЙ ТЕСТ' отправлено стажеру 913964240
2025-07-08 16:43:26 - telegram_bot - INFO - Пользователь 7118826824 (@SovaTechSales) granted test access. Данные: {'test_id': 2, 'trainee_id': 1}
2025-07-08 16:43:31 - telegram_bot - INFO - Уведомление о тесте 'ЗАКРЫТЫЙ ТЕСТ' отправлено стажеру 7197129915
2025-07-08 16:43:31 - telegram_bot - INFO - Пользователь 7118826824 (@SovaTechSales) granted test access. Данные: {'test_id': 2, 'trainee_id': 6}
2025-07-08 16:43:33 - telegram_bot - INFO - Пользователь 913964240 (@a1ex_sav) viewed test details. Данные: {'test_id': 2}
2025-07-08 16:43:44 - telegram_bot - INFO - Пользователь 7197129915 (@EFOR_Development_Department) viewed test details. Данные: {'test_id': 2}
2025-07-08 16:44:15 - telegram_bot - INFO - Пользователь 913964240 (@a1ex_sav) opened test taking
2025-07-08 16:44:24 - telegram_bot - INFO - Пользователь 913964240 (@a1ex_sav) viewed test details. Данные: {'test_id': 2}
2025-07-08 16:44:33 - telegram_bot - INFO - Пользователь 913964240 (@a1ex_sav) opened test taking
2025-07-08 16:44:34 - telegram_bot - INFO - Пользователь 913964240 (@a1ex_sav) viewed test details. Данные: {'test_id': 2}
2025-07-08 16:44:38 - telegram_bot - INFO - Пользователь 913964240 (@a1ex_sav) cancelled admin operation
2025-07-08 16:44:39 - telegram_bot - INFO - Пользователь 913964240 (@a1ex_sav) cancelled admin operation
2025-07-08 16:44:40 - telegram_bot - INFO - Пользователь 913964240 (@a1ex_sav) cancelled admin operation
2025-07-08 16:44:45 - telegram_bot - INFO - Пользователь 913964240 (@a1ex_sav) auto authentication. Данные: {'role': 'Стажер', 'user_id': 1}
2025-07-08 16:44:45 - telegram_bot - INFO - Пользователь 913964240 (@a1ex_sav) opened test taking
2025-07-08 16:44:47 - telegram_bot - INFO - Пользователь 913964240 (@a1ex_sav) viewed test details. Данные: {'test_id': 2}
2025-07-08 16:44:52 - telegram_bot - INFO - Пользователь 913964240 (@a1ex_sav) viewed test details. Данные: {'test_id': 1}
2025-07-08 16:44:58 - telegram_bot - INFO - Пользователь 913964240 (@a1ex_sav) opened test taking
2025-07-08 16:44:59 - telegram_bot - INFO - Пользователь 913964240 (@a1ex_sav) viewed test details. Данные: {'test_id': 2}
2025-07-08 16:45:06 - telegram_bot - INFO - Пользователь 913964240 (@a1ex_sav) viewed test details. Данные: {'test_id': 2}
2025-07-08 16:45:20 - telegram_bot - INFO - Пользователь 913964240 (@a1ex_sav) viewed test details. Данные: {'test_id': 2}
2025-07-08 16:45:29 - telegram_bot - INFO - Пользователь 913964240 (@a1ex_sav) cancelled admin operation
2025-07-08 16:45:37 - telegram_bot - INFO - Пользователь 913964240 (@a1ex_sav) auto authentication. Данные: {'role': 'Стажер', 'user_id': 1}
2025-07-08 16:45:40 - telegram_bot - INFO - Пользователь 913964240 (@a1ex_sav) opened test taking
2025-07-08 16:45:47 - telegram_bot - INFO - Пользователь 913964240 (@a1ex_sav) viewed test details. Данные: {'test_id': 2}
2025-07-08 16:45:51 - telegram_bot - INFO - Пользователь 913964240 (@a1ex_sav) viewed test details. Данные: {'test_id': 2}
2025-07-08 16:45:53 - telegram_bot - INFO - Пользователь 913964240 (@a1ex_sav) viewed test details. Данные: {'test_id': 2}
2025-07-08 16:50:01 - telegram_bot - INFO - Пользователь 7118826824 (@SovaTechSales) granted test access. Данные: {'test_id': 2, 'trainee_id': 1}
2025-07-08 16:50:10 - telegram_bot - INFO - Пользователь 913964240 (@a1ex_sav) cancelled admin operation
2025-07-08 16:50:10 - telegram_bot - INFO - Пользователь 7118826824 (@SovaTechSales) viewed test details. Данные: {'test_id': 2}
2025-07-08 16:50:15 - telegram_bot - INFO - Пользователь 7118826824 (@SovaTechSales) granted test access. Данные: {'test_id': 2, 'trainee_id': 1}
2025-07-08 16:50:18 - telegram_bot - INFO - Пользователь 7118826824 (@SovaTechSales) granted test access. Данные: {'test_id': 2, 'trainee_id': 1}
2025-07-08 16:50:26 - telegram_bot - INFO - Пользователь 7118826824 (@SovaTechSales) viewed test details. Данные: {'test_id': 2}
2025-07-08 16:50:32 - telegram_bot - INFO - Пользователь 7118826824 (@SovaTechSales) viewed test details. Данные: {'test_id': 2}
2025-07-08 16:50:34 - telegram_bot - INFO - Пользователь 7118826824 (@SovaTechSales) viewed test details. Данные: {'test_id': 2}
2025-07-08 16:54:12 - telegram_bot - INFO - Пользователь 453388874 (@Saint_Whirlwind) started bot - already registered
2025-07-08 16:54:12 - telegram_bot - INFO - Пользователь 453388874 (@Saint_Whirlwind) successful login from start. Данные: {'role': 'Рекрутер', 'user_id': 2}
2025-07-08 16:54:58 - telegram_bot - INFO - Пользователь 453388874 (@Saint_Whirlwind) started bot - already registered
2025-07-08 16:54:58 - telegram_bot - INFO - Пользователь 453388874 (@Saint_Whirlwind) successful login from start. Данные: {'role': 'Рекрутер', 'user_id': 2}
2025-07-08 16:55:02 - telegram_bot - INFO - Пользователь 453388874 (@Saint_Whirlwind) started bot - already registered
2025-07-08 16:55:02 - telegram_bot - INFO - Пользователь 453388874 (@Saint_Whirlwind) successful login from start. Данные: {'role': 'Рекрутер', 'user_id': 2}
2025-07-08 16:55:25 - telegram_bot - INFO - Пользователь 453388874 (@Saint_Whirlwind) started test creation
2025-07-08 16:56:08 - telegram_bot - INFO - Пользователь 453388874 (@Saint_Whirlwind) cancelled admin operation
2025-07-08 16:56:19 - telegram_bot - INFO - Пользователь 453388874 (@Saint_Whirlwind) auto authentication. Данные: {'role': 'Рекрутер', 'user_id': 2}
2025-07-08 16:57:37 - telegram_bot - INFO - Пользователь 453388874 (@Saint_Whirlwind) started test creation
2025-07-08 16:58:14 - telegram_bot - INFO - Пользователь 453388874 (@Saint_Whirlwind) cancelled admin operation
2025-07-08 16:58:17 - telegram_bot - INFO - Пользователь 453388874 (@Saint_Whirlwind) cancelled admin operation
2025-07-08 16:58:27 - telegram_bot - INFO - Пользователь 453388874 (@Saint_Whirlwind) auto authentication. Данные: {'role': 'Рекрутер', 'user_id': 2}
2025-07-08 16:58:56 - telegram_bot - INFO - Пользователь 453388874 (@Saint_Whirlwind) cancelled admin operation
2025-07-08 16:58:59 - telegram_bot - INFO - Пользователь 453388874 (@Saint_Whirlwind) auto authentication. Данные: {'role': 'Рекрутер', 'user_id': 2}
2025-07-08 16:59:03 - telegram_bot - INFO - Пользователь 453388874 (@Saint_Whirlwind) viewed trainees list
2025-07-08 16:59:43 - telegram_bot - INFO - Пользователь 453388874 (@Saint_Whirlwind) viewed trainees list
