2025-06-20 15:10:12 - telegram_bot - INFO - Проверка переменных окружения успешно пройдена
2025-06-20 15:10:12 - telegram_bot - INFO - Инициализация базы данных...
2025-06-20 15:10:12 - telegram_bot - INFO - Настройка команд бота...
2025-06-20 15:10:13 - telegram_bot - INFO - Запуск бота...
2025-06-20 15:10:25 - telegram_bot - INFO - Пользователь 913964240 (@a1ex_sav) started bot - not registered
2025-06-20 15:10:26 - telegram_bot - INFO - Пользователь 913964240 (@a1ex_sav) started registration
2025-06-20 15:10:31 - telegram_bot - INFO - Пользователь 913964240 (@a1ex_sav) provided full name. Данные: {'full_name': 'Савин Александр'}
2025-06-20 15:10:34 - telegram_bot - INFO - Пользователь 913964240 (@a1ex_sav) provided phone manually. Данные: {'phone': '+79034005751'}
2025-06-20 15:10:34 - telegram_bot - ERROR - Ошибка создания пользователя: (sqlalchemy.dialects.postgresql.asyncpg.IntegrityError) <class 'asyncpg.exceptions.NotNullViolationError'>: значение NULL в столбце "first_name" отношения "users" нарушает ограничение NOT NULL
DETAIL:  Ошибочная строка содержит (2, 913964240, a1ex_sav, +79034005751, null, null, null, null, new_user, null, 2025-06-20 15:10:34.861827, t, Савин Александр).
[SQL: INSERT INTO users (tg_id, username, full_name, phone_number, registration_date, is_active) VALUES ($1::INTEGER, $2::VARCHAR, $3::VARCHAR, $4::VARCHAR, $5::TIMESTAMP WITHOUT TIME ZONE, $6::BOOLEAN) RETURNING users.id]
[parameters: (913964240, 'a1ex_sav', 'Савин Александр', '+79034005751', datetime.datetime(2025, 6, 20, 15, 10, 34, 861827), True)]
(Background on this error at: https://sqlalche.me/e/20/gkpj)
2025-06-20 15:10:34 - telegram_bot - ERROR - Пользователь 913964240 (@a1ex_sav) ошибка: manager registration error. Исключение: (sqlalchemy.dialects.postgresql.asyncpg.IntegrityError) <class 'asyncpg.exceptions.NotNullViolationError'>: значение NULL в столбце "first_name" отношения "users" нарушает ограничение NOT NULL
DETAIL:  Ошибочная строка содержит (2, 913964240, a1ex_sav, +79034005751, null, null, null, null, new_user, null, 2025-06-20 15:10:34.861827, t, Савин Александр).
[SQL: INSERT INTO users (tg_id, username, full_name, phone_number, registration_date, is_active) VALUES ($1::INTEGER, $2::VARCHAR, $3::VARCHAR, $4::VARCHAR, $5::TIMESTAMP WITHOUT TIME ZONE, $6::BOOLEAN) RETURNING users.id]
[parameters: (913964240, 'a1ex_sav', 'Савин Александр', '+79034005751', datetime.datetime(2025, 6, 20, 15, 10, 34, 861827), True)]
(Background on this error at: https://sqlalche.me/e/20/gkpj)
2025-06-20 15:10:43 - telegram_bot - INFO - Завершение работы...
2025-06-20 15:10:43 - telegram_bot - INFO - Бот остановлен
2025-06-20 15:10:43 - telegram_bot - INFO - Бот остановлен по прерыванию с клавиатуры
2025-06-20 15:11:35 - telegram_bot - INFO - Проверка переменных окружения успешно пройдена
2025-06-20 15:11:35 - telegram_bot - INFO - Инициализация базы данных...
2025-06-20 15:11:35 - telegram_bot - INFO - Начальные данные успешно созданы
2025-06-20 15:11:35 - telegram_bot - INFO - Настройка команд бота...
2025-06-20 15:11:36 - telegram_bot - INFO - Запуск бота...
2025-06-20 15:11:41 - telegram_bot - INFO - Пользователь 913964240 (@a1ex_sav) started bot - not registered
2025-06-20 15:11:42 - telegram_bot - INFO - Пользователь 913964240 (@a1ex_sav) started registration
2025-06-20 15:11:47 - telegram_bot - INFO - Пользователь 913964240 (@a1ex_sav) provided full name. Данные: {'full_name': 'Савин Александр'}
2025-06-20 15:11:51 - telegram_bot - INFO - Пользователь 913964240 (@a1ex_sav) provided phone manually. Данные: {'phone': '+79034005751'}
2025-06-20 15:11:51 - telegram_bot - INFO - Пользователь 913964240 (@a1ex_sav) completed registration as manager. Данные: {'role': 'Управляющий', 'full_name': 'Савин Александр'}
2025-06-20 15:11:55 - telegram_bot - INFO - Пользователь 913964240 (@a1ex_sav) successful login. Данные: {'role': 'Управляющий', 'user_id': 1}
2025-06-20 15:11:56 - telegram_bot - INFO - Пользователь 913964240 (@a1ex_sav) auto authentication. Данные: {'role': 'Управляющий', 'user_id': 1}
2025-06-20 15:11:58 - telegram_bot - INFO - Пользователь 913964240 (@a1ex_sav) opened user management panel
2025-06-20 15:11:59 - telegram_bot - INFO - Пользователь 913964240 (@a1ex_sav) selected user for management. Данные: {'selected_user_id': 1}
2025-06-20 15:12:01 - telegram_bot - INFO - Пользователь 913964240 (@a1ex_sav) opened role change menu. Данные: {'target_user_id': 1}
2025-06-20 15:12:03 - telegram_bot - INFO - Пользователь 913964240 (@a1ex_sav) requested role change confirmation. Данные: {'target_user_id': 1, 'role': 'Управляющий', 'action': 'remove'}
2025-06-20 15:12:04 - telegram_bot - INFO - Пользователь 913964240 (@a1ex_sav) role remove confirmed. Данные: {'target_user_id': 1, 'role': 'Управляющий'}
2025-06-20 15:12:04 - telegram_bot - INFO - Пользователь 7126384492 (@test_tusk_bot) opened user management panel
2025-06-20 15:12:08 - telegram_bot - INFO - Пользователь 913964240 (@a1ex_sav) selected user for management. Данные: {'selected_user_id': 1}
2025-06-20 15:12:09 - telegram_bot - INFO - Пользователь 913964240 (@a1ex_sav) opened role change menu. Данные: {'target_user_id': 1}
2025-06-20 15:12:09 - telegram_bot - INFO - Пользователь 913964240 (@a1ex_sav) requested role change confirmation. Данные: {'target_user_id': 1, 'role': 'Управляющий', 'action': 'add'}
2025-06-20 15:12:10 - telegram_bot - INFO - Пользователь 913964240 (@a1ex_sav) role add confirmed. Данные: {'target_user_id': 1, 'role': 'Управляющий'}
2025-06-20 15:12:10 - telegram_bot - INFO - Пользователь 7126384492 (@test_tusk_bot) opened user management panel
2025-06-20 15:12:13 - telegram_bot - INFO - Пользователь 913964240 (@a1ex_sav) cancelled admin operation
2025-06-20 15:12:15 - telegram_bot - INFO - Пользователь 913964240 (@a1ex_sav) auto authentication. Данные: {'role': 'Управляющий', 'user_id': 1}
2025-06-20 15:12:16 - telegram_bot - INFO - Пользователь 913964240 (@a1ex_sav) opened role permissions management
2025-06-20 15:12:18 - telegram_bot - INFO - Пользователь 913964240 (@a1ex_sav) opened user management panel
2025-06-20 15:12:20 - telegram_bot - INFO - Пользователь 913964240 (@a1ex_sav) cancelled admin operation
2025-06-20 15:12:22 - telegram_bot - INFO - Завершение работы...
2025-06-20 15:12:22 - telegram_bot - INFO - Бот остановлен
2025-06-20 15:12:22 - telegram_bot - INFO - Бот остановлен по прерыванию с клавиатуры
2025-06-20 15:12:59 - telegram_bot - INFO - Проверка переменных окружения успешно пройдена
2025-06-20 15:12:59 - telegram_bot - INFO - Инициализация базы данных...
2025-06-20 15:12:59 - telegram_bot - INFO - Настройка команд бота...
2025-06-20 15:13:00 - telegram_bot - INFO - Запуск бота...
2025-06-20 15:13:02 - telegram_bot - INFO - Пользователь 913964240 (@a1ex_sav) auto authentication. Данные: {'role': 'Управляющий', 'user_id': 1}
2025-06-20 15:13:26 - telegram_bot - INFO - Пользователь 913964240 (@a1ex_sav) opened user management panel
2025-06-20 15:13:27 - telegram_bot - INFO - Пользователь 913964240 (@a1ex_sav) selected user for management. Данные: {'selected_user_id': 1}
2025-06-20 15:13:28 - telegram_bot - INFO - Пользователь 913964240 (@a1ex_sav) opened role change menu. Данные: {'target_user_id': 1}
2025-06-20 15:13:28 - telegram_bot - INFO - Пользователь 913964240 (@a1ex_sav) requested role change confirmation. Данные: {'target_user_id': 1, 'role': 'Управляющий', 'action': 'remove'}
2025-06-20 15:13:31 - telegram_bot - INFO - Пользователь 913964240 (@a1ex_sav) cancelled role change. Данные: {'target_user_id': 1, 'role': 'Управляющий'}
2025-06-20 15:13:32 - telegram_bot - INFO - Пользователь 913964240 (@a1ex_sav) opened role change menu. Данные: {'target_user_id': 1}
2025-06-20 15:13:33 - telegram_bot - INFO - Пользователь 913964240 (@a1ex_sav) requested role change confirmation. Данные: {'target_user_id': 1, 'role': 'Стажер', 'action': 'add'}
2025-06-20 15:13:36 - telegram_bot - INFO - Пользователь 913964240 (@a1ex_sav) cancelled role change. Данные: {'target_user_id': 1, 'role': 'Стажер'}
2025-06-20 15:13:39 - telegram_bot - INFO - Завершение работы...
2025-06-20 15:13:39 - telegram_bot - INFO - Бот остановлен
2025-06-20 15:13:39 - telegram_bot - INFO - Бот остановлен по прерыванию с клавиатуры
2025-06-20 20:11:36 - telegram_bot - INFO - Проверка переменных окружения успешно пройдена
2025-06-20 20:11:36 - telegram_bot - INFO - Инициализация базы данных...
2025-06-20 20:11:36 - telegram_bot - INFO - Настройка команд бота...
2025-06-20 20:11:36 - telegram_bot - INFO - Запуск бота...
2025-06-20 20:11:51 - telegram_bot - INFO - Завершение работы...
2025-06-20 20:11:51 - telegram_bot - INFO - Бот остановлен
2025-06-20 20:11:51 - telegram_bot - INFO - Бот остановлен по прерыванию с клавиатуры
2025-06-20 20:27:15 - telegram_bot - INFO - Проверка переменных окружения успешно пройдена
2025-06-20 20:27:15 - telegram_bot - INFO - Инициализация базы данных...
2025-06-20 20:27:15 - telegram_bot - INFO - Настройка команд бота...
2025-06-20 20:27:15 - telegram_bot - INFO - Запуск бота...
2025-06-20 20:27:48 - telegram_bot - INFO - Завершение работы...
2025-06-20 20:27:48 - telegram_bot - INFO - Бот остановлен
2025-06-20 20:27:48 - telegram_bot - INFO - Бот остановлен по прерыванию с клавиатуры
2025-06-20 20:28:24 - telegram_bot - INFO - Проверка переменных окружения успешно пройдена
2025-06-20 20:28:24 - telegram_bot - INFO - Инициализация базы данных...
2025-06-20 20:28:24 - telegram_bot - INFO - Настройка команд бота...
2025-06-20 20:28:24 - telegram_bot - INFO - Запуск бота...
2025-06-20 20:28:30 - telegram_bot - INFO - Пользователь 913964240 (@a1ex_sav) started bot - already registered
2025-06-20 20:28:31 - telegram_bot - INFO - Пользователь 913964240 (@a1ex_sav) successful login from start. Данные: {'role': 'Управляющий', 'user_id': 1}
2025-06-20 20:28:36 - telegram_bot - INFO - Пользователь 913964240 (@a1ex_sav) opened user management panel
2025-06-20 20:28:38 - telegram_bot - INFO - Пользователь 913964240 (@a1ex_sav) cancelled admin operation
2025-06-20 20:28:38 - telegram_bot - INFO - Пользователь 913964240 (@a1ex_sav) auto authentication. Данные: {'role': 'Управляющий', 'user_id': 1}
2025-06-20 20:28:40 - telegram_bot - INFO - Пользователь 913964240 (@a1ex_sav) opened role permissions management
2025-06-20 20:28:41 - telegram_bot - INFO - Пользователь 913964240 (@a1ex_sav) cancelled admin operation
2025-06-20 20:29:19 - telegram_bot - INFO - Пользователь 913964240 (@a1ex_sav) started bot - already registered
2025-06-20 20:29:19 - telegram_bot - INFO - Пользователь 913964240 (@a1ex_sav) successful login from start. Данные: {'role': 'Управляющий', 'user_id': 1}
2025-06-20 20:29:31 - telegram_bot - INFO - Пользователь 913964240 (@a1ex_sav) opened role permissions management
2025-06-20 20:29:32 - telegram_bot - INFO - Пользователь 913964240 (@a1ex_sav) selected role for permission management. Данные: {'selected_role_id': 4, 'role_name': 'Управляющий'}
2025-06-20 20:31:26 - telegram_bot - INFO - Пользователь 913964240 (@a1ex_sav) opened role permissions management
2025-06-20 20:31:28 - telegram_bot - INFO - Пользователь 913964240 (@a1ex_sav) selected role for permission management. Данные: {'selected_role_id': 3, 'role_name': 'Рекрутер'}
2025-06-20 20:31:30 - telegram_bot - INFO - Пользователь 7126384492 (@test_tusk_bot) opened role permissions management
2025-06-20 20:31:31 - telegram_bot - INFO - Пользователь 913964240 (@a1ex_sav) selected role for permission management. Данные: {'selected_role_id': 1, 'role_name': 'Стажер'}
2025-06-20 20:31:34 - telegram_bot - INFO - Пользователь 913964240 (@a1ex_sav) opened add permission menu. Данные: {'role_id': 1}
2025-06-20 20:31:38 - telegram_bot - INFO - Пользователь 913964240 (@a1ex_sav) cancelled permission selection. Данные: {'role_id': 1}
2025-06-20 20:31:38 - telegram_bot - INFO - Пользователь 7126384492 (@test_tusk_bot) opened role permissions management
2025-06-20 20:31:40 - telegram_bot - INFO - Пользователь 913964240 (@a1ex_sav) cancelled admin operation
2025-06-20 20:33:21 - telegram_bot - INFO - Завершение работы...
2025-06-20 20:33:21 - telegram_bot - INFO - Бот остановлен
2025-06-20 20:33:21 - telegram_bot - INFO - Бот остановлен по прерыванию с клавиатуры
2025-06-20 21:57:08 - telegram_bot - INFO - Проверка переменных окружения успешно пройдена
2025-06-20 21:57:08 - telegram_bot - INFO - Инициализация базы данных...
2025-06-20 21:57:09 - telegram_bot - INFO - Настройка команд бота...
2025-06-20 21:57:09 - telegram_bot - INFO - Запуск бота...
2025-06-20 21:57:15 - telegram_bot - INFO - Пользователь 913964240 (@a1ex_sav) started bot - already registered
2025-06-20 21:57:15 - telegram_bot - INFO - Пользователь 913964240 (@a1ex_sav) successful login from start. Данные: {'role': 'Управляющий', 'user_id': 1}
2025-06-20 21:57:18 - telegram_bot - INFO - Пользователь 913964240 (@a1ex_sav) opened user management panel
2025-06-20 21:57:20 - telegram_bot - INFO - Пользователь 913964240 (@a1ex_sav) cancelled admin operation
2025-06-20 21:57:20 - telegram_bot - INFO - Пользователь 913964240 (@a1ex_sav) auto authentication. Данные: {'role': 'Управляющий', 'user_id': 1}
2025-06-20 21:57:24 - telegram_bot - INFO - Пользователь 913964240 (@a1ex_sav) opened role permissions management
2025-06-20 21:59:17 - telegram_bot - INFO - Завершение работы...
2025-06-20 21:59:17 - telegram_bot - INFO - Бот остановлен
2025-06-20 21:59:17 - telegram_bot - INFO - Бот остановлен по прерыванию с клавиатуры
2025-06-20 21:59:52 - telegram_bot - INFO - Проверка переменных окружения успешно пройдена
2025-06-20 21:59:52 - telegram_bot - INFO - Инициализация базы данных...
2025-06-20 21:59:52 - telegram_bot - INFO - Начальные данные успешно созданы
2025-06-20 21:59:52 - telegram_bot - INFO - Настройка команд бота...
2025-06-20 21:59:52 - telegram_bot - INFO - Запуск бота...
2025-06-20 22:00:05 - telegram_bot - INFO - Пользователь 913964240 (@a1ex_sav) started bot - not registered
2025-06-20 22:00:06 - telegram_bot - INFO - Пользователь 913964240 (@a1ex_sav) started registration
2025-06-20 22:00:10 - telegram_bot - INFO - Пользователь 913964240 (@a1ex_sav) provided full name. Данные: {'full_name': 'Test Test'}
2025-06-20 22:00:15 - telegram_bot - INFO - Пользователь 913964240 (@a1ex_sav) provided phone manually. Данные: {'phone': '+79034005751'}
2025-06-20 22:00:15 - telegram_bot - INFO - Пользователь 913964240 (@a1ex_sav) completed registration as manager. Данные: {'role': 'Управляющий', 'full_name': 'Test Test'}
2025-06-20 22:00:18 - telegram_bot - INFO - Пользователь 913964240 (@a1ex_sav) successful login. Данные: {'role': 'Управляющий', 'user_id': 1}
2025-06-20 22:00:20 - telegram_bot - INFO - Пользователь 913964240 (@a1ex_sav) auto authentication. Данные: {'role': 'Управляющий', 'user_id': 1}
2025-06-20 22:08:27 - telegram_bot - INFO - Завершение работы...
2025-06-20 22:08:27 - telegram_bot - INFO - Бот остановлен
2025-06-20 22:08:27 - telegram_bot - INFO - Бот остановлен по прерыванию с клавиатуры
