2025-07-11 15:06:31 - telegram_bot - INFO - Проверка переменных окружения успешно пройдена
2025-07-11 15:06:31 - telegram_bot - INFO - Инициализация базы данных...
2025-07-11 15:06:32 - telegram_bot - INFO - Обновление прав доступа для ролей...
2025-07-11 15:06:32 - telegram_bot - INFO - Право create_tests удалено у роли 2
2025-07-11 15:06:32 - telegram_bot - INFO - Право edit_tests удалено у роли 2
2025-07-11 15:06:32 - telegram_bot - INFO - Удалены права create_tests и edit_tests у роли Сотрудник
2025-07-11 15:06:32 - telegram_bot - INFO - Обновление прав доступа завершено
2025-07-11 15:06:32 - telegram_bot - INFO - Настройка команд бота...
2025-07-11 15:06:32 - telegram_bot - INFO - Запуск бота...
2025-07-11 15:07:01 - telegram_bot - INFO - Пользователь 453388874 (@Saint_Whirlwind) started bot - already registered
2025-07-11 15:07:02 - telegram_bot - INFO - Пользователь 453388874 (@Saint_Whirlwind) successful login from start. Данные: {'role': 'Стажер', 'user_id': 4}
2025-07-11 15:11:02 - telegram_bot - INFO - Пользователь 453388874 (@Saint_Whirlwind) opened test taking
2025-07-11 15:11:29 - telegram_bot - INFO - Пользователь 7118826824 (@SovaTechSales) started bot - already registered
2025-07-11 15:11:30 - telegram_bot - INFO - Пользователь 7118826824 (@SovaTechSales) successful login from start. Данные: {'role': 'Сотрудник', 'user_id': 5}
2025-07-11 15:11:32 - telegram_bot - INFO - Пользователь 7118826824 (@SovaTechSales) viewed mentor trainees
2025-07-11 15:11:47 - telegram_bot - INFO - Пользователь 7118826824 (@SovaTechSales) viewed test details. Данные: {'test_id': 2}
2025-07-11 15:11:57 - telegram_bot - INFO - Пользователь 7118826824 (@SovaTechSales) viewed test details. Данные: {'test_id': 2}
2025-07-11 15:12:01 - telegram_bot - INFO - Пользователь 7118826824 (@SovaTechSales) viewed test details. Данные: {'test_id': 2}
2025-07-11 15:12:07 - telegram_bot - INFO - Пользователь 7118826824 (@SovaTechSales) viewed test details. Данные: {'test_id': 2}
2025-07-11 15:12:14 - telegram_bot - INFO - Пользователь 7118826824 (@SovaTechSales) viewed test details. Данные: {'test_id': 2}
2025-07-11 15:12:17 - telegram_bot - INFO - Пользователь 7118826824 (@SovaTechSales) viewed test details. Данные: {'test_id': 1}
2025-07-11 15:12:43 - telegram_bot - INFO - Пользователь 7118826824 (@SovaTechSales) started bot - already registered
2025-07-11 15:12:43 - telegram_bot - INFO - Пользователь 7118826824 (@SovaTechSales) successful login from start. Данные: {'role': 'Сотрудник', 'user_id': 5}
2025-07-11 15:14:10 - telegram_bot - INFO - Пользователь 1344193745 (@Ne_iam) started registration
2025-07-11 15:18:48 - telegram_bot - INFO - Пользователь 453388874 (@Saint_Whirlwind) started bot - already registered
2025-07-11 15:18:48 - telegram_bot - INFO - Пользователь 453388874 (@Saint_Whirlwind) successful login from start. Данные: {'role': 'Стажер', 'user_id': 4}
2025-07-11 15:19:18 - telegram_bot - INFO - Пользователь 453388874 (@Saint_Whirlwind) viewed test results
2025-07-11 15:20:24 - telegram_bot - INFO - Пользователь 453388874 (@Saint_Whirlwind) opened test taking
2025-07-11 15:20:40 - telegram_bot - INFO - Пользователь 453388874 (@Saint_Whirlwind) cancelled admin operation
2025-07-11 15:20:47 - telegram_bot - INFO - Пользователь 453388874 (@Saint_Whirlwind) auto authentication. Данные: {'role': 'Стажер', 'user_id': 4}
2025-07-11 15:20:47 - telegram_bot - INFO - Пользователь 453388874 (@Saint_Whirlwind) viewed test results
2025-07-11 15:20:59 - telegram_bot - INFO - Пользователь 453388874 (@Saint_Whirlwind) viewed mentor info
2025-07-11 15:21:25 - telegram_bot - INFO - Пользователь 453388874 (@Saint_Whirlwind) opened test taking
2025-07-11 15:21:37 - telegram_bot - ERROR - Ошибка получения результата теста пользователя: Multiple rows were found when one or none was required
2025-07-11 15:21:38 - telegram_bot - INFO - Пользователь 453388874 (@Saint_Whirlwind) viewed test details. Данные: {'test_id': 1}
2025-07-11 15:22:04 - telegram_bot - ERROR - Ошибка получения результата теста пользователя: Multiple rows were found when one or none was required
2025-07-11 15:22:04 - telegram_bot - INFO - Пользователь 453388874 (@Saint_Whirlwind) viewed test details. Данные: {'test_id': 1}
2025-07-11 15:22:09 - telegram_bot - ERROR - Ошибка получения результата теста пользователя: Multiple rows were found when one or none was required
2025-07-11 15:22:09 - telegram_bot - INFO - Пользователь 453388874 (@Saint_Whirlwind) viewed test details. Данные: {'test_id': 1}
2025-07-11 15:23:52 - telegram_bot - INFO - Результат теста сохранен для пользователя 4, тест 1
2025-07-11 15:24:01 - telegram_bot - INFO - Пользователь 453388874 (@Saint_Whirlwind) auto authentication. Данные: {'role': 'Стажер', 'user_id': 4}
2025-07-11 15:24:02 - telegram_bot - INFO - Пользователь 453388874 (@Saint_Whirlwind) viewed test results
2025-07-11 15:26:13 - telegram_bot - INFO - Пользователь 7118826824 (@SovaTechSales) viewed mentor trainees
2025-07-11 15:26:37 - telegram_bot - INFO - Пользователь 7118826824 (@SovaTechSales) viewed test details. Данные: {'test_id': 2}
2025-07-11 15:26:47 - telegram_bot - INFO - Пользователь 7118826824 (@SovaTechSales) viewed test details. Данные: {'test_id': 2}
2025-07-11 15:27:11 - telegram_bot - INFO - Доступ к тесту 2 для стажёра 4 уже существует - отправляем повторное уведомление
2025-07-11 15:27:11 - telegram_bot - INFO - Уведомление о тесте 'Готовим КЕКС' отправлено стажеру 453388874
2025-07-11 15:27:11 - telegram_bot - INFO - Пользователь 7118826824 (@SovaTechSales) granted test access. Данные: {'test_id': 2, 'trainee_id': 4}
2025-07-11 15:27:23 - telegram_bot - INFO - Пользователь 7118826824 (@SovaTechSales) viewed test details. Данные: {'test_id': 2}
2025-07-11 15:27:59 - telegram_bot - INFO - Пользователь 7118826824 (@SovaTechSales) viewed test details. Данные: {'test_id': 2}
2025-07-11 15:28:06 - telegram_bot - INFO - Пользователь 7118826824 (@SovaTechSales) viewed test details. Данные: {'test_id': 2}
2025-07-11 15:28:09 - telegram_bot - INFO - Пользователь 7118826824 (@SovaTechSales) viewed test details. Данные: {'test_id': 2}
2025-07-11 15:28:12 - telegram_bot - INFO - Пользователь 7118826824 (@SovaTechSales) viewed test details. Данные: {'test_id': 1}
2025-07-11 15:28:37 - telegram_bot - INFO - Пользователь 7118826824 (@SovaTechSales) viewed test details. Данные: {'test_id': 1}
2025-07-11 15:31:11 - telegram_bot - INFO - Пользователь 7118826824 (@SovaTechSales) viewed mentor trainees
2025-07-11 15:31:29 - telegram_bot - INFO - Пользователь 7118826824 (@SovaTechSales) viewed test details. Данные: {'test_id': 2}
2025-07-11 15:31:42 - telegram_bot - INFO - Пользователь 7118826824 (@SovaTechSales) viewed mentor trainees
2025-07-11 15:32:27 - telegram_bot - INFO - Пользователь 7118826824 (@SovaTechSales) started bot - already registered
2025-07-11 15:32:27 - telegram_bot - INFO - Пользователь 7118826824 (@SovaTechSales) successful login from start. Данные: {'role': 'Сотрудник', 'user_id': 5}
2025-07-11 15:32:36 - telegram_bot - INFO - Пользователь 7118826824 (@SovaTechSales) viewed mentor trainees
2025-07-11 15:34:35 - telegram_bot - INFO - Пользователь 7118826824 (@SovaTechSales) started bot - already registered
2025-07-11 15:34:35 - telegram_bot - INFO - Пользователь 7118826824 (@SovaTechSales) successful login from start. Данные: {'role': 'Сотрудник', 'user_id': 5}
2025-07-11 15:34:38 - telegram_bot - INFO - Пользователь 7118826824 (@SovaTechSales) viewed mentor trainees
2025-07-11 15:34:59 - telegram_bot - INFO - Пользователь 7197129915 (@EFOR_Development_Department) auto authentication. Данные: {'role': 'Рекрутер', 'user_id': 6}
2025-07-11 15:35:03 - telegram_bot - INFO - Пользователь 7197129915 (@EFOR_Development_Department) started test creation
2025-07-11 15:35:31 - telegram_bot - INFO - Пользователь 7197129915 (@EFOR_Development_Department) started bot - already registered
2025-07-11 15:35:31 - telegram_bot - INFO - Пользователь 7197129915 (@EFOR_Development_Department) successful login from start. Данные: {'role': 'Рекрутер', 'user_id': 6}
2025-07-11 15:35:37 - telegram_bot - INFO - Пользователь 7197129915 (@EFOR_Development_Department) cancelled admin operation
2025-07-11 15:35:43 - telegram_bot - INFO - Пользователь 7197129915 (@EFOR_Development_Department) started bot - already registered
2025-07-11 15:35:43 - telegram_bot - INFO - Пользователь 7197129915 (@EFOR_Development_Department) successful login from start. Данные: {'role': 'Рекрутер', 'user_id': 6}
2025-07-11 15:36:12 - telegram_bot - ERROR - Пользователь 1344193745 (@Ne_iam) ошибка: invalid full name: Жукова Анна 2.0
2025-07-11 15:36:25 - telegram_bot - ERROR - Пользователь 1344193745 (@Ne_iam) ошибка: invalid full name: Жукова Анна Викторовна2
2025-07-11 15:36:34 - telegram_bot - INFO - Пользователь 1344193745 (@Ne_iam) provided full name. Данные: {'full_name': 'Жукова Аня Викторовна'}
2025-07-11 15:36:49 - telegram_bot - INFO - Пользователь 1344193745 (@Ne_iam) provided phone manually. Данные: {'phone': '+79889907680'}
2025-07-11 15:37:14 - telegram_bot - INFO - Уведомление о новом стажёре 'Жукова Аня Викторовна' отправлено рекрутеру 7197129915
2025-07-11 15:37:15 - telegram_bot - INFO - Уведомление о новом стажёре 'Жукова Аня Викторовна' отправлено рекрутеру 913964240
2025-07-11 15:37:15 - telegram_bot - INFO - Уведомления о новом стажёре отправлены 2/2 рекрутерам
2025-07-11 15:37:15 - telegram_bot - INFO - Пользователь 1344193745 (@Ne_iam) completed registration. Данные: {'role': 'Стажер', 'full_name': 'Жукова Аня Викторовна'}
2025-07-11 15:38:52 - telegram_bot - INFO - Пользователь 7197129915 (@EFOR_Development_Department) cancelled admin operation
2025-07-11 15:38:58 - telegram_bot - INFO - Пользователь 7197129915 (@EFOR_Development_Department) auto authentication. Данные: {'role': 'Рекрутер', 'user_id': 6}
2025-07-11 15:38:58 - telegram_bot - INFO - Пользователь 7197129915 (@EFOR_Development_Department) viewed trainees list
2025-07-11 15:39:07 - telegram_bot - INFO - Пользователь 7197129915 (@EFOR_Development_Department) opened mentor assignment
2025-07-11 15:39:45 - telegram_bot - INFO - Наставник Сова - Сотрудник назначен стажеру Жукова Аня Викторовна
2025-07-11 15:39:45 - telegram_bot - INFO - Уведомление о назначении наставника 'Сова - Сотрудник' отправлено стажеру 1344193745
2025-07-11 15:39:45 - telegram_bot - INFO - Уведомление о назначении стажёра 'Жукова Аня Викторовна' отправлено наставнику 7118826824
2025-07-11 15:39:45 - telegram_bot - INFO - Пользователь 7197129915 (@EFOR_Development_Department) assigned mentor. Данные: {'mentor_id': 5, 'trainee_id': 8}
2025-07-11 15:42:39 - telegram_bot - INFO - Пользователь 199331534 (@JuniorMa) started bot - not registered
2025-07-11 15:42:41 - telegram_bot - INFO - Пользователь 199331534 (@JuniorMa) started registration
2025-07-11 15:42:48 - telegram_bot - INFO - Пользователь 199331534 (@JuniorMa) provided full name. Данные: {'full_name': 'Илья Носенко'}
2025-07-11 15:43:00 - telegram_bot - INFO - Пользователь 199331534 (@JuniorMa) provided phone manually. Данные: {'phone': '+79883882921'}
2025-07-11 15:43:11 - telegram_bot - INFO - Уведомление о новом стажёре 'Илья Носенко' отправлено рекрутеру 7197129915
2025-07-11 15:43:11 - telegram_bot - INFO - Уведомление о новом стажёре 'Илья Носенко' отправлено рекрутеру 913964240
2025-07-11 15:43:11 - telegram_bot - INFO - Уведомления о новом стажёре отправлены 2/2 рекрутерам
2025-07-11 15:43:11 - telegram_bot - INFO - Пользователь 199331534 (@JuniorMa) completed registration. Данные: {'role': 'Стажер', 'full_name': 'Илья Носенко'}
2025-07-11 15:43:24 - telegram_bot - INFO - Наставник Сова - Сотрудник назначен стажеру Илья Носенко
2025-07-11 15:43:24 - telegram_bot - INFO - Уведомление о назначении наставника 'Сова - Сотрудник' отправлено стажеру 199331534
2025-07-11 15:43:24 - telegram_bot - INFO - Уведомление о назначении стажёра 'Илья Носенко' отправлено наставнику 7118826824
2025-07-11 15:43:24 - telegram_bot - INFO - Пользователь 7197129915 (@EFOR_Development_Department) assigned mentor. Данные: {'mentor_id': 5, 'trainee_id': 9}
2025-07-11 15:44:02 - telegram_bot - INFO - Создан новый доступ к тесту 1 для стажёра 9
2025-07-11 15:44:02 - telegram_bot - INFO - Уведомление о тесте 'Приготовление кофе' отправлено стажеру 199331534
2025-07-11 15:44:02 - telegram_bot - INFO - Пользователь 7118826824 (@SovaTechSales) granted test access. Данные: {'test_id': 1, 'trainee_id': 9}
2025-07-11 15:52:02 - telegram_bot - INFO - Пользователь 7197129915 (@EFOR_Development_Department) auto authentication. Данные: {'role': 'Рекрутер', 'user_id': 6}
2025-07-11 15:52:02 - telegram_bot - INFO - Пользователь 7197129915 (@EFOR_Development_Department) started test creation
2025-07-11 15:52:34 - telegram_bot - INFO - Пользователь 7197129915 (@EFOR_Development_Department) cancelled admin operation
2025-07-11 15:52:36 - telegram_bot - INFO - Пользователь 7197129915 (@EFOR_Development_Department) auto authentication. Данные: {'role': 'Рекрутер', 'user_id': 6}
2025-07-11 15:52:36 - telegram_bot - INFO - Пользователь 7197129915 (@EFOR_Development_Department) started test creation
2025-07-11 16:11:29 - telegram_bot - INFO - Пользователь 453388874 (@Saint_Whirlwind) started bot - already registered
2025-07-11 16:11:29 - telegram_bot - INFO - Пользователь 453388874 (@Saint_Whirlwind) successful login from start. Данные: {'role': 'Стажер', 'user_id': 4}
2025-07-11 16:11:32 - telegram_bot - INFO - Пользователь 453388874 (@Saint_Whirlwind) viewed mentor info
2025-07-11 16:11:49 - telegram_bot - INFO - Пользователь 453388874 (@Saint_Whirlwind) viewed mentor info
2025-07-12 18:13:18 - telegram_bot - INFO - Пользователь 913964240 (@a1ex_sav) auto authentication. Данные: {'role': 'Рекрутер', 'user_id': 1}
2025-07-13 11:52:53 - telegram_bot - INFO - Завершение работы...
2025-07-13 11:52:53 - telegram_bot - INFO - Бот остановлен
2025-07-13 11:52:53 - telegram_bot - INFO - Бот остановлен по прерыванию с клавиатуры
