2025-07-09 17:21:51 - telegram_bot - INFO - Проверка переменных окружения успешно пройдена
2025-07-09 17:21:51 - telegram_bot - INFO - Инициализация базы данных...
2025-07-09 17:21:51 - telegram_bot - INFO - Обновление прав доступа для ролей...
2025-07-09 17:21:51 - telegram_bot - INFO - Право create_tests удалено у роли 2
2025-07-09 17:21:51 - telegram_bot - INFO - Право edit_tests удалено у роли 2
2025-07-09 17:21:51 - telegram_bot - INFO - Удалены права create_tests и edit_tests у роли Сотрудник
2025-07-09 17:21:51 - telegram_bot - INFO - Обновление прав доступа завершено
2025-07-09 17:21:51 - telegram_bot - INFO - Настройка команд бота...
2025-07-09 17:21:51 - telegram_bot - INFO - Запуск бота...
2025-07-09 17:21:58 - telegram_bot - INFO - Пользователь 913964240 (@a1ex_sav) started bot - already registered
2025-07-09 17:21:58 - telegram_bot - INFO - Пользователь 913964240 (@a1ex_sav) successful login from start. Данные: {'role': 'Стажер', 'user_id': 1}
2025-07-09 17:22:13 - telegram_bot - INFO - Пользователь 913964240 (@a1ex_sav) attempted to register again
2025-07-09 17:22:17 - telegram_bot - INFO - Пользователь 913964240 (@a1ex_sav) successful login. Данные: {'role': 'Стажер', 'user_id': 1}
2025-07-09 17:22:19 - telegram_bot - INFO - Пользователь 913964240 (@a1ex_sav) auto authentication. Данные: {'role': 'Стажер', 'user_id': 1}
2025-07-09 17:22:52 - telegram_bot - INFO - Пользователь 913964240 (@a1ex_sav) logout
2025-07-09 17:23:01 - telegram_bot - INFO - Пользователь 913964240 (@a1ex_sav) successful login. Данные: {'role': 'Стажер', 'user_id': 1}
2025-07-09 17:23:02 - telegram_bot - INFO - Пользователь 913964240 (@a1ex_sav) auto authentication. Данные: {'role': 'Стажер', 'user_id': 1}
2025-07-09 17:24:29 - telegram_bot - INFO - Завершение работы...
2025-07-09 17:24:29 - telegram_bot - INFO - Бот остановлен
2025-07-09 17:24:29 - telegram_bot - INFO - Бот остановлен по прерыванию с клавиатуры
2025-07-09 17:24:33 - telegram_bot - INFO - Проверка переменных окружения успешно пройдена
2025-07-09 17:24:33 - telegram_bot - INFO - Инициализация базы данных...
2025-07-09 17:24:33 - telegram_bot - INFO - Обновление прав доступа для ролей...
2025-07-09 17:24:33 - telegram_bot - INFO - Право create_tests удалено у роли 2
2025-07-09 17:24:33 - telegram_bot - INFO - Право edit_tests удалено у роли 2
2025-07-09 17:24:33 - telegram_bot - INFO - Удалены права create_tests и edit_tests у роли Сотрудник
2025-07-09 17:24:33 - telegram_bot - INFO - Обновление прав доступа завершено
2025-07-09 17:24:33 - telegram_bot - INFO - Настройка команд бота...
2025-07-09 17:24:33 - telegram_bot - INFO - Запуск бота...
2025-07-09 17:24:38 - telegram_bot - INFO - Пользователь 913964240 (@a1ex_sav) started bot - already registered
2025-07-09 17:24:38 - telegram_bot - INFO - Пользователь 913964240 (@a1ex_sav) successful login from start. Данные: {'role': 'Стажер', 'user_id': 1}
2025-07-09 17:24:42 - telegram_bot - INFO - Пользователь 913964240 (@a1ex_sav) profile menu clicked: available_tests
2025-07-09 17:24:43 - telegram_bot - INFO - Пользователь 913964240 (@a1ex_sav) profile menu clicked: view_scores
2025-07-09 17:24:45 - telegram_bot - INFO - Пользователь 913964240 (@a1ex_sav) profile menu clicked: my_mentor
2025-07-09 17:28:45 - telegram_bot - INFO - Завершение работы...
2025-07-09 17:28:45 - telegram_bot - INFO - Бот остановлен
2025-07-09 17:28:45 - telegram_bot - INFO - Бот остановлен по прерыванию с клавиатуры
2025-07-09 17:28:49 - telegram_bot - INFO - Проверка переменных окружения успешно пройдена
2025-07-09 17:28:49 - telegram_bot - INFO - Инициализация базы данных...
2025-07-09 17:28:49 - telegram_bot - INFO - Обновление прав доступа для ролей...
2025-07-09 17:28:49 - telegram_bot - INFO - Право create_tests удалено у роли 2
2025-07-09 17:28:49 - telegram_bot - INFO - Право edit_tests удалено у роли 2
2025-07-09 17:28:49 - telegram_bot - INFO - Удалены права create_tests и edit_tests у роли Сотрудник
2025-07-09 17:28:49 - telegram_bot - INFO - Обновление прав доступа завершено
2025-07-09 17:28:49 - telegram_bot - INFO - Настройка команд бота...
2025-07-09 17:28:50 - telegram_bot - INFO - Запуск бота...
2025-07-09 17:28:51 - telegram_bot - INFO - Пользователь 913964240 (@a1ex_sav) started bot - already registered
2025-07-09 17:28:51 - telegram_bot - INFO - Пользователь 913964240 (@a1ex_sav) successful login from start. Данные: {'role': 'Стажер', 'user_id': 1}
2025-07-09 17:29:04 - telegram_bot - INFO - Завершение работы...
2025-07-09 17:29:04 - telegram_bot - INFO - Бот остановлен
2025-07-09 17:29:04 - telegram_bot - INFO - Бот остановлен по прерыванию с клавиатуры
2025-07-09 17:30:00 - telegram_bot - INFO - Проверка переменных окружения успешно пройдена
2025-07-09 17:30:00 - telegram_bot - INFO - Инициализация базы данных...
2025-07-09 17:30:00 - telegram_bot - INFO - Начальные данные успешно созданы
2025-07-09 17:30:00 - telegram_bot - INFO - Обновление прав доступа для ролей...
2025-07-09 17:30:00 - telegram_bot - INFO - Право create_tests удалено у роли 2
2025-07-09 17:30:00 - telegram_bot - INFO - Право edit_tests удалено у роли 2
2025-07-09 17:30:00 - telegram_bot - INFO - Удалены права create_tests и edit_tests у роли Сотрудник
2025-07-09 17:30:00 - telegram_bot - INFO - Обновление прав доступа завершено
2025-07-09 17:30:00 - telegram_bot - INFO - Настройка команд бота...
2025-07-09 17:30:01 - telegram_bot - INFO - Запуск бота...
2025-07-09 17:30:02 - telegram_bot - INFO - Пользователь 913964240 (@a1ex_sav) started bot - not registered
2025-07-09 17:30:04 - telegram_bot - INFO - Пользователь 913964240 (@a1ex_sav) started registration
2025-07-09 17:30:08 - telegram_bot - INFO - Пользователь 913964240 (@a1ex_sav) provided full name. Данные: {'full_name': 'Тест Тест'}
2025-07-09 17:30:11 - telegram_bot - INFO - Пользователь 913964240 (@a1ex_sav) provided phone manually. Данные: {'phone': '+79034005751'}
2025-07-09 17:30:17 - telegram_bot - INFO - Пользователь 913964240 (@a1ex_sav) completed registration. Данные: {'role': 'Стажер', 'full_name': 'Тест Тест'}
2025-07-09 17:30:26 - telegram_bot - INFO - Пользователь 913964240 (@a1ex_sav) successful login. Данные: {'role': 'Стажер', 'user_id': 1}
2025-07-09 17:30:29 - telegram_bot - INFO - Пользователь 913964240 (@a1ex_sav) auto authentication. Данные: {'role': 'Стажер', 'user_id': 1}
2025-07-09 17:33:01 - telegram_bot - INFO - Завершение работы...
2025-07-09 17:33:01 - telegram_bot - INFO - Бот остановлен
2025-07-09 17:33:01 - telegram_bot - INFO - Бот остановлен по прерыванию с клавиатуры
2025-07-09 17:48:30 - telegram_bot - INFO - Проверка переменных окружения успешно пройдена
2025-07-09 17:48:30 - telegram_bot - INFO - Инициализация базы данных...
2025-07-09 17:48:30 - telegram_bot - INFO - Обновление прав доступа для ролей...
2025-07-09 17:48:30 - telegram_bot - INFO - Право create_tests удалено у роли 2
2025-07-09 17:48:30 - telegram_bot - INFO - Право edit_tests удалено у роли 2
2025-07-09 17:48:30 - telegram_bot - INFO - Удалены права create_tests и edit_tests у роли Сотрудник
2025-07-09 17:48:30 - telegram_bot - INFO - Обновление прав доступа завершено
2025-07-09 17:48:30 - telegram_bot - INFO - Настройка команд бота...
2025-07-09 17:48:30 - telegram_bot - INFO - Запуск бота...
2025-07-09 17:48:37 - telegram_bot - INFO - Пользователь 913964240 (@a1ex_sav) started bot - already registered
2025-07-09 17:48:37 - telegram_bot - INFO - Пользователь 913964240 (@a1ex_sav) successful login from start. Данные: {'role': 'Стажер', 'user_id': 1}
2025-07-09 17:48:52 - telegram_bot - INFO - Пользователь 913964240 (@a1ex_sav) auto authentication. Данные: {'role': 'Стажер', 'user_id': 1}
2025-07-09 17:48:56 - telegram_bot - INFO - Пользователь 913964240 (@a1ex_sav) unexpected_callback. Данные: {'state': None, 'data': 'my_mentor'}
2025-07-09 17:48:59 - telegram_bot - INFO - Пользователь 913964240 (@a1ex_sav) started bot - already registered
2025-07-09 17:48:59 - telegram_bot - INFO - Пользователь 913964240 (@a1ex_sav) successful login from start. Данные: {'role': 'Стажер', 'user_id': 1}
2025-07-09 17:49:01 - telegram_bot - INFO - Пользователь 913964240 (@a1ex_sav) unexpected_callback. Данные: {'state': None, 'data': 'my_mentor'}
2025-07-09 17:50:19 - telegram_bot - INFO - Завершение работы...
2025-07-09 17:50:19 - telegram_bot - INFO - Бот остановлен
2025-07-09 17:50:19 - telegram_bot - INFO - Бот остановлен по прерыванию с клавиатуры
2025-07-09 17:50:23 - telegram_bot - INFO - Проверка переменных окружения успешно пройдена
2025-07-09 17:50:23 - telegram_bot - INFO - Инициализация базы данных...
2025-07-09 17:50:23 - telegram_bot - INFO - Обновление прав доступа для ролей...
2025-07-09 17:50:23 - telegram_bot - INFO - Право create_tests удалено у роли 2
2025-07-09 17:50:23 - telegram_bot - INFO - Право edit_tests удалено у роли 2
2025-07-09 17:50:23 - telegram_bot - INFO - Удалены права create_tests и edit_tests у роли Сотрудник
2025-07-09 17:50:23 - telegram_bot - INFO - Обновление прав доступа завершено
2025-07-09 17:50:23 - telegram_bot - INFO - Настройка команд бота...
2025-07-09 17:50:24 - telegram_bot - INFO - Запуск бота...
2025-07-09 17:50:29 - telegram_bot - INFO - Пользователь 913964240 (@a1ex_sav) started bot - already registered
2025-07-09 17:50:29 - telegram_bot - INFO - Пользователь 913964240 (@a1ex_sav) successful login from start. Данные: {'role': 'Стажер', 'user_id': 1}
2025-07-09 17:50:37 - telegram_bot - INFO - Завершение работы...
2025-07-09 17:50:37 - telegram_bot - INFO - Бот остановлен
2025-07-09 17:50:37 - telegram_bot - INFO - Бот остановлен по прерыванию с клавиатуры
2025-07-09 18:12:22 - telegram_bot - INFO - Проверка переменных окружения успешно пройдена
2025-07-09 18:12:22 - telegram_bot - INFO - Инициализация базы данных...
2025-07-09 18:12:22 - telegram_bot - INFO - Обновление прав доступа для ролей...
2025-07-09 18:12:22 - telegram_bot - INFO - Право create_tests удалено у роли 2
2025-07-09 18:12:22 - telegram_bot - INFO - Право edit_tests удалено у роли 2
2025-07-09 18:12:22 - telegram_bot - INFO - Удалены права create_tests и edit_tests у роли Сотрудник
2025-07-09 18:12:22 - telegram_bot - INFO - Обновление прав доступа завершено
2025-07-09 18:12:22 - telegram_bot - INFO - Настройка команд бота...
2025-07-09 18:12:23 - telegram_bot - INFO - Запуск бота...
2025-07-09 18:12:32 - telegram_bot - INFO - Пользователь 913964240 (@a1ex_sav) started bot - already registered
2025-07-09 18:12:32 - telegram_bot - INFO - Пользователь 913964240 (@a1ex_sav) successful login from start. Данные: {'role': 'Стажер', 'user_id': 1}
2025-07-09 18:13:00 - telegram_bot - INFO - Пользователь 913964240 (@a1ex_sav) auto authentication. Данные: {'role': 'Стажер', 'user_id': 1}
2025-07-09 18:15:39 - telegram_bot - INFO - Завершение работы...
2025-07-09 18:15:39 - telegram_bot - INFO - Бот остановлен
2025-07-09 18:15:39 - telegram_bot - INFO - Бот остановлен по прерыванию с клавиатуры
2025-07-09 18:49:34 - telegram_bot - INFO - Проверка переменных окружения успешно пройдена
2025-07-09 18:49:34 - telegram_bot - INFO - Инициализация базы данных...
2025-07-09 18:49:34 - telegram_bot - INFO - Обновление прав доступа для ролей...
2025-07-09 18:49:34 - telegram_bot - INFO - Право create_tests удалено у роли 2
2025-07-09 18:49:34 - telegram_bot - INFO - Право edit_tests удалено у роли 2
2025-07-09 18:49:34 - telegram_bot - INFO - Удалены права create_tests и edit_tests у роли Сотрудник
2025-07-09 18:49:34 - telegram_bot - INFO - Обновление прав доступа завершено
2025-07-09 18:49:34 - telegram_bot - INFO - Настройка команд бота...
2025-07-09 18:49:35 - telegram_bot - INFO - Запуск бота...
2025-07-09 18:49:44 - telegram_bot - INFO - Пользователь 913964240 (@a1ex_sav) started bot - already registered
2025-07-09 18:49:44 - telegram_bot - INFO - Пользователь 913964240 (@a1ex_sav) successful login from start. Данные: {'role': 'Стажер', 'user_id': 1}
2025-07-09 18:49:47 - telegram_bot - ERROR - Необработанное исключение: 1 validation error for Message
from_user
  Instance is frozen [type=frozen_instance, input_value=User(id=913964240, is_bot..., has_main_web_app=None), input_type=User]
    For further information visit https://errors.pydantic.dev/2.11/v/frozen_instance
2025-07-09 18:50:05 - telegram_bot - ERROR - Необработанное исключение: 1 validation error for Message
from_user
  Instance is frozen [type=frozen_instance, input_value=User(id=913964240, is_bot..., has_main_web_app=None), input_type=User]
    For further information visit https://errors.pydantic.dev/2.11/v/frozen_instance
2025-07-09 18:50:06 - telegram_bot - ERROR - Необработанное исключение: 1 validation error for Message
from_user
  Instance is frozen [type=frozen_instance, input_value=User(id=913964240, is_bot..., has_main_web_app=None), input_type=User]
    For further information visit https://errors.pydantic.dev/2.11/v/frozen_instance
2025-07-09 18:53:35 - telegram_bot - INFO - Завершение работы...
2025-07-09 18:53:35 - telegram_bot - INFO - Бот остановлен
2025-07-09 18:53:35 - telegram_bot - INFO - Бот остановлен по прерыванию с клавиатуры
2025-07-09 18:53:39 - telegram_bot - INFO - Проверка переменных окружения успешно пройдена
2025-07-09 18:53:39 - telegram_bot - INFO - Инициализация базы данных...
2025-07-09 18:53:39 - telegram_bot - INFO - Обновление прав доступа для ролей...
2025-07-09 18:53:39 - telegram_bot - INFO - Право create_tests удалено у роли 2
2025-07-09 18:53:39 - telegram_bot - INFO - Право edit_tests удалено у роли 2
2025-07-09 18:53:39 - telegram_bot - INFO - Удалены права create_tests и edit_tests у роли Сотрудник
2025-07-09 18:53:39 - telegram_bot - INFO - Обновление прав доступа завершено
2025-07-09 18:53:39 - telegram_bot - INFO - Настройка команд бота...
2025-07-09 18:53:39 - telegram_bot - INFO - Запуск бота...
2025-07-09 18:53:44 - telegram_bot - INFO - Пользователь 913964240 (@a1ex_sav) started bot - already registered
2025-07-09 18:53:44 - telegram_bot - INFO - Пользователь 913964240 (@a1ex_sav) successful login from start. Данные: {'role': 'Стажер', 'user_id': 1}
2025-07-09 19:00:43 - telegram_bot - INFO - Завершение работы...
2025-07-09 19:00:43 - telegram_bot - INFO - Бот остановлен
2025-07-09 19:00:43 - telegram_bot - INFO - Бот остановлен по прерыванию с клавиатуры
2025-07-09 19:00:48 - telegram_bot - INFO - Проверка переменных окружения успешно пройдена
2025-07-09 19:00:48 - telegram_bot - INFO - Инициализация базы данных...
2025-07-09 19:00:48 - telegram_bot - INFO - Обновление прав доступа для ролей...
2025-07-09 19:00:48 - telegram_bot - INFO - Право create_tests удалено у роли 2
2025-07-09 19:00:48 - telegram_bot - INFO - Право edit_tests удалено у роли 2
2025-07-09 19:00:48 - telegram_bot - INFO - Удалены права create_tests и edit_tests у роли Сотрудник
2025-07-09 19:00:48 - telegram_bot - INFO - Обновление прав доступа завершено
2025-07-09 19:00:48 - telegram_bot - INFO - Настройка команд бота...
2025-07-09 19:00:48 - telegram_bot - INFO - Запуск бота...
2025-07-09 19:00:53 - telegram_bot - INFO - Пользователь 913964240 (@a1ex_sav) started bot - already registered
2025-07-09 19:00:53 - telegram_bot - INFO - Пользователь 913964240 (@a1ex_sav) successful login from start. Данные: {'role': 'Стажер', 'user_id': 1}
2025-07-09 19:00:56 - telegram_bot - ERROR - Необработанное исключение: cannot import name 'show_available_tests' from 'handlers.test_taking' (C:\Users\Shura\Desktop\HRD-bot\test1\handlers\test_taking.py)
2025-07-09 19:01:01 - telegram_bot - ERROR - Необработанное исключение: cannot import name 'show_test_results' from 'handlers.test_taking' (C:\Users\Shura\Desktop\HRD-bot\test1\handlers\test_taking.py)
2025-07-09 19:06:36 - telegram_bot - INFO - Завершение работы...
2025-07-09 19:06:36 - telegram_bot - INFO - Бот остановлен
2025-07-09 19:06:36 - telegram_bot - INFO - Бот остановлен по прерыванию с клавиатуры
2025-07-09 19:06:42 - telegram_bot - INFO - Проверка переменных окружения успешно пройдена
2025-07-09 19:06:42 - telegram_bot - INFO - Инициализация базы данных...
2025-07-09 19:06:43 - telegram_bot - INFO - Обновление прав доступа для ролей...
2025-07-09 19:06:43 - telegram_bot - INFO - Право create_tests удалено у роли 2
2025-07-09 19:06:43 - telegram_bot - INFO - Право edit_tests удалено у роли 2
2025-07-09 19:06:43 - telegram_bot - INFO - Удалены права create_tests и edit_tests у роли Сотрудник
2025-07-09 19:06:43 - telegram_bot - INFO - Обновление прав доступа завершено
2025-07-09 19:06:43 - telegram_bot - INFO - Настройка команд бота...
2025-07-09 19:06:43 - telegram_bot - INFO - Запуск бота...
2025-07-09 19:06:46 - telegram_bot - INFO - Пользователь 913964240 (@a1ex_sav) started bot - already registered
2025-07-09 19:06:46 - telegram_bot - INFO - Пользователь 913964240 (@a1ex_sav) successful login from start. Данные: {'role': 'Стажер', 'user_id': 1}
2025-07-09 19:08:32 - telegram_bot - INFO - Пользователь 913964240 (@a1ex_sav) attempted to register again
2025-07-09 19:08:37 - telegram_bot - INFO - Пользователь 913964240 (@a1ex_sav) successful login. Данные: {'role': 'Стажер', 'user_id': 1}
2025-07-09 19:09:00 - telegram_bot - INFO - Завершение работы...
2025-07-09 19:09:00 - telegram_bot - INFO - Бот остановлен
2025-07-09 19:09:00 - telegram_bot - INFO - Бот остановлен по прерыванию с клавиатуры
2025-07-09 19:09:15 - telegram_bot - INFO - Проверка переменных окружения успешно пройдена
2025-07-09 19:09:15 - telegram_bot - INFO - Инициализация базы данных...
2025-07-09 19:09:15 - telegram_bot - INFO - Начальные данные успешно созданы
2025-07-09 19:09:15 - telegram_bot - INFO - Обновление прав доступа для ролей...
2025-07-09 19:09:15 - telegram_bot - INFO - Право create_tests удалено у роли 2
2025-07-09 19:09:15 - telegram_bot - INFO - Право edit_tests удалено у роли 2
2025-07-09 19:09:15 - telegram_bot - INFO - Удалены права create_tests и edit_tests у роли Сотрудник
2025-07-09 19:09:15 - telegram_bot - INFO - Обновление прав доступа завершено
2025-07-09 19:09:15 - telegram_bot - INFO - Настройка команд бота...
2025-07-09 19:09:16 - telegram_bot - INFO - Запуск бота...
2025-07-09 19:09:20 - telegram_bot - INFO - Пользователь 913964240 (@a1ex_sav) started bot - not registered
2025-07-09 19:09:21 - telegram_bot - INFO - Пользователь 913964240 (@a1ex_sav) started registration
2025-07-09 19:09:24 - telegram_bot - INFO - Пользователь 913964240 (@a1ex_sav) provided full name. Данные: {'full_name': 'Тест Тест'}
2025-07-09 19:09:28 - telegram_bot - INFO - Пользователь 913964240 (@a1ex_sav) provided phone manually. Данные: {'phone': '+79034005751'}
2025-07-09 19:09:31 - telegram_bot - INFO - Пользователь 913964240 (@a1ex_sav) completed registration. Данные: {'role': 'Стажер', 'full_name': 'Тест Тест'}
2025-07-09 19:09:33 - telegram_bot - INFO - Пользователь 913964240 (@a1ex_sav) successful login. Данные: {'role': 'Стажер', 'user_id': 1}
2025-07-09 19:12:10 - telegram_bot - INFO - Завершение работы...
2025-07-09 19:12:10 - telegram_bot - INFO - Бот остановлен
2025-07-09 19:12:10 - telegram_bot - INFO - Бот остановлен по прерыванию с клавиатуры
2025-07-09 19:35:11 - telegram_bot - INFO - Проверка переменных окружения успешно пройдена
2025-07-09 19:35:11 - telegram_bot - INFO - Инициализация базы данных...
2025-07-09 19:35:11 - telegram_bot - INFO - Начальные данные успешно созданы
2025-07-09 19:35:11 - telegram_bot - INFO - Обновление прав доступа для ролей...
2025-07-09 19:35:11 - telegram_bot - INFO - Право create_tests удалено у роли 2
2025-07-09 19:35:11 - telegram_bot - INFO - Право edit_tests удалено у роли 2
2025-07-09 19:35:11 - telegram_bot - INFO - Удалены права create_tests и edit_tests у роли Сотрудник
2025-07-09 19:35:11 - telegram_bot - INFO - Обновление прав доступа завершено
2025-07-09 19:35:11 - telegram_bot - INFO - Настройка команд бота...
2025-07-09 19:35:12 - telegram_bot - INFO - Запуск бота...
2025-07-09 19:35:21 - telegram_bot - INFO - Пользователь 913964240 (@a1ex_sav) started bot - not registered
2025-07-09 19:35:22 - telegram_bot - INFO - Пользователь 913964240 (@a1ex_sav) started registration
2025-07-09 19:35:26 - telegram_bot - INFO - Пользователь 913964240 (@a1ex_sav) provided full name. Данные: {'full_name': 'Тес Тест'}
2025-07-09 19:35:31 - telegram_bot - INFO - Пользователь 913964240 (@a1ex_sav) provided phone manually. Данные: {'phone': '+79034005751'}
2025-07-09 19:35:34 - telegram_bot - INFO - Пользователь 913964240 (@a1ex_sav) completed registration. Данные: {'role': 'Стажер', 'full_name': 'Тес Тест'}
2025-07-09 19:35:39 - telegram_bot - INFO - Пользователь 913964240 (@a1ex_sav) successful login. Данные: {'role': 'Стажер', 'user_id': 1}
2025-07-09 19:36:03 - telegram_bot - INFO - Завершение работы...
2025-07-09 19:36:03 - telegram_bot - INFO - Бот остановлен
2025-07-09 19:36:03 - telegram_bot - INFO - Бот остановлен по прерыванию с клавиатуры
2025-07-09 19:36:27 - telegram_bot - INFO - Проверка переменных окружения успешно пройдена
2025-07-09 19:36:27 - telegram_bot - INFO - Инициализация базы данных...
2025-07-09 19:36:27 - telegram_bot - INFO - Обновление прав доступа для ролей...
2025-07-09 19:36:27 - telegram_bot - INFO - Право create_tests удалено у роли 2
2025-07-09 19:36:27 - telegram_bot - INFO - Право edit_tests удалено у роли 2
2025-07-09 19:36:27 - telegram_bot - INFO - Удалены права create_tests и edit_tests у роли Сотрудник
2025-07-09 19:36:27 - telegram_bot - INFO - Обновление прав доступа завершено
2025-07-09 19:36:27 - telegram_bot - INFO - Настройка команд бота...
2025-07-09 19:36:28 - telegram_bot - INFO - Запуск бота...
2025-07-09 19:36:31 - telegram_bot - INFO - Пользователь 913964240 (@a1ex_sav) started bot - already registered
2025-07-09 19:36:31 - telegram_bot - INFO - Пользователь 913964240 (@a1ex_sav) successful login from start. Данные: {'role': 'Стажер', 'user_id': 1}
2025-07-09 19:37:46 - telegram_bot - INFO - Пользователь 7233422441 (@creatymoment) started bot - not registered
2025-07-09 19:37:48 - telegram_bot - INFO - Пользователь 7233422441 (@creatymoment) started registration
2025-07-09 19:37:52 - telegram_bot - INFO - Пользователь 7233422441 (@creatymoment) provided full name. Данные: {'full_name': 'Test Est'}
2025-07-09 19:37:59 - telegram_bot - INFO - Пользователь 7233422441 (@creatymoment) provided phone manually. Данные: {'phone': '+79994005756'}
2025-07-09 19:38:04 - telegram_bot - INFO - Пользователь 7233422441 (@creatymoment) completed registration. Данные: {'role': 'Сотрудник', 'full_name': 'Test Est'}
2025-07-09 19:38:19 - telegram_bot - INFO - Пользователь 7233422441 (@creatymoment) started bot - already registered
2025-07-09 19:38:19 - telegram_bot - INFO - Пользователь 7233422441 (@creatymoment) successful login from start. Данные: {'role': 'Сотрудник', 'user_id': 2}
2025-07-09 19:38:53 - telegram_bot - INFO - Пользователь 6998855824 (@неизвестен) started bot - not registered
2025-07-09 19:38:56 - telegram_bot - INFO - Пользователь 6998855824 (@неизвестен) started registration
2025-07-09 19:39:00 - telegram_bot - INFO - Пользователь 6998855824 (@неизвестен) provided full name. Данные: {'full_name': 'Godo Godod'}
2025-07-09 19:39:08 - telegram_bot - INFO - Пользователь 6998855824 (@неизвестен) provided phone manually. Данные: {'phone': '+78497004746'}
2025-07-09 19:39:11 - telegram_bot - INFO - Пользователь 6998855824 (@неизвестен) completed registration. Данные: {'role': 'Рекрутер', 'full_name': 'Godo Godod'}
2025-07-09 19:39:14 - telegram_bot - INFO - Пользователь 6998855824 (@неизвестен) started bot - already registered
2025-07-09 19:39:14 - telegram_bot - INFO - Пользователь 6998855824 (@неизвестен) successful login from start. Данные: {'role': 'Рекрутер', 'user_id': 3}
2025-07-09 19:59:44 - telegram_bot - INFO - Завершение работы...
2025-07-09 19:59:44 - telegram_bot - INFO - Бот остановлен
2025-07-09 19:59:44 - telegram_bot - INFO - Бот остановлен по прерыванию с клавиатуры
2025-07-09 20:01:36 - telegram_bot - INFO - Проверка переменных окружения успешно пройдена
2025-07-09 20:01:36 - telegram_bot - INFO - Инициализация базы данных...
2025-07-09 20:01:37 - telegram_bot - INFO - Обновление прав доступа для ролей...
2025-07-09 20:01:37 - telegram_bot - INFO - Право create_tests удалено у роли 2
2025-07-09 20:01:37 - telegram_bot - INFO - Право edit_tests удалено у роли 2
2025-07-09 20:01:37 - telegram_bot - INFO - Удалены права create_tests и edit_tests у роли Сотрудник
2025-07-09 20:01:37 - telegram_bot - INFO - Обновление прав доступа завершено
2025-07-09 20:01:37 - telegram_bot - INFO - Настройка команд бота...
2025-07-09 20:01:37 - telegram_bot - INFO - Запуск бота...
2025-07-09 20:01:51 - telegram_bot - INFO - Пользователь 913964240 (@a1ex_sav) started bot - already registered
2025-07-09 20:01:52 - telegram_bot - INFO - Пользователь 913964240 (@a1ex_sav) successful login from start. Данные: {'role': 'Стажер', 'user_id': 1}
2025-07-09 20:02:03 - telegram_bot - INFO - Пользователь 913964240 (@a1ex_sav) attempted to register again
2025-07-09 20:02:10 - telegram_bot - INFO - Завершение работы...
2025-07-09 20:02:10 - telegram_bot - INFO - Бот остановлен
2025-07-09 20:02:10 - telegram_bot - INFO - Бот остановлен по прерыванию с клавиатуры
2025-07-09 20:02:42 - telegram_bot - INFO - Проверка переменных окружения успешно пройдена
2025-07-09 20:02:42 - telegram_bot - INFO - Инициализация базы данных...
2025-07-09 20:02:42 - telegram_bot - INFO - Обновление прав доступа для ролей...
2025-07-09 20:02:42 - telegram_bot - INFO - Право create_tests удалено у роли 2
2025-07-09 20:02:42 - telegram_bot - INFO - Право edit_tests удалено у роли 2
2025-07-09 20:02:42 - telegram_bot - INFO - Удалены права create_tests и edit_tests у роли Сотрудник
2025-07-09 20:02:42 - telegram_bot - INFO - Обновление прав доступа завершено
2025-07-09 20:02:42 - telegram_bot - INFO - Настройка команд бота...
2025-07-09 20:02:42 - telegram_bot - INFO - Запуск бота...
2025-07-09 20:02:49 - telegram_bot - INFO - Пользователь 913964240 (@a1ex_sav) started bot - already registered
2025-07-09 20:02:50 - telegram_bot - INFO - Пользователь 913964240 (@a1ex_sav) successful login from start. Данные: {'role': 'Стажер', 'user_id': 1}
2025-07-09 20:11:28 - telegram_bot - INFO - Завершение работы...
2025-07-09 20:11:28 - telegram_bot - INFO - Бот остановлен
2025-07-09 20:11:28 - telegram_bot - INFO - Бот остановлен по прерыванию с клавиатуры
2025-07-09 20:15:41 - telegram_bot - INFO - Проверка переменных окружения успешно пройдена
2025-07-09 20:15:41 - telegram_bot - INFO - Инициализация базы данных...
2025-07-09 20:15:41 - telegram_bot - INFO - Обновление прав доступа для ролей...
2025-07-09 20:15:41 - telegram_bot - INFO - Право create_tests удалено у роли 2
2025-07-09 20:15:41 - telegram_bot - INFO - Право edit_tests удалено у роли 2
2025-07-09 20:15:41 - telegram_bot - INFO - Удалены права create_tests и edit_tests у роли Сотрудник
2025-07-09 20:15:41 - telegram_bot - INFO - Обновление прав доступа завершено
2025-07-09 20:15:41 - telegram_bot - INFO - Настройка команд бота...
2025-07-09 20:15:41 - telegram_bot - INFO - Запуск бота...
2025-07-09 20:15:52 - telegram_bot - INFO - Пользователь 913964240 (@a1ex_sav) started bot - already registered
2025-07-09 20:15:52 - telegram_bot - INFO - Пользователь 913964240 (@a1ex_sav) successful login from start. Данные: {'role': 'Стажер', 'user_id': 1}
2025-07-09 20:16:22 - telegram_bot - INFO - Завершение работы...
2025-07-09 20:16:22 - telegram_bot - INFO - Бот остановлен
2025-07-09 20:16:22 - telegram_bot - INFO - Бот остановлен по прерыванию с клавиатуры
2025-07-09 20:34:10 - telegram_bot - INFO - Проверка переменных окружения успешно пройдена
2025-07-09 20:34:10 - telegram_bot - INFO - Инициализация базы данных...
2025-07-09 20:34:10 - telegram_bot - INFO - Обновление прав доступа для ролей...
2025-07-09 20:34:10 - telegram_bot - INFO - Право create_tests удалено у роли 2
2025-07-09 20:34:10 - telegram_bot - INFO - Право edit_tests удалено у роли 2
2025-07-09 20:34:10 - telegram_bot - INFO - Удалены права create_tests и edit_tests у роли Сотрудник
2025-07-09 20:34:10 - telegram_bot - INFO - Обновление прав доступа завершено
2025-07-09 20:34:10 - telegram_bot - INFO - Настройка команд бота...
2025-07-09 20:34:11 - telegram_bot - INFO - Запуск бота...
2025-07-09 20:34:17 - telegram_bot - INFO - Пользователь 913964240 (@a1ex_sav) started bot - already registered
2025-07-09 20:34:18 - telegram_bot - INFO - Пользователь 913964240 (@a1ex_sav) successful login from start. Данные: {'role': 'Стажер', 'user_id': 1}
2025-07-09 20:34:24 - telegram_bot - INFO - Пользователь 913964240 (@a1ex_sav) auto authentication. Данные: {'role': 'Стажер', 'user_id': 1}
2025-07-09 20:34:28 - telegram_bot - INFO - Пользователь 913964240 (@a1ex_sav) auto authentication. Данные: {'role': 'Стажер', 'user_id': 1}
2025-07-09 20:37:57 - telegram_bot - INFO - Завершение работы...
2025-07-09 20:37:57 - telegram_bot - INFO - Бот остановлен
2025-07-09 20:37:57 - telegram_bot - INFO - Бот остановлен по прерыванию с клавиатуры
2025-07-09 20:42:48 - telegram_bot - INFO - Проверка переменных окружения успешно пройдена
2025-07-09 20:42:48 - telegram_bot - INFO - Инициализация базы данных...
2025-07-09 20:42:48 - telegram_bot - INFO - Обновление прав доступа для ролей...
2025-07-09 20:42:48 - telegram_bot - INFO - Право create_tests удалено у роли 2
2025-07-09 20:42:48 - telegram_bot - INFO - Право edit_tests удалено у роли 2
2025-07-09 20:42:48 - telegram_bot - INFO - Удалены права create_tests и edit_tests у роли Сотрудник
2025-07-09 20:42:48 - telegram_bot - INFO - Обновление прав доступа завершено
2025-07-09 20:42:48 - telegram_bot - INFO - Настройка команд бота...
2025-07-09 20:42:48 - telegram_bot - INFO - Запуск бота...
2025-07-09 20:42:54 - telegram_bot - INFO - Пользователь 913964240 (@a1ex_sav) started bot - already registered
2025-07-09 20:42:55 - telegram_bot - INFO - Пользователь 913964240 (@a1ex_sav) successful login from start. Данные: {'role': 'Стажер', 'user_id': 1}
2025-07-09 20:43:20 - telegram_bot - INFO - Пользователь 6998855824 (@неизвестен) auto authentication. Данные: {'role': 'Рекрутер', 'user_id': 3}
2025-07-09 20:43:21 - telegram_bot - INFO - Пользователь 6998855824 (@неизвестен) started test creation
2025-07-09 20:43:23 - telegram_bot - INFO - Пользователь 6998855824 (@неизвестен) cancelled admin operation
2025-07-09 20:43:24 - telegram_bot - INFO - Пользователь 6998855824 (@неизвестен) auto authentication. Данные: {'role': 'Рекрутер', 'user_id': 3}
2025-07-09 20:43:26 - telegram_bot - INFO - Пользователь 6998855824 (@неизвестен) cancelled admin operation
2025-07-09 20:43:27 - telegram_bot - INFO - Пользователь 6998855824 (@неизвестен) auto authentication. Данные: {'role': 'Рекрутер', 'user_id': 3}
2025-07-09 20:43:27 - telegram_bot - INFO - Пользователь 6998855824 (@неизвестен) opened mentor assignment
2025-07-09 20:43:29 - telegram_bot - INFO - Пользователь 6998855824 (@неизвестен) cancelled admin operation
2025-07-09 20:43:30 - telegram_bot - INFO - Пользователь 6998855824 (@неизвестен) auto authentication. Данные: {'role': 'Рекрутер', 'user_id': 3}
2025-07-09 20:43:30 - telegram_bot - INFO - Пользователь 6998855824 (@неизвестен) viewed mentors list
2025-07-09 20:43:35 - telegram_bot - INFO - Пользователь 6998855824 (@неизвестен) opened mentor assignment
2025-07-09 20:43:49 - telegram_bot - INFO - Пользователь 6998855824 (@неизвестен) viewed trainees list
2025-07-09 20:43:57 - telegram_bot - INFO - Пользователь 6998855824 (@неизвестен) viewed new users list
2025-07-09 20:59:47 - telegram_bot - INFO - Завершение работы...
2025-07-09 20:59:47 - telegram_bot - INFO - Бот остановлен
2025-07-09 20:59:47 - telegram_bot - INFO - Бот остановлен по прерыванию с клавиатуры
2025-07-09 20:59:53 - telegram_bot - INFO - Проверка переменных окружения успешно пройдена
2025-07-09 20:59:53 - telegram_bot - INFO - Инициализация базы данных...
2025-07-09 20:59:53 - telegram_bot - INFO - Обновление прав доступа для ролей...
2025-07-09 20:59:53 - telegram_bot - INFO - Право create_tests удалено у роли 2
2025-07-09 20:59:53 - telegram_bot - INFO - Право edit_tests удалено у роли 2
2025-07-09 20:59:53 - telegram_bot - INFO - Удалены права create_tests и edit_tests у роли Сотрудник
2025-07-09 20:59:53 - telegram_bot - INFO - Обновление прав доступа завершено
2025-07-09 20:59:53 - telegram_bot - INFO - Настройка команд бота...
2025-07-09 20:59:53 - telegram_bot - INFO - Запуск бота...
2025-07-09 21:00:18 - telegram_bot - INFO - Пользователь 6998855824 (@неизвестен) auto authentication. Данные: {'role': 'Рекрутер', 'user_id': 3}
2025-07-09 21:00:18 - telegram_bot - INFO - Пользователь 6998855824 (@неизвестен) started test creation
2025-07-09 21:00:49 - telegram_bot - INFO - Тест 'Тест' создан успешно (ID: 1)
2025-07-09 21:00:49 - telegram_bot - INFO - Пользователь 6998855824 (@неизвестен) created test with questions. Данные: {'test_id': 1, 'questions_count': 1}
2025-07-09 21:00:57 - telegram_bot - INFO - Пользователь 6998855824 (@неизвестен) auto authentication. Данные: {'role': 'Рекрутер', 'user_id': 3}
2025-07-09 21:00:57 - telegram_bot - INFO - Пользователь 6998855824 (@неизвестен) opened mentor assignment
2025-07-09 21:01:02 - telegram_bot - INFO - Наставник Test Est назначен стажеру Тес Тест
2025-07-09 21:01:02 - telegram_bot - INFO - Пользователь 6998855824 (@неизвестен) assigned mentor. Данные: {'mentor_id': 2, 'trainee_id': 1}
2025-07-09 21:01:39 - telegram_bot - INFO - Пользователь 6998855824 (@неизвестен) auto authentication. Данные: {'role': 'Рекрутер', 'user_id': 3}
2025-07-09 21:01:42 - telegram_bot - INFO - Пользователь 6998855824 (@неизвестен) viewed test details. Данные: {'test_id': 1}
2025-07-09 21:01:58 - telegram_bot - INFO - Пользователь 7233422441 (@creatymoment) auto authentication. Данные: {'role': 'Сотрудник', 'user_id': 2}
2025-07-09 21:02:01 - telegram_bot - INFO - Пользователь 7233422441 (@creatymoment) viewed test details. Данные: {'test_id': 1}
2025-07-09 21:02:04 - telegram_bot - INFO - Уведомление о тесте 'Тест' отправлено стажеру 913964240
2025-07-09 21:02:04 - telegram_bot - INFO - Пользователь 7233422441 (@creatymoment) granted test access. Данные: {'test_id': 1, 'trainee_id': 1}
2025-07-09 21:02:13 - telegram_bot - INFO - Пользователь 913964240 (@a1ex_sav) viewed test details. Данные: {'test_id': 1}
2025-07-09 21:02:17 - telegram_bot - INFO - Пользователь 913964240 (@a1ex_sav) unexpected_callback. Данные: {'state': None, 'data': 'start_test:1'}
2025-07-09 21:03:52 - telegram_bot - INFO - Завершение работы...
2025-07-09 21:03:52 - telegram_bot - INFO - Бот остановлен
2025-07-09 21:03:52 - telegram_bot - INFO - Бот остановлен по прерыванию с клавиатуры
2025-07-09 21:05:58 - telegram_bot - INFO - Проверка переменных окружения успешно пройдена
2025-07-09 21:05:58 - telegram_bot - INFO - Инициализация базы данных...
2025-07-09 21:05:58 - telegram_bot - INFO - Обновление прав доступа для ролей...
2025-07-09 21:05:58 - telegram_bot - INFO - Право create_tests удалено у роли 2
2025-07-09 21:05:58 - telegram_bot - INFO - Право edit_tests удалено у роли 2
2025-07-09 21:05:58 - telegram_bot - INFO - Удалены права create_tests и edit_tests у роли Сотрудник
2025-07-09 21:05:58 - telegram_bot - INFO - Обновление прав доступа завершено
2025-07-09 21:05:58 - telegram_bot - INFO - Настройка команд бота...
2025-07-09 21:05:58 - telegram_bot - INFO - Запуск бота...
2025-07-09 21:06:00 - telegram_bot - INFO - Пользователь 913964240 (@a1ex_sav) auto authentication. Данные: {'role': 'Стажер', 'user_id': 1}
2025-07-09 21:06:00 - telegram_bot - INFO - Пользователь 913964240 (@a1ex_sav) opened test taking
2025-07-09 21:06:02 - telegram_bot - INFO - Пользователь 913964240 (@a1ex_sav) viewed test details. Данные: {'test_id': 1}
2025-07-09 21:06:06 - telegram_bot - ERROR - Ошибка сохранения результата теста: (sqlalchemy.dialects.postgresql.asyncpg.IntegrityError) <class 'asyncpg.exceptions.ForeignKeyViolationError'>: INSERT или UPDATE в таблице "test_results" нарушает ограничение внешнего ключа "test_results_user_id_fkey"
DETAIL:  Ключ (user_id)=(913964240) отсутствует в таблице "users".
[SQL: INSERT INTO test_results (user_id, test_id, score, max_possible_score, is_passed, start_time, end_time, answers, answers_details, wrong_answers, created_date) VALUES ($1::INTEGER, $2::INTEGER, $3::FLOAT, $4::FLOAT, $5::BOOLEAN, $6::TIMESTAMP WITHOUT TIME ZONE, $7::TIMESTAMP WITHOUT TIME ZONE, $8::VARCHAR, $9::JSONB, $10::JSONB, $11::TIMESTAMP WITHOUT TIME ZONE) RETURNING test_results.id]
[parameters: (913964240, 1, 0, 1.5, False, datetime.datetime(2025, 7, 9, 21, 6, 2, 931441), datetime.datetime(2025, 7, 9, 21, 6, 6, 792504), '{}', '[{"question_id": 1, "answer": "gfdgfg", "is_correct": false, "time_spent": 3.859564}]', '[{"question": "\\u041a\\u0430\\u043a \\u0434\\u0435\\u043b\\u0430?", "user_answer": "gfdgfg", "correct_answer": "\\u041d\\u043e\\u0440\\u043c\\u0430\\u043b\\u044c\\u043d\\u043e"}]', datetime.datetime(2025, 7, 9, 21, 6, 6, 793505))]
(Background on this error at: https://sqlalche.me/e/20/gkpj)
2025-07-09 21:06:06 - telegram_bot - ERROR - Необработанное исключение: 'NoneType' object has no attribute 'id'
2025-07-09 21:08:30 - telegram_bot - INFO - Завершение работы...
2025-07-09 21:08:30 - telegram_bot - INFO - Бот остановлен
2025-07-09 21:08:30 - telegram_bot - INFO - Бот остановлен по прерыванию с клавиатуры
2025-07-09 21:08:34 - telegram_bot - INFO - Проверка переменных окружения успешно пройдена
2025-07-09 21:08:34 - telegram_bot - INFO - Инициализация базы данных...
2025-07-09 21:08:34 - telegram_bot - INFO - Обновление прав доступа для ролей...
2025-07-09 21:08:34 - telegram_bot - INFO - Право create_tests удалено у роли 2
2025-07-09 21:08:34 - telegram_bot - INFO - Право edit_tests удалено у роли 2
2025-07-09 21:08:34 - telegram_bot - INFO - Удалены права create_tests и edit_tests у роли Сотрудник
2025-07-09 21:08:34 - telegram_bot - INFO - Обновление прав доступа завершено
2025-07-09 21:08:34 - telegram_bot - INFO - Настройка команд бота...
2025-07-09 21:08:34 - telegram_bot - INFO - Запуск бота...
2025-07-09 21:08:37 - telegram_bot - INFO - Пользователь 913964240 (@a1ex_sav) successful login. Данные: {'role': 'Стажер', 'user_id': 1}
2025-07-09 21:08:38 - telegram_bot - INFO - Пользователь 913964240 (@a1ex_sav) auto authentication. Данные: {'role': 'Стажер', 'user_id': 1}
2025-07-09 21:08:38 - telegram_bot - INFO - Пользователь 913964240 (@a1ex_sav) opened test taking
2025-07-09 21:08:39 - telegram_bot - INFO - Пользователь 913964240 (@a1ex_sav) viewed test details. Данные: {'test_id': 1}
2025-07-09 21:08:44 - telegram_bot - INFO - Результат теста сохранен для пользователя 1, тест 1
2025-07-09 21:08:44 - telegram_bot - ERROR - Исключение: Telegram server says - Bad Request: message can't be edited
Обновление: update_id=258256873 message=Message(message_id=2578, date=datetime.datetime(2025, 7, 9, 18, 8, 44, tzinfo=TzInfo(UTC)), chat=Chat(id=913964240, type='private', title=None, username='a1ex_sav', first_name='Александр', last_name='Савин', is_forum=None, accent_color_id=None, active_usernames=None, available_reactions=None, background_custom_emoji_id=None, bio=None, birthdate=None, business_intro=None, business_location=None, business_opening_hours=None, can_set_sticker_set=None, custom_emoji_sticker_set_name=None, description=None, emoji_status_custom_emoji_id=None, emoji_status_expiration_date=None, has_aggressive_anti_spam_enabled=None, has_hidden_members=None, has_private_forwards=None, has_protected_content=None, has_restricted_voice_and_video_messages=None, has_visible_history=None, invite_link=None, join_by_request=None, join_to_send_messages=None, linked_chat_id=None, location=None, message_auto_delete_time=None, permissions=None, personal_chat=None, photo=None, pinned_message=None, profile_accent_color_id=None, profile_background_custom_emoji_id=None, slow_mode_delay=None, sticker_set_name=None, unrestrict_boost_count=None), message_thread_id=None, from_user=User(id=913964240, is_bot=False, first_name='Александр', last_name='Савин', username='a1ex_sav', language_code='ru', is_premium=True, added_to_attachment_menu=None, can_join_groups=None, can_read_all_group_messages=None, supports_inline_queries=None, can_connect_to_business=None, has_main_web_app=None), sender_chat=None, sender_boost_count=None, sender_business_bot=None, business_connection_id=None, forward_origin=None, is_topic_message=None, is_automatic_forward=None, reply_to_message=None, external_reply=None, quote=None, reply_to_story=None, via_bot=None, edit_date=None, has_protected_content=None, is_from_offline=None, media_group_id=None, author_signature=None, paid_star_count=None, text='fgcdfg', entities=None, link_preview_options=None, effect_id=None, animation=None, audio=None, document=None, paid_media=None, photo=None, sticker=None, story=None, video=None, video_note=None, voice=None, caption=None, caption_entities=None, show_caption_above_media=None, has_media_spoiler=None, contact=None, dice=None, game=None, poll=None, venue=None, location=None, new_chat_members=None, left_chat_member=None, new_chat_title=None, new_chat_photo=None, delete_chat_photo=None, group_chat_created=None, supergroup_chat_created=None, channel_chat_created=None, message_auto_delete_timer_changed=None, migrate_to_chat_id=None, migrate_from_chat_id=None, pinned_message=None, invoice=None, successful_payment=None, refunded_payment=None, users_shared=None, chat_shared=None, gift=None, unique_gift=None, connected_website=None, write_access_allowed=None, passport_data=None, proximity_alert_triggered=None, boost_added=None, chat_background_set=None, forum_topic_created=None, forum_topic_edited=None, forum_topic_closed=None, forum_topic_reopened=None, general_forum_topic_hidden=None, general_forum_topic_unhidden=None, giveaway_created=None, giveaway=None, giveaway_winners=None, giveaway_completed=None, paid_message_price_changed=None, video_chat_scheduled=None, video_chat_started=None, video_chat_ended=None, video_chat_participants_invited=None, web_app_data=None, reply_markup=None, forward_date=None, forward_from=None, forward_from_chat=None, forward_from_message_id=None, forward_sender_name=None, forward_signature=None, user_shared=None) edited_message=None channel_post=None edited_channel_post=None business_connection=None business_message=None edited_business_message=None deleted_business_messages=None message_reaction=None message_reaction_count=None inline_query=None chosen_inline_result=None callback_query=None shipping_query=None pre_checkout_query=None purchased_paid_media=None poll=None poll_answer=None my_chat_member=None chat_member=None chat_join_request=None chat_boost=None removed_chat_boost=None
Трассировка: Traceback (most recent call last):
  File "C:\Users\Shura\Desktop\HRD-bot\test1\.venv\Lib\site-packages\aiogram\dispatcher\middlewares\error.py", line 25, in __call__
    return await handler(event, data)
           ^^^^^^^^^^^^^^^^^^^^^^^^^^
  File "C:\Users\Shura\Desktop\HRD-bot\test1\.venv\Lib\site-packages\aiogram\dispatcher\middlewares\user_context.py", line 56, in __call__
    return await handler(event, data)
           ^^^^^^^^^^^^^^^^^^^^^^^^^^
  File "C:\Users\Shura\AppData\Local\Programs\Python\Python311\Lib\contextlib.py", line 222, in __aexit__
    await self.gen.athrow(typ, value, traceback)
  File "C:\Users\Shura\Desktop\HRD-bot\test1\.venv\Lib\site-packages\aiogram\fsm\storage\memory.py", line 69, in lock
    yield
  File "C:\Users\Shura\Desktop\HRD-bot\test1\.venv\Lib\site-packages\aiogram\fsm\middleware.py", line 42, in __call__
    return await handler(event, data)
           ^^^^^^^^^^^^^^^^^^^^^^^^^^
  File "C:\Users\Shura\Desktop\HRD-bot\test1\.venv\Lib\site-packages\aiogram\dispatcher\event\telegram.py", line 121, in trigger
    return await wrapped_inner(event, kwargs)
           ^^^^^^^^^^^^^^^^^^^^^^^^^^^^^^^^^^
  File "C:\Users\Shura\Desktop\HRD-bot\test1\middlewares\db_middleware.py", line 28, in __call__
    result = await handler(event, data)
             ^^^^^^^^^^^^^^^^^^^^^^^^^^
  File "C:\Users\Shura\Desktop\HRD-bot\test1\middlewares\role_middleware.py", line 19, in __call__
    return await handler(event, data)
           ^^^^^^^^^^^^^^^^^^^^^^^^^^
  File "C:\Users\Shura\Desktop\HRD-bot\test1\.venv\Lib\site-packages\aiogram\dispatcher\event\handler.py", line 43, in call
    return await wrapped()
           ^^^^^^^^^^^^^^^
  File "C:\Users\Shura\Desktop\HRD-bot\test1\.venv\Lib\site-packages\aiogram\dispatcher\dispatcher.py", line 276, in _listen_update
    return await self.propagate_event(update_type=update_type, event=event, **kwargs)
           ^^^^^^^^^^^^^^^^^^^^^^^^^^^^^^^^^^^^^^^^^^^^^^^^^^^^^^^^^^^^^^^^^^^^^^^^^^
  File "C:\Users\Shura\Desktop\HRD-bot\test1\.venv\Lib\site-packages\aiogram\dispatcher\router.py", line 146, in propagate_event
    return await observer.wrap_outer_middleware(_wrapped, event=event, data=kwargs)
           ^^^^^^^^^^^^^^^^^^^^^^^^^^^^^^^^^^^^^^^^^^^^^^^^^^^^^^^^^^^^^^^^^^^^^^^^
  File "C:\Users\Shura\Desktop\HRD-bot\test1\.venv\Lib\site-packages\aiogram\dispatcher\router.py", line 141, in _wrapped
    return await self._propagate_event(
           ^^^^^^^^^^^^^^^^^^^^^^^^^^^^
  File "C:\Users\Shura\Desktop\HRD-bot\test1\.venv\Lib\site-packages\aiogram\dispatcher\router.py", line 174, in _propagate_event
    response = await router.propagate_event(update_type=update_type, event=event, **kwargs)
               ^^^^^^^^^^^^^^^^^^^^^^^^^^^^^^^^^^^^^^^^^^^^^^^^^^^^^^^^^^^^^^^^^^^^^^^^^^^^
  File "C:\Users\Shura\Desktop\HRD-bot\test1\.venv\Lib\site-packages\aiogram\dispatcher\router.py", line 146, in propagate_event
    return await observer.wrap_outer_middleware(_wrapped, event=event, data=kwargs)
           ^^^^^^^^^^^^^^^^^^^^^^^^^^^^^^^^^^^^^^^^^^^^^^^^^^^^^^^^^^^^^^^^^^^^^^^^
  File "C:\Users\Shura\Desktop\HRD-bot\test1\.venv\Lib\site-packages\aiogram\dispatcher\router.py", line 141, in _wrapped
    return await self._propagate_event(
           ^^^^^^^^^^^^^^^^^^^^^^^^^^^^
  File "C:\Users\Shura\Desktop\HRD-bot\test1\.venv\Lib\site-packages\aiogram\dispatcher\router.py", line 166, in _propagate_event
    response = await observer.trigger(event, **kwargs)
               ^^^^^^^^^^^^^^^^^^^^^^^^^^^^^^^^^^^^^^^
  File "C:\Users\Shura\Desktop\HRD-bot\test1\.venv\Lib\site-packages\aiogram\dispatcher\event\telegram.py", line 121, in trigger
    return await wrapped_inner(event, kwargs)
           ^^^^^^^^^^^^^^^^^^^^^^^^^^^^^^^^^^
  File "C:\Users\Shura\Desktop\HRD-bot\test1\.venv\Lib\site-packages\aiogram\dispatcher\event\handler.py", line 43, in call
    return await wrapped()
           ^^^^^^^^^^^^^^^
  File "C:\Users\Shura\Desktop\HRD-bot\test1\handlers\test_taking.py", line 411, in process_text_answer
    await process_next_step(message, state, session)
  File "C:\Users\Shura\Desktop\HRD-bot\test1\handlers\test_taking.py", line 460, in process_next_step
    await finish_test(message, state, session)
  File "C:\Users\Shura\Desktop\HRD-bot\test1\handlers\test_taking.py", line 538, in finish_test
    await message.edit_text(
  File "C:\Users\Shura\Desktop\HRD-bot\test1\.venv\Lib\site-packages\aiogram\methods\base.py", line 84, in emit
    return await bot(self)
           ^^^^^^^^^^^^^^^
  File "C:\Users\Shura\Desktop\HRD-bot\test1\.venv\Lib\site-packages\aiogram\client\bot.py", line 478, in __call__
    return await self.session(self, method, timeout=request_timeout)
           ^^^^^^^^^^^^^^^^^^^^^^^^^^^^^^^^^^^^^^^^^^^^^^^^^^^^^^^^^
  File "C:\Users\Shura\Desktop\HRD-bot\test1\.venv\Lib\site-packages\aiogram\client\session\base.py", line 254, in __call__
    return cast(TelegramType, await middleware(bot, method))
                              ^^^^^^^^^^^^^^^^^^^^^^^^^^^^^
  File "C:\Users\Shura\Desktop\HRD-bot\test1\.venv\Lib\site-packages\aiogram\client\session\aiohttp.py", line 185, in make_request
    response = self.check_response(
               ^^^^^^^^^^^^^^^^^^^^
  File "C:\Users\Shura\Desktop\HRD-bot\test1\.venv\Lib\site-packages\aiogram\client\session\base.py", line 120, in check_response
    raise TelegramBadRequest(method=method, message=description)
aiogram.exceptions.TelegramBadRequest: Telegram server says - Bad Request: message can't be edited

2025-07-09 21:08:44 - telegram_bot - WARNING - Ошибка API Telegram: Telegram server says - Bad Request: message can't be edited
2025-07-09 21:08:59 - telegram_bot - INFO - Результат теста сохранен для пользователя 1, тест 1
2025-07-09 21:08:59 - telegram_bot - ERROR - Исключение: Telegram server says - Bad Request: message can't be edited
Обновление: update_id=258256874 message=Message(message_id=2579, date=datetime.datetime(2025, 7, 9, 18, 8, 59, tzinfo=TzInfo(UTC)), chat=Chat(id=913964240, type='private', title=None, username='a1ex_sav', first_name='Александр', last_name='Савин', is_forum=None, accent_color_id=None, active_usernames=None, available_reactions=None, background_custom_emoji_id=None, bio=None, birthdate=None, business_intro=None, business_location=None, business_opening_hours=None, can_set_sticker_set=None, custom_emoji_sticker_set_name=None, description=None, emoji_status_custom_emoji_id=None, emoji_status_expiration_date=None, has_aggressive_anti_spam_enabled=None, has_hidden_members=None, has_private_forwards=None, has_protected_content=None, has_restricted_voice_and_video_messages=None, has_visible_history=None, invite_link=None, join_by_request=None, join_to_send_messages=None, linked_chat_id=None, location=None, message_auto_delete_time=None, permissions=None, personal_chat=None, photo=None, pinned_message=None, profile_accent_color_id=None, profile_background_custom_emoji_id=None, slow_mode_delay=None, sticker_set_name=None, unrestrict_boost_count=None), message_thread_id=None, from_user=User(id=913964240, is_bot=False, first_name='Александр', last_name='Савин', username='a1ex_sav', language_code='ru', is_premium=True, added_to_attachment_menu=None, can_join_groups=None, can_read_all_group_messages=None, supports_inline_queries=None, can_connect_to_business=None, has_main_web_app=None), sender_chat=None, sender_boost_count=None, sender_business_bot=None, business_connection_id=None, forward_origin=None, is_topic_message=None, is_automatic_forward=None, reply_to_message=None, external_reply=None, quote=None, reply_to_story=None, via_bot=None, edit_date=None, has_protected_content=None, is_from_offline=None, media_group_id=None, author_signature=None, paid_star_count=None, text='Нормально', entities=None, link_preview_options=None, effect_id=None, animation=None, audio=None, document=None, paid_media=None, photo=None, sticker=None, story=None, video=None, video_note=None, voice=None, caption=None, caption_entities=None, show_caption_above_media=None, has_media_spoiler=None, contact=None, dice=None, game=None, poll=None, venue=None, location=None, new_chat_members=None, left_chat_member=None, new_chat_title=None, new_chat_photo=None, delete_chat_photo=None, group_chat_created=None, supergroup_chat_created=None, channel_chat_created=None, message_auto_delete_timer_changed=None, migrate_to_chat_id=None, migrate_from_chat_id=None, pinned_message=None, invoice=None, successful_payment=None, refunded_payment=None, users_shared=None, chat_shared=None, gift=None, unique_gift=None, connected_website=None, write_access_allowed=None, passport_data=None, proximity_alert_triggered=None, boost_added=None, chat_background_set=None, forum_topic_created=None, forum_topic_edited=None, forum_topic_closed=None, forum_topic_reopened=None, general_forum_topic_hidden=None, general_forum_topic_unhidden=None, giveaway_created=None, giveaway=None, giveaway_winners=None, giveaway_completed=None, paid_message_price_changed=None, video_chat_scheduled=None, video_chat_started=None, video_chat_ended=None, video_chat_participants_invited=None, web_app_data=None, reply_markup=None, forward_date=None, forward_from=None, forward_from_chat=None, forward_from_message_id=None, forward_sender_name=None, forward_signature=None, user_shared=None) edited_message=None channel_post=None edited_channel_post=None business_connection=None business_message=None edited_business_message=None deleted_business_messages=None message_reaction=None message_reaction_count=None inline_query=None chosen_inline_result=None callback_query=None shipping_query=None pre_checkout_query=None purchased_paid_media=None poll=None poll_answer=None my_chat_member=None chat_member=None chat_join_request=None chat_boost=None removed_chat_boost=None
Трассировка: Traceback (most recent call last):
  File "C:\Users\Shura\Desktop\HRD-bot\test1\.venv\Lib\site-packages\aiogram\dispatcher\middlewares\error.py", line 25, in __call__
    return await handler(event, data)
           ^^^^^^^^^^^^^^^^^^^^^^^^^^
  File "C:\Users\Shura\Desktop\HRD-bot\test1\.venv\Lib\site-packages\aiogram\dispatcher\middlewares\user_context.py", line 56, in __call__
    return await handler(event, data)
           ^^^^^^^^^^^^^^^^^^^^^^^^^^
  File "C:\Users\Shura\AppData\Local\Programs\Python\Python311\Lib\contextlib.py", line 222, in __aexit__
    await self.gen.athrow(typ, value, traceback)
  File "C:\Users\Shura\Desktop\HRD-bot\test1\.venv\Lib\site-packages\aiogram\fsm\storage\memory.py", line 69, in lock
    yield
  File "C:\Users\Shura\Desktop\HRD-bot\test1\.venv\Lib\site-packages\aiogram\fsm\middleware.py", line 42, in __call__
    return await handler(event, data)
           ^^^^^^^^^^^^^^^^^^^^^^^^^^
  File "C:\Users\Shura\Desktop\HRD-bot\test1\.venv\Lib\site-packages\aiogram\dispatcher\event\telegram.py", line 121, in trigger
    return await wrapped_inner(event, kwargs)
           ^^^^^^^^^^^^^^^^^^^^^^^^^^^^^^^^^^
  File "C:\Users\Shura\Desktop\HRD-bot\test1\middlewares\db_middleware.py", line 28, in __call__
    result = await handler(event, data)
             ^^^^^^^^^^^^^^^^^^^^^^^^^^
  File "C:\Users\Shura\Desktop\HRD-bot\test1\middlewares\role_middleware.py", line 19, in __call__
    return await handler(event, data)
           ^^^^^^^^^^^^^^^^^^^^^^^^^^
  File "C:\Users\Shura\Desktop\HRD-bot\test1\.venv\Lib\site-packages\aiogram\dispatcher\event\handler.py", line 43, in call
    return await wrapped()
           ^^^^^^^^^^^^^^^
  File "C:\Users\Shura\Desktop\HRD-bot\test1\.venv\Lib\site-packages\aiogram\dispatcher\dispatcher.py", line 276, in _listen_update
    return await self.propagate_event(update_type=update_type, event=event, **kwargs)
           ^^^^^^^^^^^^^^^^^^^^^^^^^^^^^^^^^^^^^^^^^^^^^^^^^^^^^^^^^^^^^^^^^^^^^^^^^^
  File "C:\Users\Shura\Desktop\HRD-bot\test1\.venv\Lib\site-packages\aiogram\dispatcher\router.py", line 146, in propagate_event
    return await observer.wrap_outer_middleware(_wrapped, event=event, data=kwargs)
           ^^^^^^^^^^^^^^^^^^^^^^^^^^^^^^^^^^^^^^^^^^^^^^^^^^^^^^^^^^^^^^^^^^^^^^^^
  File "C:\Users\Shura\Desktop\HRD-bot\test1\.venv\Lib\site-packages\aiogram\dispatcher\router.py", line 141, in _wrapped
    return await self._propagate_event(
           ^^^^^^^^^^^^^^^^^^^^^^^^^^^^
  File "C:\Users\Shura\Desktop\HRD-bot\test1\.venv\Lib\site-packages\aiogram\dispatcher\router.py", line 174, in _propagate_event
    response = await router.propagate_event(update_type=update_type, event=event, **kwargs)
               ^^^^^^^^^^^^^^^^^^^^^^^^^^^^^^^^^^^^^^^^^^^^^^^^^^^^^^^^^^^^^^^^^^^^^^^^^^^^
  File "C:\Users\Shura\Desktop\HRD-bot\test1\.venv\Lib\site-packages\aiogram\dispatcher\router.py", line 146, in propagate_event
    return await observer.wrap_outer_middleware(_wrapped, event=event, data=kwargs)
           ^^^^^^^^^^^^^^^^^^^^^^^^^^^^^^^^^^^^^^^^^^^^^^^^^^^^^^^^^^^^^^^^^^^^^^^^
  File "C:\Users\Shura\Desktop\HRD-bot\test1\.venv\Lib\site-packages\aiogram\dispatcher\router.py", line 141, in _wrapped
    return await self._propagate_event(
           ^^^^^^^^^^^^^^^^^^^^^^^^^^^^
  File "C:\Users\Shura\Desktop\HRD-bot\test1\.venv\Lib\site-packages\aiogram\dispatcher\router.py", line 166, in _propagate_event
    response = await observer.trigger(event, **kwargs)
               ^^^^^^^^^^^^^^^^^^^^^^^^^^^^^^^^^^^^^^^
  File "C:\Users\Shura\Desktop\HRD-bot\test1\.venv\Lib\site-packages\aiogram\dispatcher\event\telegram.py", line 121, in trigger
    return await wrapped_inner(event, kwargs)
           ^^^^^^^^^^^^^^^^^^^^^^^^^^^^^^^^^^
  File "C:\Users\Shura\Desktop\HRD-bot\test1\.venv\Lib\site-packages\aiogram\dispatcher\event\handler.py", line 43, in call
    return await wrapped()
           ^^^^^^^^^^^^^^^
  File "C:\Users\Shura\Desktop\HRD-bot\test1\handlers\test_taking.py", line 411, in process_text_answer
    await process_next_step(message, state, session)
  File "C:\Users\Shura\Desktop\HRD-bot\test1\handlers\test_taking.py", line 460, in process_next_step
    await finish_test(message, state, session)
  File "C:\Users\Shura\Desktop\HRD-bot\test1\handlers\test_taking.py", line 538, in finish_test
    await message.edit_text(
  File "C:\Users\Shura\Desktop\HRD-bot\test1\.venv\Lib\site-packages\aiogram\methods\base.py", line 84, in emit
    return await bot(self)
           ^^^^^^^^^^^^^^^
  File "C:\Users\Shura\Desktop\HRD-bot\test1\.venv\Lib\site-packages\aiogram\client\bot.py", line 478, in __call__
    return await self.session(self, method, timeout=request_timeout)
           ^^^^^^^^^^^^^^^^^^^^^^^^^^^^^^^^^^^^^^^^^^^^^^^^^^^^^^^^^
  File "C:\Users\Shura\Desktop\HRD-bot\test1\.venv\Lib\site-packages\aiogram\client\session\base.py", line 254, in __call__
    return cast(TelegramType, await middleware(bot, method))
                              ^^^^^^^^^^^^^^^^^^^^^^^^^^^^^
  File "C:\Users\Shura\Desktop\HRD-bot\test1\.venv\Lib\site-packages\aiogram\client\session\aiohttp.py", line 185, in make_request
    response = self.check_response(
               ^^^^^^^^^^^^^^^^^^^^
  File "C:\Users\Shura\Desktop\HRD-bot\test1\.venv\Lib\site-packages\aiogram\client\session\base.py", line 120, in check_response
    raise TelegramBadRequest(method=method, message=description)
aiogram.exceptions.TelegramBadRequest: Telegram server says - Bad Request: message can't be edited

2025-07-09 21:08:59 - telegram_bot - WARNING - Ошибка API Telegram: Telegram server says - Bad Request: message can't be edited
2025-07-09 21:09:55 - telegram_bot - INFO - Завершение работы...
2025-07-09 21:09:55 - telegram_bot - INFO - Бот остановлен
2025-07-09 21:09:55 - telegram_bot - INFO - Бот остановлен по прерыванию с клавиатуры
2025-07-09 21:09:59 - telegram_bot - INFO - Проверка переменных окружения успешно пройдена
2025-07-09 21:09:59 - telegram_bot - INFO - Инициализация базы данных...
2025-07-09 21:09:59 - telegram_bot - INFO - Обновление прав доступа для ролей...
2025-07-09 21:09:59 - telegram_bot - INFO - Право create_tests удалено у роли 2
2025-07-09 21:09:59 - telegram_bot - INFO - Право edit_tests удалено у роли 2
2025-07-09 21:09:59 - telegram_bot - INFO - Удалены права create_tests и edit_tests у роли Сотрудник
2025-07-09 21:09:59 - telegram_bot - INFO - Обновление прав доступа завершено
2025-07-09 21:09:59 - telegram_bot - INFO - Настройка команд бота...
2025-07-09 21:09:59 - telegram_bot - INFO - Запуск бота...
2025-07-09 21:10:04 - telegram_bot - INFO - Пользователь 913964240 (@a1ex_sav) auto authentication. Данные: {'role': 'Стажер', 'user_id': 1}
2025-07-09 21:10:04 - telegram_bot - INFO - Пользователь 913964240 (@a1ex_sav) opened test taking
2025-07-09 21:10:05 - telegram_bot - ERROR - Ошибка получения результата теста пользователя: Multiple rows were found when one or none was required
2025-07-09 21:10:05 - telegram_bot - INFO - Пользователь 913964240 (@a1ex_sav) viewed test details. Данные: {'test_id': 1}
2025-07-09 21:10:08 - telegram_bot - INFO - Результат теста сохранен для пользователя 1, тест 1
2025-07-09 21:10:37 - telegram_bot - INFO - Пользователь 913964240 (@a1ex_sav) auto authentication. Данные: {'role': 'Стажер', 'user_id': 1}
2025-07-09 21:10:37 - telegram_bot - INFO - Пользователь 913964240 (@a1ex_sav) opened test taking
2025-07-09 21:10:38 - telegram_bot - ERROR - Ошибка получения результата теста пользователя: Multiple rows were found when one or none was required
2025-07-09 21:10:38 - telegram_bot - INFO - Пользователь 913964240 (@a1ex_sav) viewed test details. Данные: {'test_id': 1}
2025-07-09 21:10:55 - telegram_bot - INFO - Пользователь 6998855824 (@неизвестен) auto authentication. Данные: {'role': 'Рекрутер', 'user_id': 3}
2025-07-09 21:10:56 - telegram_bot - INFO - Пользователь 6998855824 (@неизвестен) started test creation
2025-07-09 21:11:44 - telegram_bot - INFO - Тест 'Тест2' создан успешно (ID: 2)
2025-07-09 21:11:44 - telegram_bot - INFO - Пользователь 6998855824 (@неизвестен) created test with questions. Данные: {'test_id': 2, 'questions_count': 1}
2025-07-09 21:11:59 - telegram_bot - INFO - Пользователь 7233422441 (@creatymoment) auto authentication. Данные: {'role': 'Сотрудник', 'user_id': 2}
2025-07-09 21:12:00 - telegram_bot - INFO - Пользователь 7233422441 (@creatymoment) viewed test details. Данные: {'test_id': 2}
2025-07-09 21:12:07 - telegram_bot - INFO - Уведомление о тесте 'Тест2' отправлено стажеру 913964240
2025-07-09 21:12:07 - telegram_bot - INFO - Пользователь 7233422441 (@creatymoment) granted test access. Данные: {'test_id': 2, 'trainee_id': 1}
2025-07-09 21:12:12 - telegram_bot - INFO - Пользователь 913964240 (@a1ex_sav) viewed test details. Данные: {'test_id': 2}
2025-07-09 21:15:03 - telegram_bot - INFO - Завершение работы...
2025-07-09 21:15:03 - telegram_bot - INFO - Бот остановлен
2025-07-09 21:15:03 - telegram_bot - INFO - Бот остановлен по прерыванию с клавиатуры
2025-07-09 21:15:07 - telegram_bot - INFO - Проверка переменных окружения успешно пройдена
2025-07-09 21:15:07 - telegram_bot - INFO - Инициализация базы данных...
2025-07-09 21:15:08 - telegram_bot - INFO - Обновление прав доступа для ролей...
2025-07-09 21:15:08 - telegram_bot - INFO - Право create_tests удалено у роли 2
2025-07-09 21:15:08 - telegram_bot - INFO - Право edit_tests удалено у роли 2
2025-07-09 21:15:08 - telegram_bot - INFO - Удалены права create_tests и edit_tests у роли Сотрудник
2025-07-09 21:15:08 - telegram_bot - INFO - Обновление прав доступа завершено
2025-07-09 21:15:08 - telegram_bot - INFO - Настройка команд бота...
2025-07-09 21:15:08 - telegram_bot - INFO - Запуск бота...
2025-07-09 21:15:09 - telegram_bot - INFO - Пользователь 913964240 (@a1ex_sav) auto authentication. Данные: {'role': 'Стажер', 'user_id': 1}
2025-07-09 21:15:10 - telegram_bot - INFO - Пользователь 913964240 (@a1ex_sav) opened test taking
2025-07-09 21:15:11 - telegram_bot - INFO - Пользователь 913964240 (@a1ex_sav) viewed test details. Данные: {'test_id': 2}
2025-07-09 21:15:13 - telegram_bot - INFO - Результат теста сохранен для пользователя 1, тест 2
2025-07-09 21:15:27 - telegram_bot - INFO - Пользователь 913964240 (@a1ex_sav) auto authentication. Данные: {'role': 'Стажер', 'user_id': 1}
2025-07-09 21:15:27 - telegram_bot - INFO - Пользователь 913964240 (@a1ex_sav) opened test taking
2025-07-09 21:15:29 - telegram_bot - INFO - Пользователь 913964240 (@a1ex_sav) viewed test details. Данные: {'test_id': 2}
2025-07-09 21:15:36 - telegram_bot - INFO - Результат теста сохранен для пользователя 1, тест 2
2025-07-09 21:22:42 - telegram_bot - INFO - Завершение работы...
2025-07-09 21:22:42 - telegram_bot - INFO - Бот остановлен
2025-07-09 21:22:42 - telegram_bot - INFO - Бот остановлен по прерыванию с клавиатуры
2025-07-09 21:22:46 - telegram_bot - INFO - Проверка переменных окружения успешно пройдена
2025-07-09 21:22:46 - telegram_bot - INFO - Инициализация базы данных...
2025-07-09 21:22:46 - telegram_bot - INFO - Обновление прав доступа для ролей...
2025-07-09 21:22:46 - telegram_bot - INFO - Право create_tests удалено у роли 2
2025-07-09 21:22:46 - telegram_bot - INFO - Право edit_tests удалено у роли 2
2025-07-09 21:22:46 - telegram_bot - INFO - Удалены права create_tests и edit_tests у роли Сотрудник
2025-07-09 21:22:46 - telegram_bot - INFO - Обновление прав доступа завершено
2025-07-09 21:22:46 - telegram_bot - INFO - Настройка команд бота...
2025-07-09 21:22:47 - telegram_bot - INFO - Запуск бота...
2025-07-09 21:22:48 - telegram_bot - INFO - Пользователь 913964240 (@a1ex_sav) auto authentication. Данные: {'role': 'Стажер', 'user_id': 1}
2025-07-09 21:22:48 - telegram_bot - INFO - Пользователь 913964240 (@a1ex_sav) opened test taking
2025-07-09 21:22:49 - telegram_bot - ERROR - Ошибка получения результата теста пользователя: Multiple rows were found when one or none was required
2025-07-09 21:22:50 - telegram_bot - INFO - Пользователь 913964240 (@a1ex_sav) viewed test details. Данные: {'test_id': 2}
2025-07-09 21:23:09 - telegram_bot - INFO - Результат теста сохранен для пользователя 1, тест 2
2025-07-09 21:23:17 - telegram_bot - INFO - Пользователь 913964240 (@a1ex_sav) auto authentication. Данные: {'role': 'Стажер', 'user_id': 1}
2025-07-09 21:23:17 - telegram_bot - INFO - Пользователь 913964240 (@a1ex_sav) viewed test results
2025-07-09 21:23:42 - telegram_bot - INFO - Пользователь 913964240 (@a1ex_sav) opened test taking
2025-07-09 21:23:43 - telegram_bot - ERROR - Ошибка получения результата теста пользователя: Multiple rows were found when one or none was required
2025-07-09 21:23:44 - telegram_bot - INFO - Пользователь 913964240 (@a1ex_sav) viewed test details. Данные: {'test_id': 2}
2025-07-09 21:23:48 - telegram_bot - INFO - Пользователь 913964240 (@a1ex_sav) opened test taking
2025-07-09 21:23:49 - telegram_bot - ERROR - Ошибка получения результата теста пользователя: Multiple rows were found when one or none was required
2025-07-09 21:23:49 - telegram_bot - INFO - Пользователь 913964240 (@a1ex_sav) viewed test details. Данные: {'test_id': 1}
2025-07-09 21:23:54 - telegram_bot - INFO - Результат теста сохранен для пользователя 1, тест 1
2025-07-09 21:24:15 - telegram_bot - INFO - Пользователь 913964240 (@a1ex_sav) auto authentication. Данные: {'role': 'Стажер', 'user_id': 1}
2025-07-09 21:24:15 - telegram_bot - INFO - Пользователь 913964240 (@a1ex_sav) opened test taking
2025-07-09 21:24:17 - telegram_bot - ERROR - Ошибка получения результата теста пользователя: Multiple rows were found when one or none was required
2025-07-09 21:24:17 - telegram_bot - INFO - Пользователь 913964240 (@a1ex_sav) viewed test details. Данные: {'test_id': 2}
2025-07-09 21:24:20 - telegram_bot - ERROR - Ошибка получения результата теста пользователя: Multiple rows were found when one or none was required
2025-07-09 21:24:21 - telegram_bot - INFO - Пользователь 913964240 (@a1ex_sav) viewed test details. Данные: {'test_id': 2}
2025-07-09 21:27:29 - telegram_bot - INFO - Завершение работы...
2025-07-09 21:27:29 - telegram_bot - INFO - Бот остановлен
2025-07-09 21:27:29 - telegram_bot - INFO - Бот остановлен по прерыванию с клавиатуры
2025-07-09 21:27:32 - telegram_bot - INFO - Проверка переменных окружения успешно пройдена
2025-07-09 21:27:32 - telegram_bot - INFO - Инициализация базы данных...
2025-07-09 21:27:32 - telegram_bot - INFO - Обновление прав доступа для ролей...
2025-07-09 21:27:32 - telegram_bot - INFO - Право create_tests удалено у роли 2
2025-07-09 21:27:32 - telegram_bot - INFO - Право edit_tests удалено у роли 2
2025-07-09 21:27:32 - telegram_bot - INFO - Удалены права create_tests и edit_tests у роли Сотрудник
2025-07-09 21:27:32 - telegram_bot - INFO - Обновление прав доступа завершено
2025-07-09 21:27:32 - telegram_bot - INFO - Настройка команд бота...
2025-07-09 21:27:33 - telegram_bot - INFO - Запуск бота...
2025-07-09 21:27:36 - telegram_bot - INFO - Пользователь 913964240 (@a1ex_sav) auto authentication. Данные: {'role': 'Стажер', 'user_id': 1}
2025-07-09 21:27:36 - telegram_bot - INFO - Пользователь 913964240 (@a1ex_sav) opened test taking
2025-07-09 21:27:38 - telegram_bot - ERROR - Ошибка получения результата теста пользователя: Multiple rows were found when one or none was required
2025-07-09 21:27:38 - telegram_bot - INFO - Пользователь 913964240 (@a1ex_sav) viewed test details. Данные: {'test_id': 2}
2025-07-09 21:28:28 - telegram_bot - INFO - Пользователь 6998855824 (@неизвестен) auto authentication. Данные: {'role': 'Рекрутер', 'user_id': 3}
2025-07-09 21:28:29 - telegram_bot - INFO - Пользователь 6998855824 (@неизвестен) started test creation
2025-07-09 21:29:16 - telegram_bot - INFO - Тест 'Тест 3' создан успешно (ID: 3)
2025-07-09 21:29:16 - telegram_bot - INFO - Пользователь 6998855824 (@неизвестен) created test with questions. Данные: {'test_id': 3, 'questions_count': 1}
2025-07-09 21:29:20 - telegram_bot - INFO - Пользователь 6998855824 (@неизвестен) auto authentication. Данные: {'role': 'Рекрутер', 'user_id': 3}
2025-07-09 21:29:20 - telegram_bot - INFO - Пользователь 6998855824 (@неизвестен) started test creation
2025-07-09 21:29:42 - telegram_bot - INFO - Тест 'Тест4' создан успешно (ID: 4)
2025-07-09 21:29:43 - telegram_bot - INFO - Пользователь 6998855824 (@неизвестен) created test with questions. Данные: {'test_id': 4, 'questions_count': 1}
2025-07-09 21:29:59 - telegram_bot - INFO - Пользователь 7233422441 (@creatymoment) auto authentication. Данные: {'role': 'Сотрудник', 'user_id': 2}
2025-07-09 21:29:59 - telegram_bot - INFO - Пользователь 7233422441 (@creatymoment) viewed mentor trainees
2025-07-09 21:30:03 - telegram_bot - INFO - Пользователь 7233422441 (@creatymoment) viewed test details. Данные: {'test_id': 3}
2025-07-09 21:30:06 - telegram_bot - INFO - Уведомление о тесте 'Тест 3' отправлено стажеру 913964240
2025-07-09 21:30:06 - telegram_bot - INFO - Пользователь 7233422441 (@creatymoment) granted test access. Данные: {'test_id': 3, 'trainee_id': 1}
2025-07-09 21:30:07 - telegram_bot - INFO - Пользователь 7233422441 (@creatymoment) viewed test details. Данные: {'test_id': 3}
2025-07-09 21:30:10 - telegram_bot - INFO - Пользователь 7233422441 (@creatymoment) viewed test details. Данные: {'test_id': 4}
2025-07-09 21:30:13 - telegram_bot - INFO - Уведомление о тесте 'Тест4' отправлено стажеру 913964240
2025-07-09 21:30:13 - telegram_bot - INFO - Пользователь 7233422441 (@creatymoment) granted test access. Данные: {'test_id': 4, 'trainee_id': 1}
2025-07-09 21:30:18 - telegram_bot - INFO - Пользователь 913964240 (@a1ex_sav) viewed test details. Данные: {'test_id': 3}
2025-07-09 21:30:31 - telegram_bot - INFO - Результат теста сохранен для пользователя 1, тест 3
2025-07-09 21:30:41 - telegram_bot - INFO - Пользователь 913964240 (@a1ex_sav) auto authentication. Данные: {'role': 'Стажер', 'user_id': 1}
2025-07-09 21:30:41 - telegram_bot - INFO - Пользователь 913964240 (@a1ex_sav) opened test taking
2025-07-09 21:30:43 - telegram_bot - INFO - Пользователь 913964240 (@a1ex_sav) viewed test details. Данные: {'test_id': 3}
2025-07-09 21:30:49 - telegram_bot - INFO - Результат теста сохранен для пользователя 1, тест 3
2025-07-09 21:30:59 - telegram_bot - INFO - Пользователь 913964240 (@a1ex_sav) auto authentication. Данные: {'role': 'Стажер', 'user_id': 1}
2025-07-09 21:30:59 - telegram_bot - INFO - Пользователь 913964240 (@a1ex_sav) opened test taking
2025-07-09 21:31:01 - telegram_bot - ERROR - Ошибка получения результата теста пользователя: Multiple rows were found when one or none was required
2025-07-09 21:31:01 - telegram_bot - INFO - Пользователь 913964240 (@a1ex_sav) viewed test details. Данные: {'test_id': 3}
2025-07-09 21:31:07 - telegram_bot - INFO - Результат теста сохранен для пользователя 1, тест 3
2025-07-09 21:31:18 - telegram_bot - INFO - Пользователь 913964240 (@a1ex_sav) auto authentication. Данные: {'role': 'Стажер', 'user_id': 1}
2025-07-09 21:31:18 - telegram_bot - INFO - Пользователь 913964240 (@a1ex_sav) opened test taking
2025-07-09 21:31:20 - telegram_bot - INFO - Пользователь 913964240 (@a1ex_sav) viewed test details. Данные: {'test_id': 4}
2025-07-09 21:31:33 - telegram_bot - INFO - Результат теста сохранен для пользователя 1, тест 4
2025-07-09 21:34:52 - telegram_bot - INFO - Пользователь 913964240 (@a1ex_sav) auto authentication. Данные: {'role': 'Стажер', 'user_id': 1}
2025-07-09 21:34:52 - telegram_bot - INFO - Пользователь 913964240 (@a1ex_sav) opened test taking
2025-07-09 21:35:27 - telegram_bot - INFO - Пользователь 913964240 (@a1ex_sav) cancelled admin operation
2025-07-09 21:35:29 - telegram_bot - INFO - Пользователь 913964240 (@a1ex_sav) auto authentication. Данные: {'role': 'Стажер', 'user_id': 1}
2025-07-09 21:35:29 - telegram_bot - INFO - Пользователь 913964240 (@a1ex_sav) opened test taking
2025-07-09 21:44:41 - telegram_bot - INFO - Завершение работы...
2025-07-09 21:44:41 - telegram_bot - INFO - Бот остановлен
2025-07-09 21:44:41 - telegram_bot - INFO - Бот остановлен по прерыванию с клавиатуры
2025-07-09 21:44:46 - telegram_bot - INFO - Проверка переменных окружения успешно пройдена
2025-07-09 21:44:46 - telegram_bot - INFO - Инициализация базы данных...
2025-07-09 21:44:46 - telegram_bot - INFO - Обновление прав доступа для ролей...
2025-07-09 21:44:46 - telegram_bot - INFO - Право create_tests удалено у роли 2
2025-07-09 21:44:46 - telegram_bot - INFO - Право edit_tests удалено у роли 2
2025-07-09 21:44:46 - telegram_bot - INFO - Удалены права create_tests и edit_tests у роли Сотрудник
2025-07-09 21:44:46 - telegram_bot - INFO - Обновление прав доступа завершено
2025-07-09 21:44:46 - telegram_bot - INFO - Настройка команд бота...
2025-07-09 21:44:46 - telegram_bot - INFO - Запуск бота...
2025-07-09 21:44:51 - telegram_bot - INFO - Пользователь 913964240 (@a1ex_sav) auto authentication. Данные: {'role': 'Стажер', 'user_id': 1}
2025-07-09 21:44:51 - telegram_bot - INFO - Пользователь 913964240 (@a1ex_sav) opened test taking
2025-07-09 21:44:52 - telegram_bot - ERROR - Ошибка получения результата теста пользователя: Multiple rows were found when one or none was required
2025-07-09 21:44:53 - telegram_bot - INFO - Пользователь 913964240 (@a1ex_sav) viewed test details. Данные: {'test_id': 1}
2025-07-09 21:45:03 - telegram_bot - INFO - Пользователь 913964240 (@a1ex_sav) viewed test details. Данные: {'test_id': 4}
2025-07-09 21:48:01 - telegram_bot - INFO - Пользователь 913964240 (@a1ex_sav) cancelled admin operation
2025-07-09 21:50:58 - telegram_bot - INFO - Завершение работы...
2025-07-09 21:50:58 - telegram_bot - INFO - Бот остановлен
2025-07-09 21:50:58 - telegram_bot - INFO - Бот остановлен по прерыванию с клавиатуры
2025-07-09 21:51:03 - telegram_bot - INFO - Проверка переменных окружения успешно пройдена
2025-07-09 21:51:03 - telegram_bot - INFO - Инициализация базы данных...
2025-07-09 21:51:03 - telegram_bot - INFO - Обновление прав доступа для ролей...
2025-07-09 21:51:03 - telegram_bot - INFO - Право create_tests удалено у роли 2
2025-07-09 21:51:03 - telegram_bot - INFO - Право edit_tests удалено у роли 2
2025-07-09 21:51:03 - telegram_bot - INFO - Удалены права create_tests и edit_tests у роли Сотрудник
2025-07-09 21:51:03 - telegram_bot - INFO - Обновление прав доступа завершено
2025-07-09 21:51:03 - telegram_bot - INFO - Настройка команд бота...
2025-07-09 21:51:03 - telegram_bot - INFO - Запуск бота...
2025-07-09 21:51:16 - telegram_bot - INFO - Доступ к тесту 4 для стажёра 1 уже существует - отправляем повторное уведомление
2025-07-09 21:51:16 - telegram_bot - INFO - Уведомление о тесте 'Тест4' отправлено стажеру 913964240
2025-07-09 21:51:17 - telegram_bot - INFO - Пользователь 7233422441 (@creatymoment) granted test access. Данные: {'test_id': 4, 'trainee_id': 1}
2025-07-09 21:51:18 - telegram_bot - INFO - Доступ к тесту 4 для стажёра 1 уже существует - отправляем повторное уведомление
2025-07-09 21:51:18 - telegram_bot - INFO - Уведомление о тесте 'Тест4' отправлено стажеру 913964240
2025-07-09 21:51:19 - telegram_bot - INFO - Пользователь 7233422441 (@creatymoment) granted test access. Данные: {'test_id': 4, 'trainee_id': 1}
2025-07-09 21:51:25 - telegram_bot - INFO - Пользователь 913964240 (@a1ex_sav) took test from notification. Данные: {'test_id': 4}
2025-07-09 21:51:30 - telegram_bot - ERROR - Ошибка получения результата теста пользователя: Multiple rows were found when one or none was required
2025-07-09 21:51:31 - telegram_bot - INFO - Пользователь 913964240 (@a1ex_sav) viewed test details. Данные: {'test_id': 1}
2025-07-09 21:51:34 - telegram_bot - ERROR - Ошибка получения результата теста пользователя: Multiple rows were found when one or none was required
2025-07-09 21:51:35 - telegram_bot - INFO - Пользователь 913964240 (@a1ex_sav) viewed test details. Данные: {'test_id': 3}
2025-07-09 21:51:36 - telegram_bot - INFO - Пользователь 913964240 (@a1ex_sav) viewed test details. Данные: {'test_id': 4}
2025-07-09 21:51:43 - telegram_bot - ERROR - Ошибка получения результата теста пользователя: Multiple rows were found when one or none was required
2025-07-09 21:51:43 - telegram_bot - INFO - Пользователь 913964240 (@a1ex_sav) viewed test details. Данные: {'test_id': 3}
2025-07-09 21:51:45 - telegram_bot - INFO - Пользователь 913964240 (@a1ex_sav) viewed test details. Данные: {'test_id': 4}
2025-07-09 21:51:48 - telegram_bot - ERROR - Ошибка получения результата теста пользователя: Multiple rows were found when one or none was required
2025-07-09 21:51:48 - telegram_bot - INFO - Пользователь 913964240 (@a1ex_sav) viewed test details. Данные: {'test_id': 1}
2025-07-09 21:51:53 - telegram_bot - INFO - Пользователь 913964240 (@a1ex_sav) viewed test details. Данные: {'test_id': 4}
2025-07-09 22:11:13 - telegram_bot - INFO - Завершение работы...
2025-07-09 22:11:13 - telegram_bot - INFO - Бот остановлен
2025-07-09 22:11:13 - telegram_bot - INFO - Бот остановлен по прерыванию с клавиатуры
2025-07-09 22:12:32 - telegram_bot - INFO - Проверка переменных окружения успешно пройдена
2025-07-09 22:12:32 - telegram_bot - INFO - Инициализация базы данных...
2025-07-09 22:12:32 - telegram_bot - INFO - Начальные данные успешно созданы
2025-07-09 22:12:32 - telegram_bot - INFO - Обновление прав доступа для ролей...
2025-07-09 22:12:32 - telegram_bot - INFO - Право create_tests удалено у роли 2
2025-07-09 22:12:32 - telegram_bot - INFO - Право edit_tests удалено у роли 2
2025-07-09 22:12:32 - telegram_bot - INFO - Удалены права create_tests и edit_tests у роли Сотрудник
2025-07-09 22:12:32 - telegram_bot - INFO - Обновление прав доступа завершено
2025-07-09 22:12:32 - telegram_bot - INFO - Настройка команд бота...
2025-07-09 22:12:32 - telegram_bot - INFO - Запуск бота...
2025-07-09 22:12:43 - telegram_bot - INFO - Пользователь 7233422441 (@creatymoment) started bot - not registered
2025-07-09 22:12:44 - telegram_bot - INFO - Пользователь 7233422441 (@creatymoment) started registration
2025-07-09 22:12:54 - telegram_bot - INFO - Пользователь 7233422441 (@creatymoment) provided full name. Данные: {'full_name': 'Тест Наставник'}
2025-07-09 22:13:01 - telegram_bot - INFO - Пользователь 7233422441 (@creatymoment) provided phone manually. Данные: {'phone': '+79994005657'}
2025-07-09 22:13:05 - telegram_bot - INFO - Пользователь 7233422441 (@creatymoment) completed registration. Данные: {'role': 'Сотрудник', 'full_name': 'Тест Наставник'}
2025-07-09 22:13:09 - telegram_bot - INFO - Пользователь 7233422441 (@creatymoment) started bot - already registered
2025-07-09 22:13:10 - telegram_bot - INFO - Пользователь 7233422441 (@creatymoment) successful login from start. Данные: {'role': 'Сотрудник', 'user_id': 1}
2025-07-09 22:13:23 - telegram_bot - INFO - Пользователь 7233422441 (@creatymoment) successful login. Данные: {'role': 'Сотрудник', 'user_id': 1}
2025-07-09 22:13:31 - telegram_bot - INFO - Пользователь 7233422441 (@creatymoment) attempted to register again
2025-07-09 22:13:32 - telegram_bot - INFO - Пользователь 7233422441 (@creatymoment) successful login. Данные: {'role': 'Сотрудник', 'user_id': 1}
2025-07-09 22:13:37 - telegram_bot - INFO - Пользователь 7233422441 (@creatymoment) successful login. Данные: {'role': 'Сотрудник', 'user_id': 1}
2025-07-09 22:13:43 - telegram_bot - INFO - Пользователь 7233422441 (@creatymoment) auto authentication. Данные: {'role': 'Сотрудник', 'user_id': 1}
2025-07-09 22:14:41 - telegram_bot - INFO - Пользователь 913964240 (@a1ex_sav) started bot - not registered
2025-07-09 22:14:43 - telegram_bot - INFO - Пользователь 913964240 (@a1ex_sav) started registration
2025-07-09 22:14:48 - telegram_bot - INFO - Пользователь 913964240 (@a1ex_sav) provided full name. Данные: {'full_name': 'Тест Стажер'}
2025-07-09 22:14:53 - telegram_bot - INFO - Пользователь 913964240 (@a1ex_sav) provided phone manually. Данные: {'phone': '+79034005751'}
2025-07-09 22:14:56 - telegram_bot - INFO - Нет рекрутеров в системе для отправки уведомлений
2025-07-09 22:14:56 - telegram_bot - INFO - Пользователь 913964240 (@a1ex_sav) completed registration. Данные: {'role': 'Стажер', 'full_name': 'Тест Стажер'}
2025-07-09 22:15:00 - telegram_bot - INFO - Пользователь 913964240 (@a1ex_sav) started bot - already registered
2025-07-09 22:15:00 - telegram_bot - INFO - Пользователь 913964240 (@a1ex_sav) successful login from start. Данные: {'role': 'Стажер', 'user_id': 2}
2025-07-09 22:15:29 - telegram_bot - INFO - Пользователь 6998855824 (@неизвестен) started bot - not registered
2025-07-09 22:15:30 - telegram_bot - INFO - Пользователь 6998855824 (@неизвестен) started registration
2025-07-09 22:15:34 - telegram_bot - INFO - Пользователь 6998855824 (@неизвестен) provided full name. Данные: {'full_name': 'Тест Рекрутер'}
2025-07-09 22:15:41 - telegram_bot - INFO - Пользователь 6998855824 (@неизвестен) provided phone manually. Данные: {'phone': '+79993303030'}
2025-07-09 22:15:45 - telegram_bot - INFO - Пользователь 6998855824 (@неизвестен) completed registration. Данные: {'role': 'Рекрутер', 'full_name': 'Тест Рекрутер'}
2025-07-09 22:15:47 - telegram_bot - INFO - Пользователь 6998855824 (@неизвестен) started bot - already registered
2025-07-09 22:15:47 - telegram_bot - INFO - Пользователь 6998855824 (@неизвестен) successful login from start. Данные: {'role': 'Рекрутер', 'user_id': 3}
2025-07-09 22:15:51 - telegram_bot - INFO - Пользователь 6998855824 (@неизвестен) opened mentor assignment
2025-07-09 22:15:55 - telegram_bot - INFO - Наставник Тест Наставник назначен стажеру Тест Стажер
2025-07-09 22:15:55 - telegram_bot - INFO - Уведомление о назначении наставника 'Тест Наставник' отправлено стажеру 913964240
2025-07-09 22:15:55 - telegram_bot - INFO - Уведомление о назначении стажёра 'Тест Стажер' отправлено наставнику 7233422441
2025-07-09 22:15:56 - telegram_bot - INFO - Пользователь 6998855824 (@неизвестен) assigned mentor. Данные: {'mentor_id': 1, 'trainee_id': 2}
2025-07-09 22:29:17 - telegram_bot - INFO - Завершение работы...
2025-07-09 22:29:17 - telegram_bot - INFO - Бот остановлен
2025-07-09 22:29:17 - telegram_bot - INFO - Бот остановлен по прерыванию с клавиатуры
