2025-07-04 00:15:23 - telegram_bot - INFO - Проверка переменных окружения успешно пройдена
2025-07-04 00:15:23 - telegram_bot - INFO - Инициализация базы данных...
2025-07-04 00:15:23 - telegram_bot - INFO - Обновление прав доступа для ролей...
2025-07-04 00:15:23 - telegram_bot - INFO - Право create_tests удалено у роли 2
2025-07-04 00:15:23 - telegram_bot - INFO - Право edit_tests удалено у роли 2
2025-07-04 00:15:23 - telegram_bot - INFO - Удалены права create_tests и edit_tests у роли Сотрудник
2025-07-04 00:15:23 - telegram_bot - INFO - Обновление прав доступа завершено
2025-07-04 00:15:23 - telegram_bot - INFO - Настройка команд бота...
2025-07-04 00:15:23 - telegram_bot - INFO - Запуск бота...
2025-07-04 00:17:37 - telegram_bot - INFO - Проверка переменных окружения успешно пройдена
2025-07-04 00:17:37 - telegram_bot - INFO - Инициализация базы данных...
2025-07-04 00:17:37 - telegram_bot - INFO - Обновление прав доступа для ролей...
2025-07-04 00:17:37 - telegram_bot - INFO - Право create_tests удалено у роли 2
2025-07-04 00:17:37 - telegram_bot - INFO - Право edit_tests удалено у роли 2
2025-07-04 00:17:37 - telegram_bot - INFO - Удалены права create_tests и edit_tests у роли Сотрудник
2025-07-04 00:17:37 - telegram_bot - INFO - Обновление прав доступа завершено
2025-07-04 00:17:37 - telegram_bot - INFO - Настройка команд бота...
2025-07-04 00:17:37 - telegram_bot - INFO - Запуск бота...
2025-07-04 10:20:29 - telegram_bot - INFO - Пользователь 913964240 (@a1ex_sav) auto authentication. Данные: {'role': 'Стажер', 'user_id': 1}
2025-07-06 12:21:43 - telegram_bot - INFO - Пользователь 913964240 (@a1ex_sav) successful login. Данные: {'role': 'Стажер', 'user_id': 1}
2025-07-07 15:44:56 - telegram_bot - INFO - Пользователь 453388874 (@Saint_Whirlwind) started bot - not registered
2025-07-07 16:59:56 - telegram_bot - INFO - Пользователь 199331534 (@JuniorMa) started bot - not registered
2025-07-07 17:00:39 - telegram_bot - INFO - Пользователь 199331534 (@JuniorMa) started registration
2025-07-07 17:02:14 - telegram_bot - INFO - Пользователь 453388874 (@Saint_Whirlwind) started registration
2025-07-07 17:02:19 - telegram_bot - INFO - Пользователь 453388874 (@Saint_Whirlwind) provided full name. Данные: {'full_name': 'Глеб - Рекрутер'}
2025-07-07 17:02:24 - telegram_bot - INFO - Пользователь 453388874 (@Saint_Whirlwind) provided phone via contact. Данные: {'phone': '+79891988598'}
2025-07-07 17:02:36 - telegram_bot - ERROR - Пользователь 199331534 (@JuniorMa) ошибка: invalid full name: Илья
2025-07-07 17:02:37 - telegram_bot - INFO - Пользователь 453388874 (@Saint_Whirlwind) completed registration. Данные: {'role': 'Рекрутер', 'full_name': 'Глеб - Рекрутер'}
2025-07-07 17:02:43 - telegram_bot - INFO - Пользователь 453388874 (@Saint_Whirlwind) started bot - already registered
2025-07-07 17:02:43 - telegram_bot - INFO - Пользователь 453388874 (@Saint_Whirlwind) successful login from start. Данные: {'role': 'Рекрутер', 'user_id': 2}
2025-07-07 17:02:45 - telegram_bot - INFO - Пользователь 199331534 (@JuniorMa) provided full name. Данные: {'full_name': 'Носенко Илья'}
2025-07-07 17:02:57 - telegram_bot - INFO - Пользователь 1344193745 (@Ne_iam) started bot - not registered
2025-07-07 17:03:01 - telegram_bot - INFO - Пользователь 199331534 (@JuniorMa) provided phone manually. Данные: {'phone': '+79883882921'}
2025-07-07 17:03:05 - telegram_bot - INFO - Пользователь 1344193745 (@Ne_iam) started registration
2025-07-07 17:03:15 - telegram_bot - INFO - Пользователь 1344193745 (@Ne_iam) provided full name. Данные: {'full_name': 'Жукова Анна Викторовна'}
2025-07-07 17:03:28 - telegram_bot - INFO - Пользователь 1344193745 (@Ne_iam) provided phone manually. Данные: {'phone': '+79889907680'}
2025-07-07 17:03:33 - telegram_bot - INFO - Пользователь 199331534 (@JuniorMa) completed registration. Данные: {'role': 'Сотрудник', 'full_name': 'Носенко Илья'}
2025-07-07 17:03:47 - telegram_bot - INFO - Пользователь 1344193745 (@Ne_iam) completed registration. Данные: {'role': 'Стажер', 'full_name': 'Жукова Анна Викторовна'}
2025-07-07 17:04:09 - telegram_bot - INFO - Пользователь 453388874 (@Saint_Whirlwind) viewed trainees list
2025-07-07 17:04:24 - telegram_bot - INFO - Пользователь 453388874 (@Saint_Whirlwind) opened mentor assignment
2025-07-07 17:04:37 - telegram_bot - INFO - Наставник Носенко Илья назначен стажеру Жукова Анна Викторовна
2025-07-07 17:04:37 - telegram_bot - INFO - Пользователь 453388874 (@Saint_Whirlwind) assigned mentor. Данные: {'mentor_id': 3, 'trainee_id': 4}
2025-07-07 17:04:51 - telegram_bot - INFO - Пользователь 453388874 (@Saint_Whirlwind) auto authentication. Данные: {'role': 'Рекрутер', 'user_id': 2}
2025-07-07 17:04:59 - telegram_bot - INFO - Пользователь 199331534 (@JuniorMa) started bot - already registered
2025-07-07 17:04:59 - telegram_bot - INFO - Пользователь 199331534 (@JuniorMa) successful login from start. Данные: {'role': 'Сотрудник', 'user_id': 3}
2025-07-07 17:05:01 - telegram_bot - INFO - Пользователь 1344193745 (@Ne_iam) auto authentication. Данные: {'role': 'Стажер', 'user_id': 4}
2025-07-07 17:05:03 - telegram_bot - INFO - Пользователь 199331534 (@JuniorMa) viewed mentor trainees
2025-07-07 17:05:47 - telegram_bot - INFO - Пользователь 453388874 (@Saint_Whirlwind) started test creation
2025-07-07 17:09:28 - telegram_bot - INFO - Тест 'Новый тест для ресторана' создан успешно (ID: 1)
2025-07-07 17:09:28 - telegram_bot - INFO - Пользователь 453388874 (@Saint_Whirlwind) created test with questions. Данные: {'test_id': 1, 'questions_count': 2}
2025-07-07 17:09:47 - telegram_bot - INFO - Пользователь 453388874 (@Saint_Whirlwind) started bot - already registered
2025-07-07 17:09:47 - telegram_bot - INFO - Пользователь 453388874 (@Saint_Whirlwind) successful login from start. Данные: {'role': 'Рекрутер', 'user_id': 2}
2025-07-07 17:10:59 - telegram_bot - INFO - Пользователь 7118826824 (@SovaTechSales) started bot - not registered
2025-07-07 17:11:02 - telegram_bot - INFO - Пользователь 7118826824 (@SovaTechSales) started registration
2025-07-07 17:11:08 - telegram_bot - INFO - Пользователь 7118826824 (@SovaTechSales) provided full name. Данные: {'full_name': 'Сова - Сотрудник'}
2025-07-07 17:11:24 - telegram_bot - INFO - Пользователь 7118826824 (@SovaTechSales) provided phone via contact. Данные: {'phone': '+79185486585'}
2025-07-07 17:11:50 - telegram_bot - INFO - Пользователь 7118826824 (@SovaTechSales) completed registration. Данные: {'role': 'Сотрудник', 'full_name': 'Сова - Сотрудник'}
2025-07-07 17:12:31 - telegram_bot - INFO - Пользователь 453388874 (@Saint_Whirlwind) started bot - already registered
2025-07-07 17:12:32 - telegram_bot - INFO - Пользователь 453388874 (@Saint_Whirlwind) successful login from start. Данные: {'role': 'Рекрутер', 'user_id': 2}
2025-07-07 17:12:35 - telegram_bot - INFO - Пользователь 453388874 (@Saint_Whirlwind) viewed trainees list
2025-07-07 17:12:43 - telegram_bot - INFO - Пользователь 453388874 (@Saint_Whirlwind) opened mentor assignment
2025-07-07 17:12:50 - telegram_bot - INFO - Наставник Сова - Сотрудник назначен стажеру Савин Александр
2025-07-07 17:12:51 - telegram_bot - INFO - Пользователь 453388874 (@Saint_Whirlwind) assigned mentor. Данные: {'mentor_id': 5, 'trainee_id': 1}
2025-07-07 17:14:56 - telegram_bot - INFO - Пользователь 7118826824 (@SovaTechSales) started bot - already registered
2025-07-07 17:14:56 - telegram_bot - INFO - Пользователь 7118826824 (@SovaTechSales) successful login from start. Данные: {'role': 'Сотрудник', 'user_id': 5}
2025-07-07 17:15:50 - telegram_bot - INFO - Пользователь 453388874 (@Saint_Whirlwind) auto authentication. Данные: {'role': 'Рекрутер', 'user_id': 2}
2025-07-07 17:16:13 - telegram_bot - INFO - Пользователь 453388874 (@Saint_Whirlwind) viewed test details. Данные: {'test_id': 1}
2025-07-07 17:16:26 - telegram_bot - INFO - Пользователь 453388874 (@Saint_Whirlwind) cancelled admin operation
2025-07-07 17:16:30 - telegram_bot - INFO - Пользователь 453388874 (@Saint_Whirlwind) auto authentication. Данные: {'role': 'Рекрутер', 'user_id': 2}
2025-07-07 17:16:30 - telegram_bot - INFO - Пользователь 453388874 (@Saint_Whirlwind) viewed trainees list
2025-07-07 17:16:51 - telegram_bot - INFO - Пользователь 453388874 (@Saint_Whirlwind) viewed mentors list
2025-07-07 17:16:55 - telegram_bot - INFO - Пользователь 453388874 (@Saint_Whirlwind) viewed trainees list
2025-07-07 17:16:56 - telegram_bot - INFO - Пользователь 199331534 (@JuniorMa) viewed test details. Данные: {'test_id': 1}
2025-07-07 17:17:06 - telegram_bot - INFO - Уведомление о тесте 'Новый тест для ресторана' отправлено стажеру 1344193745
2025-07-07 17:17:06 - telegram_bot - INFO - Пользователь 199331534 (@JuniorMa) granted test access. Данные: {'test_id': 1, 'trainee_id': 4}
2025-07-07 17:17:14 - telegram_bot - INFO - Пользователь 199331534 (@JuniorMa) viewed test details. Данные: {'test_id': 1}
2025-07-07 17:17:25 - telegram_bot - INFO - Пользователь 199331534 (@JuniorMa) cancelled admin operation
2025-07-07 17:17:28 - telegram_bot - INFO - Пользователь 453388874 (@Saint_Whirlwind) viewed trainees list
2025-07-07 17:17:40 - telegram_bot - INFO - Пользователь 199331534 (@JuniorMa) auto authentication. Данные: {'role': 'Сотрудник', 'user_id': 3}
2025-07-07 17:17:43 - telegram_bot - INFO - Пользователь 1344193745 (@Ne_iam) viewed test details. Данные: {'test_id': 1}
2025-07-07 17:17:56 - telegram_bot - INFO - Пользователь 1344193745 (@Ne_iam) cancelled admin operation
2025-07-07 17:18:28 - telegram_bot - INFO - Пользователь 199331534 (@JuniorMa) viewed test details. Данные: {'test_id': 1}
2025-07-07 17:18:30 - telegram_bot - INFO - Пользователь 199331534 (@JuniorMa) granted test access. Данные: {'test_id': 1, 'trainee_id': 4}
2025-07-07 17:18:33 - telegram_bot - INFO - Пользователь 1344193745 (@Ne_iam) auto authentication. Данные: {'role': 'Стажер', 'user_id': 4}
2025-07-07 17:18:36 - telegram_bot - INFO - Пользователь 1344193745 (@Ne_iam) viewed test details. Данные: {'test_id': 1}
2025-07-07 17:18:37 - telegram_bot - INFO - Пользователь 199331534 (@JuniorMa) cancelled admin operation
2025-07-07 17:18:41 - telegram_bot - INFO - Пользователь 199331534 (@JuniorMa) auto authentication. Данные: {'role': 'Сотрудник', 'user_id': 3}
2025-07-07 17:18:41 - telegram_bot - INFO - Пользователь 199331534 (@JuniorMa) viewed mentor trainees
2025-07-07 17:18:45 - telegram_bot - INFO - Пользователь 7118826824 (@SovaTechSales) viewed mentor trainees
2025-07-07 17:19:24 - telegram_bot - INFO - Пользователь 1344193745 (@Ne_iam) viewed test details. Данные: {'test_id': 1}
2025-07-07 17:19:54 - telegram_bot - INFO - Пользователь 1344193745 (@Ne_iam) viewed test details. Данные: {'test_id': 1}
2025-07-07 17:19:58 - telegram_bot - INFO - Пользователь 1344193745 (@Ne_iam) viewed test details. Данные: {'test_id': 1}
2025-07-08 15:00:58 - telegram_bot - INFO - Пользователь 453388874 (@Saint_Whirlwind) viewed test details. Данные: {'test_id': 1}
2025-07-08 15:01:02 - telegram_bot - INFO - Пользователь 453388874 (@Saint_Whirlwind) viewed test details. Данные: {'test_id': 1}
2025-07-08 15:01:11 - telegram_bot - INFO - Пользователь 453388874 (@Saint_Whirlwind) viewed test details. Данные: {'test_id': 1}
2025-07-08 15:01:40 - telegram_bot - INFO - Пользователь 453388874 (@Saint_Whirlwind) viewed test details. Данные: {'test_id': 1}
2025-07-08 15:01:43 - telegram_bot - INFO - Пользователь 453388874 (@Saint_Whirlwind) cancelled admin operation
2025-07-08 15:01:56 - telegram_bot - INFO - Пользователь 453388874 (@Saint_Whirlwind) auto authentication. Данные: {'role': 'Рекрутер', 'user_id': 2}
2025-07-08 15:01:56 - telegram_bot - INFO - Пользователь 453388874 (@Saint_Whirlwind) viewed mentors list
2025-07-08 15:02:02 - telegram_bot - INFO - Пользователь 453388874 (@Saint_Whirlwind) viewed trainees list
2025-07-08 15:07:13 - telegram_bot - INFO - Пользователь 7197129915 (@EFOR_Development_Department) started bot - not registered
2025-07-08 15:07:15 - telegram_bot - INFO - Пользователь 7197129915 (@EFOR_Development_Department) started registration
2025-07-08 15:07:31 - telegram_bot - INFO - Пользователь 7197129915 (@EFOR_Development_Department) provided full name. Данные: {'full_name': 'Стажёр Стажёрович'}
2025-07-08 15:07:44 - telegram_bot - INFO - Пользователь 7197129915 (@EFOR_Development_Department) provided phone manually. Данные: {'phone': '+79993332222'}
2025-07-08 15:07:56 - telegram_bot - INFO - Пользователь 7197129915 (@EFOR_Development_Department) completed registration. Данные: {'role': 'Стажер', 'full_name': 'Стажёр Стажёрович'}
2025-07-08 15:08:32 - telegram_bot - INFO - Пользователь 7197129915 (@EFOR_Development_Department) auto authentication. Данные: {'role': 'Стажер', 'user_id': 6}
2025-07-08 15:08:45 - telegram_bot - INFO - Пользователь 453388874 (@Saint_Whirlwind) started bot - already registered
2025-07-08 15:08:45 - telegram_bot - INFO - Пользователь 453388874 (@Saint_Whirlwind) successful login from start. Данные: {'role': 'Рекрутер', 'user_id': 2}
2025-07-08 15:10:47 - telegram_bot - INFO - Пользователь 453388874 (@Saint_Whirlwind) opened mentor assignment
2025-07-08 15:11:04 - telegram_bot - INFO - Наставник Сова - Сотрудник назначен стажеру Стажёр Стажёрович
2025-07-08 15:11:05 - telegram_bot - INFO - Пользователь 453388874 (@Saint_Whirlwind) assigned mentor. Данные: {'mentor_id': 5, 'trainee_id': 6}
2025-07-08 15:12:32 - telegram_bot - INFO - Пользователь 453388874 (@Saint_Whirlwind) auto authentication. Данные: {'role': 'Рекрутер', 'user_id': 2}
2025-07-08 15:12:32 - telegram_bot - INFO - Пользователь 453388874 (@Saint_Whirlwind) started test creation
2025-07-08 15:12:37 - telegram_bot - INFO - Пользователь 453388874 (@Saint_Whirlwind) viewed test details. Данные: {'test_id': 1}
2025-07-08 15:12:52 - telegram_bot - INFO - Пользователь 453388874 (@Saint_Whirlwind) viewed test details. Данные: {'test_id': 1}
2025-07-08 15:13:16 - telegram_bot - INFO - Пользователь 7118826824 (@SovaTechSales) viewed mentor trainees
2025-07-08 15:13:32 - telegram_bot - INFO - Пользователь 7118826824 (@SovaTechSales) viewed test details. Данные: {'test_id': 1}
2025-07-08 15:13:35 - telegram_bot - INFO - Уведомление о тесте 'Новый тест для ресторана' отправлено стажеру 7197129915
2025-07-08 15:13:36 - telegram_bot - INFO - Пользователь 7118826824 (@SovaTechSales) granted test access. Данные: {'test_id': 1, 'trainee_id': 6}
2025-07-08 15:14:00 - telegram_bot - INFO - Пользователь 7197129915 (@EFOR_Development_Department) viewed test details. Данные: {'test_id': 1}
2025-07-08 15:14:44 - telegram_bot - INFO - Пользователь 7118826824 (@SovaTechSales) granted test access. Данные: {'test_id': 1, 'trainee_id': 6}
2025-07-08 15:15:59 - telegram_bot - INFO - Пользователь 7197129915 (@EFOR_Development_Department) viewed test details. Данные: {'test_id': 1}
2025-07-08 16:19:30 - telegram_bot - INFO - Завершение работы...
2025-07-08 16:19:30 - telegram_bot - INFO - Бот остановлен
2025-07-08 16:19:30 - telegram_bot - INFO - Бот остановлен по прерыванию с клавиатуры
