2025-06-21 10:34:52 - telegram_bot - INFO - Проверка переменных окружения успешно пройдена
2025-06-21 10:34:52 - telegram_bot - INFO - Инициализация базы данных...
2025-06-21 10:34:52 - telegram_bot - INFO - Начальные данные успешно созданы
2025-06-21 10:34:52 - telegram_bot - INFO - Настройка команд бота...
2025-06-21 10:34:52 - telegram_bot - INFO - Запуск бота...
2025-06-21 10:35:01 - telegram_bot - INFO - Пользователь 913964240 (@a1ex_sav) started bot - not registered
2025-06-21 10:35:03 - telegram_bot - INFO - Пользователь 913964240 (@a1ex_sav) started registration
2025-06-21 10:35:16 - telegram_bot - INFO - Пользователь 913964240 (@a1ex_sav) provided full name. Данные: {'full_name': 'Савин Александр Андреевич'}
2025-06-21 10:35:21 - telegram_bot - INFO - Пользователь 913964240 (@a1ex_sav) provided phone manually. Данные: {'phone': '+79034005751'}
2025-06-21 10:35:28 - telegram_bot - INFO - Пользователь 913964240 (@a1ex_sav) completed registration. Данные: {'role': 'Рекрутер', 'full_name': 'Савин Александр Андреевич'}
2025-06-21 10:35:30 - telegram_bot - INFO - Пользователь 913964240 (@a1ex_sav) successful login. Данные: {'role': 'Рекрутер', 'user_id': 1}
2025-06-21 10:36:18 - telegram_bot - INFO - Пользователь 913964240 (@a1ex_sav) auto authentication. Данные: {'role': 'Рекрутер', 'user_id': 1}
2025-06-21 10:49:57 - telegram_bot - INFO - Пользователь 964700016 (@Lulianets) started bot - not registered
2025-06-21 10:50:06 - telegram_bot - INFO - Пользователь 964700016 (@Lulianets) started registration
2025-06-21 10:50:16 - telegram_bot - INFO - Пользователь 455663735 (@flaunty31) started bot - not registered
2025-06-21 10:50:18 - telegram_bot - INFO - Пользователь 455663735 (@flaunty31) started registration
2025-06-21 10:50:33 - telegram_bot - INFO - Пользователь 964700016 (@Lulianets) provided full name. Данные: {'full_name': 'Лукьянец Софья'}
2025-06-21 10:50:53 - telegram_bot - INFO - Пользователь 964700016 (@Lulianets) provided phone manually. Данные: {'phone': '+79999766977'}
2025-06-21 10:50:55 - telegram_bot - INFO - Пользователь 455663735 (@flaunty31) provided full name. Данные: {'full_name': 'Даня Калинин'}
2025-06-21 10:51:00 - telegram_bot - INFO - Пользователь 455663735 (@flaunty31) provided phone via contact. Данные: {'phone': '+79064546577'}
2025-06-21 10:51:02 - telegram_bot - INFO - Пользователь 964700016 (@Lulianets) completed registration. Данные: {'role': 'Сотрудник', 'full_name': 'Лукьянец Софья'}
2025-06-21 10:51:02 - telegram_bot - INFO - Пользователь 455663735 (@flaunty31) completed registration. Данные: {'role': 'Стажер', 'full_name': 'Даня Калинин'}
2025-06-21 10:51:05 - telegram_bot - INFO - Пользователь 455663735 (@flaunty31) successful login. Данные: {'role': 'Стажер', 'user_id': 3}
2025-06-21 10:51:09 - telegram_bot - INFO - Пользователь 455663735 (@flaunty31) auto authentication. Данные: {'role': 'Стажер', 'user_id': 3}
2025-06-21 10:51:19 - telegram_bot - INFO - Пользователь 964700016 (@Lulianets) successful login. Данные: {'role': 'Сотрудник', 'user_id': 2}
2025-06-21 10:51:39 - telegram_bot - INFO - Пользователь 913964240 (@a1ex_sav) opened mentor assignment
2025-06-21 10:52:10 - telegram_bot - INFO - Наставник Лукьянец Софья назначен стажеру Даня Калинин
2025-06-21 10:52:10 - telegram_bot - INFO - Пользователь 913964240 (@a1ex_sav) assigned mentor. Данные: {'mentor_id': 2, 'trainee_id': 3}
2025-06-21 10:52:29 - telegram_bot - INFO - Пользователь 913964240 (@a1ex_sav) auto authentication. Данные: {'role': 'Рекрутер', 'user_id': 1}
2025-06-21 10:52:30 - telegram_bot - INFO - Пользователь 913964240 (@a1ex_sav) viewed mentors list
2025-06-21 10:52:33 - telegram_bot - INFO - Пользователь 913964240 (@a1ex_sav) viewed trainees list
2025-06-21 10:52:55 - telegram_bot - INFO - Пользователь 913964240 (@a1ex_sav) viewed trainees list
2025-06-21 10:52:59 - telegram_bot - INFO - Пользователь 913964240 (@a1ex_sav) viewed mentors list
2025-06-21 10:53:51 - telegram_bot - INFO - Пользователь 455663735 (@flaunty31) successful login. Данные: {'role': 'Стажер', 'user_id': 3}
2025-06-21 10:53:54 - telegram_bot - INFO - Пользователь 455663735 (@flaunty31) auto authentication. Данные: {'role': 'Стажер', 'user_id': 3}
2025-06-21 10:53:54 - telegram_bot - INFO - Пользователь 455663735 (@flaunty31) viewed mentor info
2025-06-21 10:56:18 - telegram_bot - INFO - Завершение работы...
2025-06-21 10:56:18 - telegram_bot - INFO - Бот остановлен
2025-06-21 10:56:18 - telegram_bot - INFO - Бот остановлен по прерыванию с клавиатуры
2025-06-21 10:59:07 - telegram_bot - INFO - Проверка переменных окружения успешно пройдена
2025-06-21 10:59:07 - telegram_bot - INFO - Инициализация базы данных...
2025-06-21 10:59:07 - telegram_bot - INFO - Настройка команд бота...
2025-06-21 10:59:07 - telegram_bot - INFO - Запуск бота...
2025-06-21 10:59:35 - telegram_bot - INFO - Пользователь 913964240 (@a1ex_sav) started bot - already registered
2025-06-21 10:59:36 - telegram_bot - INFO - Пользователь 913964240 (@a1ex_sav) successful login from start. Данные: {'role': 'Рекрутер', 'user_id': 1}
2025-06-21 11:00:06 - telegram_bot - INFO - Пользователь 964700016 (@Lulianets) started bot - already registered
2025-06-21 11:00:06 - telegram_bot - INFO - Пользователь 964700016 (@Lulianets) successful login from start. Данные: {'role': 'Сотрудник', 'user_id': 2}
2025-06-21 11:00:08 - telegram_bot - INFO - Пользователь 913964240 (@a1ex_sav) viewed mentors list
2025-06-21 11:01:33 - telegram_bot - INFO - Завершение работы...
2025-06-21 11:01:33 - telegram_bot - INFO - Бот остановлен
2025-06-21 11:01:33 - telegram_bot - INFO - Бот остановлен по прерыванию с клавиатуры
2025-06-21 11:02:21 - telegram_bot - INFO - Проверка переменных окружения успешно пройдена
2025-06-21 11:02:21 - telegram_bot - INFO - Инициализация базы данных...
2025-06-21 11:02:21 - telegram_bot - INFO - Начальные данные успешно созданы
2025-06-21 11:02:21 - telegram_bot - INFO - Настройка команд бота...
2025-06-21 11:02:21 - telegram_bot - INFO - Запуск бота...
2025-06-21 11:02:38 - telegram_bot - INFO - Пользователь 964700016 (@Lulianets) started bot - not registered
2025-06-21 11:02:38 - telegram_bot - INFO - Пользователь 455663735 (@flaunty31) started registration
2025-06-21 11:02:41 - telegram_bot - INFO - Пользователь 964700016 (@Lulianets) started registration
2025-06-21 11:02:50 - telegram_bot - INFO - Пользователь 964700016 (@Lulianets) provided full name. Данные: {'full_name': 'Лукьянец Софья'}
2025-06-21 11:02:51 - telegram_bot - INFO - Пользователь 455663735 (@flaunty31) provided full name. Данные: {'full_name': 'Донжуан Калиспе'}
2025-06-21 11:02:54 - telegram_bot - INFO - Пользователь 455663735 (@flaunty31) provided phone via contact. Данные: {'phone': '+79064546577'}
2025-06-21 11:03:03 - telegram_bot - INFO - Пользователь 913964240 (@a1ex_sav) started bot - not registered
2025-06-21 11:03:03 - telegram_bot - INFO - Пользователь 964700016 (@Lulianets) provided phone manually. Данные: {'phone': '+79990677822'}
2025-06-21 11:03:04 - telegram_bot - INFO - Пользователь 913964240 (@a1ex_sav) started registration
2025-06-21 11:03:06 - telegram_bot - INFO - Пользователь 964700016 (@Lulianets) completed registration. Данные: {'role': 'Сотрудник', 'full_name': 'Лукьянец Софья'}
2025-06-21 11:03:10 - telegram_bot - INFO - Пользователь 964700016 (@Lulianets) successful login. Данные: {'role': 'Сотрудник', 'user_id': 1}
2025-06-21 11:03:15 - telegram_bot - INFO - Пользователь 455663735 (@flaunty31) completed registration. Данные: {'role': 'Стажер', 'full_name': 'Донжуан Калиспе'}
2025-06-21 11:03:16 - telegram_bot - INFO - Пользователь 913964240 (@a1ex_sav) provided full name. Данные: {'full_name': 'Савин Александр'}
2025-06-21 11:03:17 - telegram_bot - INFO - Пользователь 455663735 (@flaunty31) successful login. Данные: {'role': 'Стажер', 'user_id': 2}
2025-06-21 11:03:19 - telegram_bot - INFO - Пользователь 913964240 (@a1ex_sav) provided phone manually. Данные: {'phone': '+79034005751'}
2025-06-21 11:03:21 - telegram_bot - INFO - Пользователь 913964240 (@a1ex_sav) completed registration. Данные: {'role': 'Рекрутер', 'full_name': 'Савин Александр'}
2025-06-21 11:03:22 - telegram_bot - INFO - Пользователь 913964240 (@a1ex_sav) successful login. Данные: {'role': 'Рекрутер', 'user_id': 3}
2025-06-21 11:03:32 - telegram_bot - INFO - Пользователь 913964240 (@a1ex_sav) auto authentication. Данные: {'role': 'Рекрутер', 'user_id': 3}
2025-06-21 11:03:32 - telegram_bot - INFO - Пользователь 913964240 (@a1ex_sav) opened mentor assignment
2025-06-21 11:03:47 - telegram_bot - INFO - Наставник Лукьянец Софья назначен стажеру Донжуан Калиспе
2025-06-21 11:03:47 - telegram_bot - INFO - Пользователь 913964240 (@a1ex_sav) assigned mentor. Данные: {'mentor_id': 1, 'trainee_id': 2}
2025-06-21 11:04:17 - telegram_bot - INFO - Пользователь 964700016 (@Lulianets) auto authentication. Данные: {'role': 'Сотрудник', 'user_id': 1}
2025-06-21 11:04:17 - telegram_bot - INFO - Пользователь 964700016 (@Lulianets) viewed mentor trainees
2025-06-21 11:04:20 - telegram_bot - INFO - Пользователь 913964240 (@a1ex_sav) auto authentication. Данные: {'role': 'Рекрутер', 'user_id': 3}
2025-06-21 11:04:20 - telegram_bot - INFO - Пользователь 913964240 (@a1ex_sav) viewed trainees list
2025-06-21 11:04:53 - telegram_bot - INFO - Пользователь 913964240 (@a1ex_sav) viewed mentors list
2025-06-21 11:05:33 - telegram_bot - INFO - Пользователь 913964240 (@a1ex_sav) started test creation
2025-06-21 11:06:12 - telegram_bot - WARNING - Ссылка на материалы не содержит протокол: аа
2025-06-21 11:06:12 - telegram_bot - INFO - Тест 'Основы работы с клиентами' создан успешно (ID: 1)
2025-06-21 11:06:12 - telegram_bot - INFO - Пользователь 913964240 (@a1ex_sav) created test. Данные: {'test_id': 1, 'test_name': 'Основы работы с клиентами'}
2025-06-21 11:06:47 - telegram_bot - INFO - Пользователь 913964240 (@a1ex_sav) auto authentication. Данные: {'role': 'Рекрутер', 'user_id': 3}
2025-06-21 11:06:47 - telegram_bot - INFO - Пользователь 913964240 (@a1ex_sav) viewed tests list
2025-06-21 11:06:50 - telegram_bot - INFO - Пользователь 913964240 (@a1ex_sav) started test creation
2025-06-21 11:07:01 - telegram_bot - INFO - Тест 'Тест' создан успешно (ID: 2)
2025-06-21 11:07:01 - telegram_bot - INFO - Пользователь 913964240 (@a1ex_sav) created test. Данные: {'test_id': 2, 'test_name': 'Тест'}
2025-06-21 11:07:13 - telegram_bot - INFO - Пользователь 913964240 (@a1ex_sav) auto authentication. Данные: {'role': 'Рекрутер', 'user_id': 3}
2025-06-21 11:07:13 - telegram_bot - INFO - Пользователь 913964240 (@a1ex_sav) viewed tests list
2025-06-21 11:07:15 - telegram_bot - INFO - Пользователь 913964240 (@a1ex_sav) viewed test details. Данные: {'test_id': 1}
2025-06-21 11:07:19 - telegram_bot - INFO - Пользователь 913964240 (@a1ex_sav) viewed test details. Данные: {'test_id': 1}
2025-06-21 11:07:22 - telegram_bot - INFO - Пользователь 913964240 (@a1ex_sav) viewed test details. Данные: {'test_id': 1}
2025-06-21 11:07:29 - telegram_bot - INFO - Пользователь 913964240 (@a1ex_sav) cancelled admin operation
2025-06-21 11:07:37 - telegram_bot - INFO - Пользователь 913964240 (@a1ex_sav) auto authentication. Данные: {'role': 'Рекрутер', 'user_id': 3}
2025-06-21 11:07:44 - telegram_bot - INFO - Пользователь 913964240 (@a1ex_sav) viewed trainees list
2025-06-21 11:09:14 - telegram_bot - INFO - Пользователь 455663735 (@flaunty31) auto authentication. Данные: {'role': 'Стажер', 'user_id': 2}
2025-06-21 11:18:04 - telegram_bot - INFO - Завершение работы...
2025-06-21 11:18:04 - telegram_bot - INFO - Бот остановлен
2025-06-21 11:18:04 - telegram_bot - INFO - Бот остановлен по прерыванию с клавиатуры
2025-06-21 11:18:22 - telegram_bot - INFO - Проверка переменных окружения успешно пройдена
2025-06-21 11:18:22 - telegram_bot - INFO - Инициализация базы данных...
2025-06-21 11:18:22 - telegram_bot - INFO - Начальные данные успешно созданы
2025-06-21 11:18:22 - telegram_bot - INFO - Настройка команд бота...
2025-06-21 11:18:22 - telegram_bot - INFO - Запуск бота...
2025-06-21 11:18:42 - telegram_bot - INFO - Пользователь 455663735 (@flaunty31) started registration
2025-06-21 11:18:45 - telegram_bot - INFO - Пользователь 964700016 (@Lulianets) started bot - not registered
2025-06-21 11:18:48 - telegram_bot - INFO - Пользователь 964700016 (@Lulianets) started registration
2025-06-21 11:18:53 - telegram_bot - INFO - Пользователь 455663735 (@flaunty31) provided full name. Данные: {'full_name': 'Даня Калинин'}
2025-06-21 11:18:56 - telegram_bot - INFO - Пользователь 455663735 (@flaunty31) provided phone via contact. Данные: {'phone': '+79064546577'}
2025-06-21 11:18:57 - telegram_bot - INFO - Пользователь 455663735 (@flaunty31) completed registration. Данные: {'role': 'Стажер', 'full_name': 'Даня Калинин'}
2025-06-21 11:18:59 - telegram_bot - INFO - Пользователь 964700016 (@Lulianets) provided full name. Данные: {'full_name': 'Шарлота Бинкс'}
2025-06-21 11:18:59 - telegram_bot - INFO - Пользователь 455663735 (@flaunty31) successful login. Данные: {'role': 'Стажер', 'user_id': 1}
2025-06-21 11:18:59 - telegram_bot - INFO - Пользователь 913964240 (@a1ex_sav) started bot - not registered
2025-06-21 11:19:00 - telegram_bot - INFO - Пользователь 913964240 (@a1ex_sav) started registration
2025-06-21 11:19:04 - telegram_bot - INFO - Пользователь 455663735 (@flaunty31) auto authentication. Данные: {'role': 'Стажер', 'user_id': 1}
2025-06-21 11:19:11 - telegram_bot - INFO - Пользователь 913964240 (@a1ex_sav) provided full name. Данные: {'full_name': 'Савин Александр'}
2025-06-21 11:19:14 - telegram_bot - INFO - Пользователь 913964240 (@a1ex_sav) provided phone manually. Данные: {'phone': '+79034005751'}
2025-06-21 11:19:16 - telegram_bot - INFO - Пользователь 913964240 (@a1ex_sav) completed registration. Данные: {'role': 'Рекрутер', 'full_name': 'Савин Александр'}
2025-06-21 11:19:18 - telegram_bot - INFO - Пользователь 964700016 (@Lulianets) provided phone manually. Данные: {'phone': '+79990876745'}
2025-06-21 11:19:22 - telegram_bot - INFO - Пользователь 964700016 (@Lulianets) completed registration. Данные: {'role': 'Сотрудник', 'full_name': 'Шарлота Бинкс'}
2025-06-21 11:19:33 - telegram_bot - INFO - Пользователь 964700016 (@Lulianets) successful login. Данные: {'role': 'Сотрудник', 'user_id': 3}
2025-06-21 11:19:35 - telegram_bot - INFO - Пользователь 913964240 (@a1ex_sav) successful login. Данные: {'role': 'Рекрутер', 'user_id': 2}
2025-06-21 11:20:15 - telegram_bot - INFO - Пользователь 913964240 (@a1ex_sav) auto authentication. Данные: {'role': 'Рекрутер', 'user_id': 2}
2025-06-21 11:20:15 - telegram_bot - INFO - Пользователь 913964240 (@a1ex_sav) opened mentor assignment
2025-06-21 11:20:24 - telegram_bot - INFO - Наставник Шарлота Бинкс назначен стажеру Даня Калинин
2025-06-21 11:20:25 - telegram_bot - INFO - Пользователь 913964240 (@a1ex_sav) assigned mentor. Данные: {'mentor_id': 3, 'trainee_id': 1}
2025-06-21 11:20:31 - telegram_bot - INFO - Пользователь 913964240 (@a1ex_sav) auto authentication. Данные: {'role': 'Рекрутер', 'user_id': 2}
2025-06-21 11:20:31 - telegram_bot - INFO - Пользователь 913964240 (@a1ex_sav) viewed trainees list
2025-06-21 11:20:32 - telegram_bot - INFO - Пользователь 913964240 (@a1ex_sav) viewed mentors list
2025-06-21 11:20:40 - telegram_bot - INFO - Пользователь 913964240 (@a1ex_sav) started test creation
2025-06-21 11:21:09 - telegram_bot - INFO - Тест 'Работа с клиентами' создан успешно (ID: 1)
2025-06-21 11:21:09 - telegram_bot - INFO - Пользователь 913964240 (@a1ex_sav) created test. Данные: {'test_id': 1, 'test_name': 'Работа с клиентами', 'max_score': 100, 'threshold': 35}
2025-06-21 11:21:52 - telegram_bot - INFO - Пользователь 964700016 (@Lulianets) auto authentication. Данные: {'role': 'Сотрудник', 'user_id': 3}
2025-06-21 11:22:02 - telegram_bot - INFO - Пользователь 913964240 (@a1ex_sav) auto authentication. Данные: {'role': 'Рекрутер', 'user_id': 2}
2025-06-21 11:22:02 - telegram_bot - INFO - Пользователь 913964240 (@a1ex_sav) viewed tests list
2025-06-21 11:22:57 - telegram_bot - INFO - Пользователь 913964240 (@a1ex_sav) viewed tests list
2025-06-21 11:23:00 - telegram_bot - INFO - Пользователь 913964240 (@a1ex_sav) viewed test details. Данные: {'test_id': 1}
2025-06-21 11:23:11 - telegram_bot - INFO - Пользователь 913964240 (@a1ex_sav) started test creation
2025-06-21 11:23:13 - telegram_bot - INFO - Пользователь 913964240 (@a1ex_sav) viewed tests list
2025-06-21 11:23:14 - telegram_bot - INFO - Пользователь 913964240 (@a1ex_sav) cancelled admin operation
2025-06-21 11:23:16 - telegram_bot - INFO - Пользователь 913964240 (@a1ex_sav) auto authentication. Данные: {'role': 'Рекрутер', 'user_id': 2}
2025-06-21 11:23:17 - telegram_bot - INFO - Пользователь 913964240 (@a1ex_sav) viewed trainees list
2025-06-21 11:27:34 - telegram_bot - INFO - Проверка переменных окружения успешно пройдена
2025-06-21 11:27:34 - telegram_bot - INFO - Инициализация базы данных...
2025-06-21 11:27:34 - telegram_bot - INFO - Обновление прав доступа для ролей...
2025-06-21 11:27:34 - telegram_bot - INFO - Право create_tests удалено у роли 2
2025-06-21 11:27:34 - telegram_bot - INFO - Право edit_tests удалено у роли 2
2025-06-21 11:27:34 - telegram_bot - INFO - Удалены права create_tests и edit_tests у роли Сотрудник
2025-06-21 11:27:34 - telegram_bot - INFO - Обновление прав доступа завершено
2025-06-21 11:27:34 - telegram_bot - INFO - Настройка команд бота...
2025-06-21 11:27:35 - telegram_bot - INFO - Запуск бота...
2025-06-21 11:27:37 - telegram_bot - INFO - Завершение работы...
2025-06-21 11:27:37 - telegram_bot - INFO - Бот остановлен
2025-06-21 11:27:37 - telegram_bot - INFO - Бот остановлен по прерыванию с клавиатуры
2025-06-21 11:27:45 - telegram_bot - INFO - Завершение работы...
2025-06-21 11:27:45 - telegram_bot - INFO - Бот остановлен
2025-06-21 11:27:45 - telegram_bot - INFO - Бот остановлен по прерыванию с клавиатуры
2025-06-21 11:27:54 - telegram_bot - INFO - Проверка переменных окружения успешно пройдена
2025-06-21 11:27:54 - telegram_bot - INFO - Инициализация базы данных...
2025-06-21 11:27:55 - telegram_bot - INFO - Обновление прав доступа для ролей...
2025-06-21 11:27:55 - telegram_bot - INFO - Право create_tests удалено у роли 2
2025-06-21 11:27:55 - telegram_bot - INFO - Право edit_tests удалено у роли 2
2025-06-21 11:27:55 - telegram_bot - INFO - Удалены права create_tests и edit_tests у роли Сотрудник
2025-06-21 11:27:55 - telegram_bot - INFO - Обновление прав доступа завершено
2025-06-21 11:27:55 - telegram_bot - INFO - Настройка команд бота...
2025-06-21 11:27:55 - telegram_bot - INFO - Запуск бота...
2025-06-21 11:28:16 - telegram_bot - INFO - Пользователь 964700016 (@Lulianets) auto authentication. Данные: {'role': 'Сотрудник', 'user_id': 3}
2025-06-21 11:28:16 - telegram_bot - INFO - Пользователь 964700016 (@Lulianets) viewed tests list
2025-06-21 11:28:42 - telegram_bot - INFO - Пользователь 964700016 (@Lulianets) viewed test details. Данные: {'test_id': 1}
2025-06-21 11:28:58 - telegram_bot - INFO - Пользователь 964700016 (@Lulianets) granted test access. Данные: {'test_id': 1, 'trainee_id': 1}
2025-06-21 11:29:37 - telegram_bot - INFO - Пользователь 455663735 (@flaunty31) auto authentication. Данные: {'role': 'Стажер', 'user_id': 1}
2025-06-21 11:29:38 - telegram_bot - INFO - Пользователь 455663735 (@flaunty31) opened test taking
2025-06-21 11:30:23 - telegram_bot - INFO - Пользователь 455663735 (@flaunty31) selected test for taking. Данные: {'test_id': 1}
2025-06-21 11:33:02 - telegram_bot - INFO - Пользователь 964700016 (@Lulianets) viewed mentor trainees
2025-06-21 11:33:08 - telegram_bot - INFO - Пользователь 964700016 (@Lulianets) viewed tests list
2025-06-21 11:37:52 - telegram_bot - INFO - Пользователь 913964240 (@a1ex_sav) auto authentication. Данные: {'role': 'Рекрутер', 'user_id': 2}
2025-06-21 18:07:28 - telegram_bot - INFO - Завершение работы...
2025-06-21 18:07:28 - telegram_bot - INFO - Бот остановлен
2025-06-21 18:07:28 - telegram_bot - INFO - Бот остановлен по прерыванию с клавиатуры
2025-06-21 18:07:49 - telegram_bot - INFO - Проверка переменных окружения успешно пройдена
2025-06-21 18:07:49 - telegram_bot - INFO - Инициализация базы данных...
2025-06-21 18:07:50 - telegram_bot - INFO - Начальные данные успешно созданы
2025-06-21 18:07:50 - telegram_bot - INFO - Обновление прав доступа для ролей...
2025-06-21 18:07:50 - telegram_bot - INFO - Право create_tests удалено у роли 2
2025-06-21 18:07:50 - telegram_bot - INFO - Право edit_tests удалено у роли 2
2025-06-21 18:07:50 - telegram_bot - INFO - Удалены права create_tests и edit_tests у роли Сотрудник
2025-06-21 18:07:50 - telegram_bot - INFO - Обновление прав доступа завершено
2025-06-21 18:07:50 - telegram_bot - INFO - Настройка команд бота...
2025-06-21 18:07:50 - telegram_bot - INFO - Запуск бота...
2025-06-21 18:07:59 - telegram_bot - INFO - Завершение работы...
2025-06-21 18:07:59 - telegram_bot - INFO - Бот остановлен
2025-06-21 18:07:59 - telegram_bot - INFO - Бот остановлен по прерыванию с клавиатуры
2025-06-21 18:08:42 - telegram_bot - INFO - Проверка переменных окружения успешно пройдена
2025-06-21 18:08:42 - telegram_bot - INFO - Инициализация базы данных...
2025-06-21 18:08:42 - telegram_bot - INFO - Обновление прав доступа для ролей...
2025-06-21 18:08:42 - telegram_bot - INFO - Право create_tests удалено у роли 2
2025-06-21 18:08:42 - telegram_bot - INFO - Право edit_tests удалено у роли 2
2025-06-21 18:08:42 - telegram_bot - INFO - Удалены права create_tests и edit_tests у роли Сотрудник
2025-06-21 18:08:42 - telegram_bot - INFO - Обновление прав доступа завершено
2025-06-21 18:08:42 - telegram_bot - INFO - Настройка команд бота...
2025-06-21 18:08:42 - telegram_bot - INFO - Запуск бота...
2025-06-21 18:08:49 - telegram_bot - INFO - Пользователь 913964240 (@a1ex_sav) started bot - not registered
2025-06-21 18:08:50 - telegram_bot - INFO - Пользователь 913964240 (@a1ex_sav) started registration
2025-06-21 18:09:06 - telegram_bot - INFO - Пользователь 453388874 (@Saint_Whirlwind) started bot - not registered
2025-06-21 18:09:08 - telegram_bot - INFO - Пользователь 913964240 (@a1ex_sav) provided full name. Данные: {'full_name': 'Савин Александр'}
2025-06-21 18:09:11 - telegram_bot - INFO - Пользователь 453388874 (@Saint_Whirlwind) started registration
2025-06-21 18:09:12 - telegram_bot - INFO - Пользователь 913964240 (@a1ex_sav) provided phone manually. Данные: {'phone': '+79034005751'}
2025-06-21 18:09:14 - telegram_bot - INFO - Пользователь 913964240 (@a1ex_sav) completed registration. Данные: {'role': 'Стажер', 'full_name': 'Савин Александр'}
2025-06-21 18:09:16 - telegram_bot - INFO - Пользователь 913964240 (@a1ex_sav) successful login. Данные: {'role': 'Стажер', 'user_id': 1}
2025-06-21 18:09:19 - telegram_bot - INFO - Пользователь 913964240 (@a1ex_sav) auto authentication. Данные: {'role': 'Стажер', 'user_id': 1}
2025-06-21 18:09:20 - telegram_bot - INFO - Пользователь 453388874 (@Saint_Whirlwind) provided full name. Данные: {'full_name': 'Глеб - Наставник'}
2025-06-21 18:09:41 - telegram_bot - INFO - Пользователь 453388874 (@Saint_Whirlwind) provided phone manually. Данные: {'phone': '+79991112233'}
2025-06-21 18:09:44 - telegram_bot - INFO - Пользователь 453388874 (@Saint_Whirlwind) completed registration. Данные: {'role': 'Сотрудник', 'full_name': 'Глеб - Наставник'}
2025-06-21 18:09:47 - telegram_bot - INFO - Пользователь 453388874 (@Saint_Whirlwind) successful login. Данные: {'role': 'Сотрудник', 'user_id': 2}
2025-06-21 18:10:27 - telegram_bot - ERROR - Ошибка получения пользователя по tg_id 7118826824: (sqlalchemy.dialects.postgresql.asyncpg.Error) <class 'asyncpg.exceptions.DataError'>: invalid input for query argument $1: 7118826824 (value out of int32 range)
[SQL: SELECT users.id, users.tg_id, users.username, users.full_name, users.phone_number, users.registration_date, users.is_active 
FROM users 
WHERE users.tg_id = $1::INTEGER]
[parameters: (7118826824,)]
(Background on this error at: https://sqlalche.me/e/20/dbapi)
2025-06-21 18:10:27 - telegram_bot - INFO - Пользователь 7118826824 (@SovaTechSales) started bot - not registered
2025-06-21 18:10:33 - telegram_bot - ERROR - Ошибка получения пользователя по tg_id 7118826824: (sqlalchemy.dialects.postgresql.asyncpg.Error) <class 'asyncpg.exceptions.DataError'>: invalid input for query argument $1: 7118826824 (value out of int32 range)
[SQL: SELECT users.id, users.tg_id, users.username, users.full_name, users.phone_number, users.registration_date, users.is_active 
FROM users 
WHERE users.tg_id = $1::INTEGER]
[parameters: (7118826824,)]
(Background on this error at: https://sqlalche.me/e/20/dbapi)
2025-06-21 18:10:33 - telegram_bot - INFO - Пользователь 7118826824 (@SovaTechSales) started registration
2025-06-21 18:10:39 - telegram_bot - INFO - Пользователь 7118826824 (@SovaTechSales) provided full name. Данные: {'full_name': 'Сова - Рекрутер'}
2025-06-21 18:10:45 - telegram_bot - INFO - Пользователь 7118826824 (@SovaTechSales) provided phone manually. Данные: {'phone': '+79998887766'}
2025-06-21 18:10:47 - telegram_bot - ERROR - Ошибка создания пользователя: (sqlalchemy.dialects.postgresql.asyncpg.Error) <class 'asyncpg.exceptions.DataError'>: invalid input for query argument $1: 7118826824 (value out of int32 range)
[SQL: INSERT INTO users (tg_id, username, full_name, phone_number, registration_date, is_active) VALUES ($1::INTEGER, $2::VARCHAR, $3::VARCHAR, $4::VARCHAR, $5::TIMESTAMP WITHOUT TIME ZONE, $6::BOOLEAN) RETURNING users.id]
[parameters: (7118826824, 'SovaTechSales', 'Сова - Рекрутер', '+79998887766', datetime.datetime(2025, 6, 21, 18, 10, 47, 404288), True)]
(Background on this error at: https://sqlalche.me/e/20/dbapi)
2025-06-21 18:10:47 - telegram_bot - ERROR - Пользователь 7118826824 (@SovaTechSales) ошибка: registration error. Исключение: (sqlalchemy.dialects.postgresql.asyncpg.Error) <class 'asyncpg.exceptions.DataError'>: invalid input for query argument $1: 7118826824 (value out of int32 range)
[SQL: INSERT INTO users (tg_id, username, full_name, phone_number, registration_date, is_active) VALUES ($1::INTEGER, $2::VARCHAR, $3::VARCHAR, $4::VARCHAR, $5::TIMESTAMP WITHOUT TIME ZONE, $6::BOOLEAN) RETURNING users.id]
[parameters: (7118826824, 'SovaTechSales', 'Сова - Рекрутер', '+79998887766', datetime.datetime(2025, 6, 21, 18, 10, 47, 404288), True)]
(Background on this error at: https://sqlalche.me/e/20/dbapi)
2025-06-21 18:11:00 - telegram_bot - ERROR - Ошибка получения пользователя по tg_id 7118826824: (sqlalchemy.dialects.postgresql.asyncpg.Error) <class 'asyncpg.exceptions.DataError'>: invalid input for query argument $1: 7118826824 (value out of int32 range)
[SQL: SELECT users.id, users.tg_id, users.username, users.full_name, users.phone_number, users.registration_date, users.is_active 
FROM users 
WHERE users.tg_id = $1::INTEGER]
[parameters: (7118826824,)]
(Background on this error at: https://sqlalche.me/e/20/dbapi)
2025-06-21 18:11:00 - telegram_bot - INFO - Пользователь 7118826824 (@SovaTechSales) started registration
2025-06-21 18:11:05 - telegram_bot - INFO - Пользователь 7118826824 (@SovaTechSales) provided full name. Данные: {'full_name': 'Сова - Рекрутер'}
2025-06-21 18:11:13 - telegram_bot - INFO - Пользователь 7118826824 (@SovaTechSales) provided phone manually. Данные: {'phone': '+79891988598'}
2025-06-21 18:11:19 - telegram_bot - ERROR - Ошибка создания пользователя: (sqlalchemy.dialects.postgresql.asyncpg.Error) <class 'asyncpg.exceptions.DataError'>: invalid input for query argument $1: 7118826824 (value out of int32 range)
[SQL: INSERT INTO users (tg_id, username, full_name, phone_number, registration_date, is_active) VALUES ($1::INTEGER, $2::VARCHAR, $3::VARCHAR, $4::VARCHAR, $5::TIMESTAMP WITHOUT TIME ZONE, $6::BOOLEAN) RETURNING users.id]
[parameters: (7118826824, 'SovaTechSales', 'Сова - Рекрутер', '+79891988598', datetime.datetime(2025, 6, 21, 18, 11, 19, 516242), True)]
(Background on this error at: https://sqlalche.me/e/20/dbapi)
2025-06-21 18:11:19 - telegram_bot - ERROR - Пользователь 7118826824 (@SovaTechSales) ошибка: registration error. Исключение: (sqlalchemy.dialects.postgresql.asyncpg.Error) <class 'asyncpg.exceptions.DataError'>: invalid input for query argument $1: 7118826824 (value out of int32 range)
[SQL: INSERT INTO users (tg_id, username, full_name, phone_number, registration_date, is_active) VALUES ($1::INTEGER, $2::VARCHAR, $3::VARCHAR, $4::VARCHAR, $5::TIMESTAMP WITHOUT TIME ZONE, $6::BOOLEAN) RETURNING users.id]
[parameters: (7118826824, 'SovaTechSales', 'Сова - Рекрутер', '+79891988598', datetime.datetime(2025, 6, 21, 18, 11, 19, 516242), True)]
(Background on this error at: https://sqlalche.me/e/20/dbapi)
2025-06-21 18:11:33 - telegram_bot - INFO - Пользователь 453388874 (@Saint_Whirlwind) auto authentication. Данные: {'role': 'Сотрудник', 'user_id': 2}
2025-06-21 18:12:39 - telegram_bot - ERROR - Ошибка получения пользователя по tg_id 7118826824: (sqlalchemy.dialects.postgresql.asyncpg.Error) <class 'asyncpg.exceptions.DataError'>: invalid input for query argument $1: 7118826824 (value out of int32 range)
[SQL: SELECT users.id, users.tg_id, users.username, users.full_name, users.phone_number, users.registration_date, users.is_active 
FROM users 
WHERE users.tg_id = $1::INTEGER]
[parameters: (7118826824,)]
(Background on this error at: https://sqlalche.me/e/20/dbapi)
2025-06-21 18:12:39 - telegram_bot - INFO - Пользователь 7118826824 (@SovaTechSales) started bot - not registered
2025-06-21 18:12:50 - telegram_bot - ERROR - Ошибка получения пользователя по tg_id 7118826824: (sqlalchemy.dialects.postgresql.asyncpg.Error) <class 'asyncpg.exceptions.DataError'>: invalid input for query argument $1: 7118826824 (value out of int32 range)
[SQL: SELECT users.id, users.tg_id, users.username, users.full_name, users.phone_number, users.registration_date, users.is_active 
FROM users 
WHERE users.tg_id = $1::INTEGER]
[parameters: (7118826824,)]
(Background on this error at: https://sqlalche.me/e/20/dbapi)
2025-06-21 18:12:50 - telegram_bot - INFO - Пользователь 7118826824 (@SovaTechSales) started registration
2025-06-21 18:13:36 - telegram_bot - INFO - Завершение работы...
2025-06-21 18:13:36 - telegram_bot - INFO - Бот остановлен
2025-06-21 18:13:36 - telegram_bot - INFO - Бот остановлен по прерыванию с клавиатуры
2025-06-21 18:13:54 - telegram_bot - INFO - Проверка переменных окружения успешно пройдена
2025-06-21 18:13:54 - telegram_bot - INFO - Инициализация базы данных...
2025-06-21 18:13:54 - telegram_bot - INFO - Начальные данные успешно созданы
2025-06-21 18:13:54 - telegram_bot - INFO - Обновление прав доступа для ролей...
2025-06-21 18:13:54 - telegram_bot - INFO - Право create_tests удалено у роли 2
2025-06-21 18:13:54 - telegram_bot - INFO - Право edit_tests удалено у роли 2
2025-06-21 18:13:54 - telegram_bot - INFO - Удалены права create_tests и edit_tests у роли Сотрудник
2025-06-21 18:13:54 - telegram_bot - INFO - Обновление прав доступа завершено
2025-06-21 18:13:54 - telegram_bot - INFO - Настройка команд бота...
2025-06-21 18:13:54 - telegram_bot - INFO - Запуск бота...
2025-06-21 18:14:05 - telegram_bot - INFO - Пользователь 7118826824 (@SovaTechSales) started bot - not registered
2025-06-21 18:14:09 - telegram_bot - INFO - Пользователь 7118826824 (@SovaTechSales) started registration
2025-06-21 18:14:17 - telegram_bot - INFO - Пользователь 7118826824 (@SovaTechSales) provided full name. Данные: {'full_name': 'Sova - Рекрутер'}
2025-06-21 18:14:22 - telegram_bot - INFO - Пользователь 7118826824 (@SovaTechSales) provided phone manually. Данные: {'phone': '+79891988598'}
2025-06-21 18:14:24 - telegram_bot - INFO - Пользователь 7118826824 (@SovaTechSales) completed registration. Данные: {'role': 'Рекрутер', 'full_name': 'Sova - Рекрутер'}
2025-06-21 18:14:26 - telegram_bot - INFO - Пользователь 7118826824 (@SovaTechSales) successful login. Данные: {'role': 'Рекрутер', 'user_id': 1}
2025-06-21 18:14:49 - telegram_bot - INFO - Пользователь 913964240 (@a1ex_sav) started bot - not registered
2025-06-21 18:14:50 - telegram_bot - INFO - Пользователь 913964240 (@a1ex_sav) started registration
2025-06-21 18:14:55 - telegram_bot - INFO - Пользователь 913964240 (@a1ex_sav) provided full name. Данные: {'full_name': 'Савин Александр'}
2025-06-21 18:15:00 - telegram_bot - INFO - Пользователь 913964240 (@a1ex_sav) provided phone manually. Данные: {'phone': '+79034005751'}
2025-06-21 18:15:02 - telegram_bot - INFO - Пользователь 913964240 (@a1ex_sav) completed registration. Данные: {'role': 'Стажер', 'full_name': 'Савин Александр'}
2025-06-21 18:15:04 - telegram_bot - INFO - Пользователь 913964240 (@a1ex_sav) successful login. Данные: {'role': 'Стажер', 'user_id': 2}
2025-06-21 18:16:19 - telegram_bot - INFO - Пользователь 7118826824 (@SovaTechSales) auto authentication. Данные: {'role': 'Рекрутер', 'user_id': 1}
2025-06-21 18:16:19 - telegram_bot - INFO - Пользователь 7118826824 (@SovaTechSales) opened mentor assignment
2025-06-21 18:16:55 - telegram_bot - INFO - Пользователь 453388874 (@Saint_Whirlwind) started bot - not registered
2025-06-21 18:16:58 - telegram_bot - INFO - Пользователь 453388874 (@Saint_Whirlwind) started registration
2025-06-21 18:17:04 - telegram_bot - INFO - Пользователь 453388874 (@Saint_Whirlwind) provided full name. Данные: {'full_name': 'Глеб - Наставник'}
2025-06-21 18:17:13 - telegram_bot - INFO - Пользователь 453388874 (@Saint_Whirlwind) provided phone manually. Данные: {'phone': '+79991112233'}
2025-06-21 18:17:15 - telegram_bot - INFO - Пользователь 453388874 (@Saint_Whirlwind) completed registration. Данные: {'role': 'Сотрудник', 'full_name': 'Глеб - Наставник'}
2025-06-21 18:17:17 - telegram_bot - INFO - Пользователь 453388874 (@Saint_Whirlwind) successful login. Данные: {'role': 'Сотрудник', 'user_id': 3}
2025-06-21 18:17:35 - telegram_bot - INFO - Пользователь 7118826824 (@SovaTechSales) opened mentor assignment
2025-06-21 18:18:14 - telegram_bot - INFO - Наставник Глеб - Наставник назначен стажеру Савин Александр
2025-06-21 18:18:14 - telegram_bot - INFO - Пользователь 7118826824 (@SovaTechSales) assigned mentor. Данные: {'mentor_id': 3, 'trainee_id': 2}
2025-06-21 18:18:38 - telegram_bot - INFO - Пользователь 7118826824 (@SovaTechSales) auto authentication. Данные: {'role': 'Рекрутер', 'user_id': 1}
2025-06-21 18:18:38 - telegram_bot - INFO - Пользователь 7118826824 (@SovaTechSales) started test creation
2025-06-21 18:28:02 - telegram_bot - INFO - Тест 'Основы работы с клиентами' создан успешно (ID: 1)
2025-06-21 18:28:02 - telegram_bot - INFO - Пользователь 7118826824 (@SovaTechSales) created test. Данные: {'test_id': 1, 'test_name': 'Основы работы с клиентами', 'max_score': 6, 'threshold': 3}
2025-06-21 18:29:30 - telegram_bot - INFO - Пользователь 7118826824 (@SovaTechSales) auto authentication. Данные: {'role': 'Рекрутер', 'user_id': 1}
2025-06-21 18:29:30 - telegram_bot - INFO - Пользователь 7118826824 (@SovaTechSales) viewed tests list
2025-06-21 18:29:38 - telegram_bot - INFO - Пользователь 7118826824 (@SovaTechSales) viewed test details. Данные: {'test_id': 1}
2025-06-21 18:30:01 - telegram_bot - INFO - Пользователь 7118826824 (@SovaTechSales) viewed test details. Данные: {'test_id': 1}
2025-06-21 18:30:24 - telegram_bot - INFO - Пользователь 7118826824 (@SovaTechSales) viewed test details. Данные: {'test_id': 1}
2025-06-21 18:30:30 - telegram_bot - INFO - Пользователь 7118826824 (@SovaTechSales) viewed test details. Данные: {'test_id': 1}
2025-06-21 18:30:32 - telegram_bot - INFO - Пользователь 7118826824 (@SovaTechSales) deleted test. Данные: {'test_id': 1, 'test_name': 'Основы работы с клиентами'}
2025-06-21 18:30:42 - telegram_bot - INFO - Пользователь 7118826824 (@SovaTechSales) viewed mentors list
2025-06-21 18:30:46 - telegram_bot - INFO - Пользователь 7118826824 (@SovaTechSales) viewed trainees list
2025-06-21 18:31:08 - telegram_bot - INFO - Пользователь 7118826824 (@SovaTechSales) started test creation
2025-06-21 18:31:43 - telegram_bot - INFO - Тест 'Техника безопасности' создан успешно (ID: 2)
2025-06-21 18:31:43 - telegram_bot - INFO - Пользователь 7118826824 (@SovaTechSales) created test. Данные: {'test_id': 2, 'test_name': 'Техника безопасности', 'max_score': 10, 'threshold': 5}
2025-06-21 18:32:54 - telegram_bot - INFO - Пользователь 913964240 (@a1ex_sav) auto authentication. Данные: {'role': 'Стажер', 'user_id': 2}
2025-06-21 18:32:59 - telegram_bot - INFO - Пользователь 913964240 (@a1ex_sav) viewed mentor info
2025-06-21 18:33:18 - telegram_bot - INFO - Пользователь 453388874 (@Saint_Whirlwind) auto authentication. Данные: {'role': 'Сотрудник', 'user_id': 3}
2025-06-21 18:33:18 - telegram_bot - INFO - Пользователь 453388874 (@Saint_Whirlwind) viewed mentor trainees
2025-06-21 18:33:28 - telegram_bot - INFO - Пользователь 453388874 (@Saint_Whirlwind) viewed tests list
2025-06-21 18:33:31 - telegram_bot - INFO - Пользователь 453388874 (@Saint_Whirlwind) viewed test details. Данные: {'test_id': 2}
2025-06-21 18:33:36 - telegram_bot - INFO - Пользователь 453388874 (@Saint_Whirlwind) granted test access. Данные: {'test_id': 2, 'trainee_id': 2}
2025-06-21 18:33:41 - telegram_bot - INFO - Пользователь 453388874 (@Saint_Whirlwind) viewed mentor trainees
2025-06-21 18:33:44 - telegram_bot - INFO - Пользователь 913964240 (@a1ex_sav) opened test taking
2025-06-21 18:33:51 - telegram_bot - INFO - Пользователь 913964240 (@a1ex_sav) selected test for taking. Данные: {'test_id': 2}
2025-06-21 18:33:59 - telegram_bot - INFO - Пользователь 913964240 (@a1ex_sav) viewed test materials. Данные: {'test_id': 2}
2025-06-21 18:34:58 - telegram_bot - INFO - Пользователь 913964240 (@a1ex_sav) selected test for taking. Данные: {'test_id': 2}
2025-06-21 18:35:07 - telegram_bot - INFO - Пользователь 913964240 (@a1ex_sav) cancelled admin operation
2025-06-21 18:35:11 - telegram_bot - INFO - Пользователь 913964240 (@a1ex_sav) auto authentication. Данные: {'role': 'Стажер', 'user_id': 2}
2025-06-21 18:35:11 - telegram_bot - INFO - Пользователь 913964240 (@a1ex_sav) viewed mentor info
2025-06-22 08:47:18 - telegram_bot - INFO - Пользователь 427648608 (@GolovkoAndrey) started bot - not registered
2025-06-22 08:47:25 - telegram_bot - INFO - Пользователь 427648608 (@GolovkoAndrey) started registration
